Log file open, 11/21/19 19:04:28
LogWindows: Failed to load 'aqProf.dll' (GetLastError=126)
LogWindows: File 'aqProf.dll' does not exist
LogWindows: Failed to load 'VtuneApi.dll' (GetLastError=126)
LogWindows: File 'VtuneApi.dll' does not exist
LogWindows: Failed to load 'VtuneApi32e.dll' (GetLastError=126)
LogWindows: File 'VtuneApi32e.dll' does not exist
LogConsoleResponse: Display: Failed to find resolution value strings in scalability ini. Falling back to default.
LogInit: Display: Running engine for game: PGV_spline
LogPlatformFile: Not using cached read wrapper
LogTaskGraph: Started task graph with 5 named threads and 20 total threads with 3 sets of task threads.
LogStats: Stats thread started at 0.075133
LogD3D11RHI: Loaded GFSDK_Aftermath_Lib.x64.dll
LogICUInternationalization: ICU TimeZone Detection - Raw Offset: +1:00, Platform Override: ''
LogPluginManager: Mounting plugin Paper2D
LogPluginManager: Mounting plugin AISupport
LogPluginManager: Mounting plugin LightPropagationVolume
LogPluginManager: Mounting plugin ActorLayerUtilities
LogPluginManager: Mounting plugin AnimationSharing
LogPluginManager: Mounting plugin CLionSourceCodeAccess
LogPluginManager: Mounting plugin CodeLiteSourceCodeAccess
LogPluginManager: Mounting plugin GitSourceControl
LogPluginManager: Mounting plugin KDevelopSourceCodeAccess
LogPluginManager: Mounting plugin NullSourceCodeAccess
LogPluginManager: Mounting plugin PerforceSourceControl
LogPluginManager: Mounting plugin SubversionSourceControl
LogPluginManager: Mounting plugin UObjectPlugin
LogPluginManager: Mounting plugin VisualStudioCodeSourceCodeAccess
LogPluginManager: Mounting plugin VisualStudioSourceCodeAccess
LogPluginManager: Mounting plugin XCodeSourceCodeAccess
LogPluginManager: Mounting plugin AssetManagerEditor
LogPluginManager: Mounting plugin CryptoKeys
LogPluginManager: Mounting plugin CurveEditorTools
LogPluginManager: Mounting plugin DataValidation
LogPluginManager: Mounting plugin FacialAnimation
LogPluginManager: Mounting plugin GameplayTagsEditor
LogPluginManager: Mounting plugin MacGraphicsSwitching
LogPluginManager: Mounting plugin MaterialAnalyzer
LogPluginManager: Mounting plugin MobileLauncherProfileWizard
LogPluginManager: Mounting plugin PluginBrowser
LogPluginManager: Mounting plugin SpeedTreeImporter
LogPluginManager: Mounting plugin DatasmithContent
LogPluginManager: Mounting plugin VariantManagerContent
LogPluginManager: Mounting plugin AlembicImporter
LogPluginManager: Mounting plugin AutomationUtils
LogPluginManager: Mounting plugin BackChannel
LogPluginManager: Mounting plugin CharacterAI
LogPluginManager: Mounting plugin GeometryCache
LogPluginManager: Mounting plugin HTML5Networking
LogPluginManager: Mounting plugin PlatformCrypto
LogPluginManager: Mounting plugin ProxyLODPlugin
LogPluginManager: Mounting plugin SkeletalReduction
LogPluginManager: Mounting plugin MagicLeap
LogPluginManager: Mounting plugin MagicLeapMedia
LogPluginManager: Mounting plugin AndroidMedia
LogPluginManager: Mounting plugin AvfMedia
LogPluginManager: Mounting plugin ImgMedia
LogPluginManager: Mounting plugin MediaCompositing
LogPluginManager: Mounting plugin MediaPlayerEditor
LogPluginManager: Mounting plugin WebMMedia
LogPluginManager: Mounting plugin WmfMedia
LogPluginManager: Mounting plugin TcpMessaging
LogPluginManager: Mounting plugin UdpMessaging
LogPluginManager: Mounting plugin ActorSequence
LogPluginManager: Mounting plugin LevelSequenceEditor
LogPluginManager: Mounting plugin MatineeToLevelSequence
LogPluginManager: Mounting plugin NetcodeUnitTest
LogPluginManager: Mounting plugin NUTUnrealEngine4
LogPluginManager: Mounting plugin OnlineSubsystemGooglePlay
LogPluginManager: Mounting plugin OnlineSubsystemIOS
LogPluginManager: Mounting plugin OnlineSubsystem
LogPluginManager: Mounting plugin OnlineSubsystemNull
LogPluginManager: Mounting plugin OnlineSubsystemUtils
LogPluginManager: Mounting plugin LauncherChunkInstaller
LogPluginManager: Mounting plugin AndroidDeviceProfileSelector
LogPluginManager: Mounting plugin AndroidMoviePlayer
LogPluginManager: Mounting plugin AndroidPermission
LogPluginManager: Mounting plugin AppleImageUtils
LogPluginManager: Mounting plugin AppleMoviePlayer
LogPluginManager: Mounting plugin ArchVisCharacter
LogPluginManager: Mounting plugin AudioCapture
LogPluginManager: Mounting plugin CableComponent
LogPluginManager: Mounting plugin CustomMeshComponent
LogPluginManager: Mounting plugin EditableMesh
LogPluginManager: Mounting plugin ExampleDeviceProfileSelector
LogPluginManager: Mounting plugin GoogleCloudMessaging
LogPluginManager: Mounting plugin IOSDeviceProfileSelector
LogPluginManager: Mounting plugin LinuxDeviceProfileSelector
LogPluginManager: Mounting plugin LocationServicesBPLibrary
LogPluginManager: Mounting plugin MobilePatchingUtils
LogPluginManager: Mounting plugin OculusVR
LogPluginManager: Mounting plugin PhysXVehicles
LogPluginManager: Mounting plugin ProceduralMeshComponent
LogPluginManager: Mounting plugin RuntimePhysXCooking
LogPluginManager: Mounting plugin SignificanceManager
LogPluginManager: Mounting plugin SteamVR
LogPluginManager: Mounting plugin WebMMoviePlayer
LogPluginManager: Mounting plugin WindowsMoviePlayer
LogPluginManager: Mounting plugin ScreenshotTools
LogInit: Using libcurl 7.55.1-DEV
LogInit:  - built for x86_64-pc-win32
LogInit:  - supports SSL with OpenSSL/1.1.1
LogInit:  - supports HTTP deflate (compression) using libz 1.2.8
LogInit:  - other features:
LogInit:      CURL_VERSION_SSL
LogInit:      CURL_VERSION_LIBZ
LogInit:      CURL_VERSION_IPV6
LogInit:      CURL_VERSION_ASYNCHDNS
LogInit:      CURL_VERSION_LARGEFILE
LogInit:      CURL_VERSION_IDN
LogInit:  CurlRequestOptions (configurable via config and command line):
LogInit:  - bVerifyPeer = true  - Libcurl will verify peer certificate
LogInit:  - bUseHttpProxy = false  - Libcurl will NOT use HTTP proxy
LogInit:  - bDontReuseConnections = false  - Libcurl will reuse connections
LogInit:  - MaxHostConnections = 16  - Libcurl will limit the number of connections to a host
LogInit:  - LocalHostAddr = Default
LogInit:  - BufferSize = 65536
LogOnline: OSS: Creating online subsystem instance for: NULL
LogInit: WinSock: version 1.1 (2.2), MaxSocks=32767, MaxUdp=65467
LogInit: Build: ++UE4+Release-4.23-CL-9631420
LogInit: Engine Version: 4.23.1-9631420+++UE4+Release-4.23
LogInit: Compatible Engine Version: 4.23.0-8386587+++UE4+Release-4.23
LogInit: Net CL: 8386587
LogInit: OS: Windows 10 (Release 1903) (), CPU: Intel(R) Core(TM) i5-8500 CPU @ 3.00GHz, GPU: NVIDIA GeForce GTX 1060 6GB
LogInit: Compiled (64-bit): Oct 18 2019 02:07:44
LogInit: Compiled with Visual C++: 19.16.27030.01
LogInit: Build Configuration: Development
LogInit: Branch Name: ++UE4+Release-4.23
LogInit: Command Line: 
LogInit: Base Directory: C:/Program Files/Epic Games/UE_4.23/Engine/Binaries/Win64/
LogInit: Installed Engine Build: 1
LogDevObjectVersion: Number of dev versions registered: 23
LogDevObjectVersion:   Dev-Blueprints (B0D832E4-1F89-4F0D-ACCF-7EB736FD4AA2): 10
LogDevObjectVersion:   Dev-Build (E1C64328-A22C-4D53-A36C-8E866417BD8C): 0
LogDevObjectVersion:   Dev-Core (375EC13C-06E4-48FB-B500-84F0262A717E): 3
LogDevObjectVersion:   Dev-Editor (E4B068ED-F494-42E9-A231-DA0B2E46BB41): 34
LogDevObjectVersion:   Dev-Framework (CFFC743F-43B0-4480-9391-14DF171D2073): 35
LogDevObjectVersion:   Dev-Mobile (B02B49B5-BB20-44E9-A304-32B752E40360): 2
LogDevObjectVersion:   Dev-Networking (A4E4105C-59A1-49B5-A7C5-40C4547EDFEE): 0
LogDevObjectVersion:   Dev-Online (39C831C9-5AE6-47DC-9A44-9C173E1C8E7C): 0
LogDevObjectVersion:   Dev-Physics (78F01B33-EBEA-4F98-B9B4-84EACCB95AA2): 0
LogDevObjectVersion:   Dev-Platform (6631380F-2D4D-43E0-8009-CF276956A95A): 0
LogDevObjectVersion:   Dev-Rendering (12F88B9F-8875-4AFC-A67C-D90C383ABD29): 31
LogDevObjectVersion:   Dev-Sequencer (7B5AE74C-D270-4C10-A958-57980B212A5A): 11
LogDevObjectVersion:   Dev-VR (D7296918-1DD6-4BDD-9DE2-64A83CC13884): 2
LogDevObjectVersion:   Dev-LoadTimes (C2A15278-BFE7-4AFE-6C17-90FF531DF755): 1
LogDevObjectVersion:   Private-Geometry (6EACA3D4-40EC-4CC1-B786-8BED09428FC5): 3
LogDevObjectVersion:   Dev-AnimPhys (29E575DD-E0A3-4627-9D10-D276232CDCEA): 17
LogDevObjectVersion:   Dev-Anim (AF43A65D-7FD3-4947-9873-3E8ED9C1BB05): 2
LogDevObjectVersion:   Dev-ReflectionCapture (6B266CEC-1EC7-4B8F-A30B-E4D90942FC07): 1
LogDevObjectVersion:   Dev-Automation (0DF73D61-A23F-47EA-B727-89E90C41499A): 1
LogDevObjectVersion:   FortniteMain (601D1886-AC64-4F84-AA16-D3DE0DEAC7D6): 27
LogDevObjectVersion:   Dev-Enterprise (9DFFBCD6-494F-0158-E221-12823C92A888): 6
LogDevObjectVersion:   Dev-Niagara (F2AED0AC-9AFE-416F-8664-AA7FFA26D6FC): 1
LogDevObjectVersion:   Dev-Destruction (174F1F0B-B4C6-45A5-B13F-2EE8D0FB917D): 9
LogInit: Presizing for max 16777216 objects, including 0 objects not considered by GC, pre-allocating 0 bytes for permanent pool.
LogInit: Object subsystem initialized
LogConfig: Setting CVar [[con.DebugEarlyDefault:1]]
LogConfig: Setting CVar [[r.setres:1280x720]]
[2019.11.21-18.04.28:242][  0]LogConfig: Setting CVar [[r.VSync:0]]
[2019.11.21-18.04.28:242][  0]LogConfig: Setting CVar [[r.RHICmdBypass:0]]
[2019.11.21-18.04.28:242][  0]LogConfig: Applying CVar settings from Section [/Script/Engine.RendererSettings] File [C:/Users/Rafael/Documents/Unreal Projects/PGV_spline/PGV_unreal/Saved/Config/Windows/Engine.ini]
[2019.11.21-18.04.28:242][  0]LogConfig: Setting CVar [[r.GPUCrashDebugging:0]]
[2019.11.21-18.04.28:242][  0]LogConfig: Setting CVar [[r.DefaultFeature.AutoExposure.ExtendDefaultLuminanceRange:1]]
[2019.11.21-18.04.28:242][  0]LogConfig: Applying CVar settings from Section [/Script/Engine.RendererOverrideSettings] File [C:/Users/Rafael/Documents/Unreal Projects/PGV_spline/PGV_unreal/Saved/Config/Windows/Engine.ini]
[2019.11.21-18.04.28:242][  0]LogConfig: Applying CVar settings from Section [/Script/Engine.StreamingSettings] File [C:/Users/Rafael/Documents/Unreal Projects/PGV_spline/PGV_unreal/Saved/Config/Windows/Engine.ini]
[2019.11.21-18.04.28:242][  0]LogConfig: Setting CVar [[s.MinBulkDataSizeForAsyncLoading:131072]]
[2019.11.21-18.04.28:242][  0]LogConfig: Setting CVar [[s.AsyncLoadingThreadEnabled:0]]
[2019.11.21-18.04.28:242][  0]LogConfig: Setting CVar [[s.EventDrivenLoaderEnabled:1]]
[2019.11.21-18.04.28:242][  0]LogConfig: Setting CVar [[s.WarnIfTimeLimitExceeded:0]]
[2019.11.21-18.04.28:242][  0]LogConfig: Setting CVar [[s.TimeLimitExceededMultiplier:1.5]]
[2019.11.21-18.04.28:242][  0]LogConfig: Setting CVar [[s.TimeLimitExceededMinTime:0.005]]
[2019.11.21-18.04.28:242][  0]LogConfig: Setting CVar [[s.UseBackgroundLevelStreaming:1]]
[2019.11.21-18.04.28:242][  0]LogConfig: Setting CVar [[s.PriorityAsyncLoadingExtraTime:15.0]]
[2019.11.21-18.04.28:242][  0]LogConfig: Setting CVar [[s.LevelStreamingActorsUpdateTimeLimit:5.0]]
[2019.11.21-18.04.28:242][  0]LogConfig: Setting CVar [[s.PriorityLevelStreamingActorsUpdateExtraTime:5.0]]
[2019.11.21-18.04.28:242][  0]LogConfig: Setting CVar [[s.LevelStreamingComponentsRegistrationGranularity:10]]
[2019.11.21-18.04.28:242][  0]LogConfig: Setting CVar [[s.UnregisterComponentsTimeLimit:1.0]]
[2019.11.21-18.04.28:242][  0]LogConfig: Setting CVar [[s.LevelStreamingComponentsUnregistrationGranularity:5]]
[2019.11.21-18.04.28:242][  0]LogConfig: Applying CVar settings from Section [/Script/Engine.GarbageCollectionSettings] File [C:/Users/Rafael/Documents/Unreal Projects/PGV_spline/PGV_unreal/Saved/Config/Windows/Engine.ini]
[2019.11.21-18.04.28:242][  0]LogConfig: Setting CVar [[gc.MaxObjectsNotConsideredByGC:1]]
[2019.11.21-18.04.28:242][  0]LogConfig: Setting CVar [[gc.SizeOfPermanentObjectPool:0]]
[2019.11.21-18.04.28:242][  0]LogConfig: Setting CVar [[gc.FlushStreamingOnGC:0]]
[2019.11.21-18.04.28:242][  0]LogConfig: Setting CVar [[gc.NumRetriesBeforeForcingGC:10]]
[2019.11.21-18.04.28:242][  0]LogConfig: Setting CVar [[gc.AllowParallelGC:1]]
[2019.11.21-18.04.28:242][  0]LogConfig: Setting CVar [[gc.TimeBetweenPurgingPendingKillObjects:61.1]]
[2019.11.21-18.04.28:242][  0]LogConfig: Setting CVar [[gc.MaxObjectsInEditor:16777216]]
[2019.11.21-18.04.28:242][  0]LogConfig: Setting CVar [[gc.IncrementalBeginDestroyEnabled:1]]
[2019.11.21-18.04.28:242][  0]LogConfig: Setting CVar [[gc.CreateGCClusters:1]]
[2019.11.21-18.04.28:242][  0]LogConfig: Setting CVar [[gc.MinGCClusterSize:5]]
[2019.11.21-18.04.28:242][  0]LogConfig: Setting CVar [[gc.ActorClusteringEnabled:0]]
[2019.11.21-18.04.28:242][  0]LogConfig: Setting CVar [[gc.BlueprintClusteringEnabled:0]]
[2019.11.21-18.04.28:242][  0]LogConfig: Setting CVar [[gc.UseDisregardForGCOnDedicatedServers:0]]
[2019.11.21-18.04.28:242][  0]LogConfig: Applying CVar settings from Section [/Script/Engine.NetworkSettings] File [C:/Users/Rafael/Documents/Unreal Projects/PGV_spline/PGV_unreal/Saved/Config/Windows/Engine.ini]
[2019.11.21-18.04.28:242][  0]LogConfig: Applying CVar settings from Section [/Script/UnrealEd.CookerSettings] File [C:/Users/Rafael/Documents/Unreal Projects/PGV_spline/PGV_unreal/Saved/Config/Windows/Engine.ini]
[2019.11.21-18.04.28:244][  0]LogConfig: Applying CVar settings from Section [ViewDistanceQuality@3] File [C:/Users/Rafael/Documents/Unreal Projects/PGV_spline/PGV_unreal/Saved/Config/Windows/Scalability.ini]
[2019.11.21-18.04.28:244][  0]LogConfig: Setting CVar [[r.SkeletalMeshLODBias:0]]
[2019.11.21-18.04.28:244][  0]LogConfig: Setting CVar [[r.ViewDistanceScale:1.0]]
[2019.11.21-18.04.28:245][  0]LogConfig: Applying CVar settings from Section [AntiAliasingQuality@3] File [C:/Users/Rafael/Documents/Unreal Projects/PGV_spline/PGV_unreal/Saved/Config/Windows/Scalability.ini]
[2019.11.21-18.04.28:245][  0]LogConfig: Setting CVar [[r.PostProcessAAQuality:4]]
[2019.11.21-18.04.28:245][  0]LogConfig: Applying CVar settings from Section [ShadowQuality@3] File [C:/Users/Rafael/Documents/Unreal Projects/PGV_spline/PGV_unreal/Saved/Config/Windows/Scalability.ini]
[2019.11.21-18.04.28:245][  0]LogConfig: Setting CVar [[r.LightFunctionQuality:1]]
[2019.11.21-18.04.28:245][  0]LogConfig: Setting CVar [[r.ShadowQuality:5]]
[2019.11.21-18.04.28:245][  0]LogConfig: Setting CVar [[r.Shadow.CSM.MaxCascades:10]]
[2019.11.21-18.04.28:245][  0]LogConfig: Setting CVar [[r.Shadow.MaxResolution:2048]]
[2019.11.21-18.04.28:245][  0]LogConfig: Setting CVar [[r.Shadow.MaxCSMResolution:2048]]
[2019.11.21-18.04.28:245][  0]LogConfig: Setting CVar [[r.Shadow.RadiusThreshold:0.01]]
[2019.11.21-18.04.28:245][  0]LogConfig: Setting CVar [[r.Shadow.DistanceScale:1.0]]
[2019.11.21-18.04.28:245][  0]LogConfig: Setting CVar [[r.Shadow.CSM.TransitionScale:1.0]]
[2019.11.21-18.04.28:245][  0]LogConfig: Setting CVar [[r.Shadow.PreShadowResolutionFactor:1.0]]
[2019.11.21-18.04.28:245][  0]LogConfig: Setting CVar [[r.DistanceFieldShadowing:1]]
[2019.11.21-18.04.28:245][  0]LogConfig: Setting CVar [[r.DistanceFieldAO:1]]
[2019.11.21-18.04.28:245][  0]LogConfig: Setting CVar [[r.AOQuality:2]]
[2019.11.21-18.04.28:245][  0]LogConfig: Setting CVar [[r.VolumetricFog:1]]
[2019.11.21-18.04.28:245][  0]LogConfig: Setting CVar [[r.VolumetricFog.GridPixelSize:8]]
[2019.11.21-18.04.28:245][  0]LogConfig: Setting CVar [[r.VolumetricFog.GridSizeZ:128]]
[2019.11.21-18.04.28:245][  0]LogConfig: Setting CVar [[r.VolumetricFog.HistoryMissSupersampleCount:4]]
[2019.11.21-18.04.28:245][  0]LogConfig: Setting CVar [[r.LightMaxDrawDistanceScale:1]]
[2019.11.21-18.04.28:245][  0]LogConfig: Setting CVar [[r.CapsuleShadows:1]]
[2019.11.21-18.04.28:245][  0]LogConfig: Applying CVar settings from Section [PostProcessQuality@3] File [C:/Users/Rafael/Documents/Unreal Projects/PGV_spline/PGV_unreal/Saved/Config/Windows/Scalability.ini]
[2019.11.21-18.04.28:245][  0]LogConfig: Setting CVar [[r.MotionBlurQuality:4]]
[2019.11.21-18.04.28:245][  0]LogConfig: Setting CVar [[r.AmbientOcclusionMipLevelFactor:0.4]]
[2019.11.21-18.04.28:245][  0]LogConfig: Setting CVar [[r.AmbientOcclusionMaxQuality:100]]
[2019.11.21-18.04.28:245][  0]LogConfig: Setting CVar [[r.AmbientOcclusionLevels:-1]]
[2019.11.21-18.04.28:245][  0]LogConfig: Setting CVar [[r.AmbientOcclusionRadiusScale:1.0]]
[2019.11.21-18.04.28:245][  0]LogConfig: Setting CVar [[r.DepthOfFieldQuality:2]]
[2019.11.21-18.04.28:245][  0]LogConfig: Setting CVar [[r.RenderTargetPoolMin:400]]
[2019.11.21-18.04.28:245][  0]LogConfig: Setting CVar [[r.LensFlareQuality:2]]
[2019.11.21-18.04.28:245][  0]LogConfig: Setting CVar [[r.SceneColorFringeQuality:1]]
[2019.11.21-18.04.28:245][  0]LogConfig: Setting CVar [[r.EyeAdaptationQuality:2]]
[2019.11.21-18.04.28:245][  0]LogConfig: Setting CVar [[r.BloomQuality:5]]
[2019.11.21-18.04.28:245][  0]LogConfig: Setting CVar [[r.FastBlurThreshold:100]]
[2019.11.21-18.04.28:245][  0]LogConfig: Setting CVar [[r.Upscale.Quality:3]]
[2019.11.21-18.04.28:245][  0]LogConfig: Setting CVar [[r.Tonemapper.GrainQuantization:1]]
[2019.11.21-18.04.28:245][  0]LogConfig: Setting CVar [[r.LightShaftQuality:1]]
[2019.11.21-18.04.28:245][  0]LogConfig: Setting CVar [[r.Filter.SizeScale:1]]
[2019.11.21-18.04.28:245][  0]LogConfig: Setting CVar [[r.Tonemapper.Quality:5]]
[2019.11.21-18.04.28:245][  0]LogConfig: Setting CVar [[r.DOF.Gather.AccumulatorQuality:1        ; higher gathering accumulator quality]]
[2019.11.21-18.04.28:245][  0]LogConfig: Setting CVar [[r.DOF.Gather.PostfilterMethod:1          ; Median3x3 postfilering method]]
[2019.11.21-18.04.28:245][  0]LogConfig: Setting CVar [[r.DOF.Gather.EnableBokehSettings:0       ; no bokeh simulation when gathering]]
[2019.11.21-18.04.28:245][  0]LogConfig: Setting CVar [[r.DOF.Gather.RingCount:4                 ; medium number of samples when gathering]]
[2019.11.21-18.04.28:245][  0]LogConfig: Setting CVar [[r.DOF.Scatter.ForegroundCompositing:1    ; additive foreground scattering]]
[2019.11.21-18.04.28:245][  0]LogConfig: Setting CVar [[r.DOF.Scatter.BackgroundCompositing:2    ; additive background scattering]]
[2019.11.21-18.04.28:245][  0]LogConfig: Setting CVar [[r.DOF.Scatter.EnableBokehSettings:1      ; bokeh simulation when scattering]]
[2019.11.21-18.04.28:245][  0]LogConfig: Setting CVar [[r.DOF.Scatter.MaxSpriteRatio:0.1         ; only a maximum of 10% of scattered bokeh]]
[2019.11.21-18.04.28:245][  0]LogConfig: Setting CVar [[r.DOF.Recombine.Quality:1                ; cheap slight out of focus]]
[2019.11.21-18.04.28:245][  0]LogConfig: Setting CVar [[r.DOF.Recombine.EnableBokehSettings:0    ; no bokeh simulation on slight out of focus]]
[2019.11.21-18.04.28:245][  0]LogConfig: Setting CVar [[r.DOF.TemporalAAQuality:1                ; more stable temporal accumulation]]
[2019.11.21-18.04.28:245][  0]LogConfig: Setting CVar [[r.DOF.Kernel.MaxForegroundRadius:0.025]]
[2019.11.21-18.04.28:245][  0]LogConfig: Setting CVar [[r.DOF.Kernel.MaxBackgroundRadius:0.025]]
[2019.11.21-18.04.28:245][  0]LogConfig: Applying CVar settings from Section [TextureQuality@3] File [C:/Users/Rafael/Documents/Unreal Projects/PGV_spline/PGV_unreal/Saved/Config/Windows/Scalability.ini]
[2019.11.21-18.04.28:245][  0]LogConfig: Setting CVar [[r.Streaming.MipBias:0]]
[2019.11.21-18.04.28:245][  0]LogConfig: Setting CVar [[r.Streaming.AmortizeCPUToGPUCopy:0]]
[2019.11.21-18.04.28:245][  0]LogConfig: Setting CVar [[r.Streaming.MaxNumTexturesToStreamPerFrame:0]]
[2019.11.21-18.04.28:245][  0]LogConfig: Setting CVar [[r.Streaming.Boost:1]]
[2019.11.21-18.04.28:245][  0]LogConfig: Setting CVar [[r.MaxAnisotropy:8]]
[2019.11.21-18.04.28:245][  0]LogConfig: Setting CVar [[r.Streaming.LimitPoolSizeToVRAM:0]]
[2019.11.21-18.04.28:245][  0]LogConfig: Setting CVar [[r.Streaming.PoolSize:1000]]
[2019.11.21-18.04.28:245][  0]LogConfig: Setting CVar [[r.Streaming.MaxEffectiveScreenSize:0]]
[2019.11.21-18.04.28:245][  0]LogConfig: Applying CVar settings from Section [EffectsQuality@3] File [C:/Users/Rafael/Documents/Unreal Projects/PGV_spline/PGV_unreal/Saved/Config/Windows/Scalability.ini]
[2019.11.21-18.04.28:245][  0]LogConfig: Setting CVar [[r.TranslucencyLightingVolumeDim:64]]
[2019.11.21-18.04.28:245][  0]LogConfig: Setting CVar [[r.RefractionQuality:2]]
[2019.11.21-18.04.28:245][  0]LogConfig: Setting CVar [[r.SSR.Quality:3]]
[2019.11.21-18.04.28:245][  0]LogConfig: Setting CVar [[r.SceneColorFormat:4]]
[2019.11.21-18.04.28:245][  0]LogConfig: Setting CVar [[r.DetailMode:2]]
[2019.11.21-18.04.28:245][  0]LogConfig: Setting CVar [[r.TranslucencyVolumeBlur:1]]
[2019.11.21-18.04.28:245][  0]LogConfig: Setting CVar [[r.MaterialQualityLevel:1 ; High quality]]
[2019.11.21-18.04.28:245][  0]LogConfig: Setting CVar [[r.SSS.Scale:1]]
[2019.11.21-18.04.28:245][  0]LogConfig: Setting CVar [[r.SSS.SampleSet:2]]
[2019.11.21-18.04.28:245][  0]LogConfig: Setting CVar [[r.SSS.Quality:1]]
[2019.11.21-18.04.28:245][  0]LogConfig: Setting CVar [[r.SSS.HalfRes:1]]
[2019.11.21-18.04.28:246][  0]LogConfig: Setting CVar [[r.EmitterSpawnRateScale:1.0]]
[2019.11.21-18.04.28:246][  0]LogConfig: Setting CVar [[r.ParticleLightQuality:2]]
[2019.11.21-18.04.28:246][  0]LogConfig: Applying CVar settings from Section [FoliageQuality@3] File [C:/Users/Rafael/Documents/Unreal Projects/PGV_spline/PGV_unreal/Saved/Config/Windows/Scalability.ini]
[2019.11.21-18.04.28:246][  0]LogConfig: Setting CVar [[foliage.DensityScale:1.0]]
[2019.11.21-18.04.28:246][  0]LogConfig: Setting CVar [[grass.DensityScale:1.0]]
[2019.11.21-18.04.28:246][  0]LogInit: Selected Device Profile: [Windows]
[2019.11.21-18.04.28:246][  0]LogInit: Applying CVar settings loaded from the selected device profile: [Windows]
[2019.11.21-18.04.28:248][  0]LogHAL: Display: Platform has ~ 16 GB [17138614272 / 17179869184 / 16], which maps to Larger [LargestMinGB=32, LargerMinGB=12, DefaultMinGB=8, SmallerMinGB=6, SmallestMinGB=0)
[2019.11.21-18.04.28:248][  0]LogInit: Going up to parent DeviceProfile []
[2019.11.21-18.04.28:248][  0]LogConfig: Applying CVar settings from Section [ViewDistanceQuality@3] File [C:/Users/Rafael/Documents/Unreal Projects/PGV_spline/PGV_unreal/Saved/Config/Windows/Scalability.ini]
[2019.11.21-18.04.28:248][  0]LogConfig: Setting CVar [[r.SkeletalMeshLODBias:0]]
[2019.11.21-18.04.28:248][  0]LogConfig: Setting CVar [[r.ViewDistanceScale:1.0]]
[2019.11.21-18.04.28:248][  0]LogConfig: Applying CVar settings from Section [AntiAliasingQuality@3] File [C:/Users/Rafael/Documents/Unreal Projects/PGV_spline/PGV_unreal/Saved/Config/Windows/Scalability.ini]
[2019.11.21-18.04.28:248][  0]LogConfig: Setting CVar [[r.PostProcessAAQuality:4]]
[2019.11.21-18.04.28:249][  0]LogConfig: Applying CVar settings from Section [ShadowQuality@3] File [C:/Users/Rafael/Documents/Unreal Projects/PGV_spline/PGV_unreal/Saved/Config/Windows/Scalability.ini]
[2019.11.21-18.04.28:249][  0]LogConfig: Setting CVar [[r.LightFunctionQuality:1]]
[2019.11.21-18.04.28:249][  0]LogConfig: Setting CVar [[r.ShadowQuality:5]]
[2019.11.21-18.04.28:249][  0]LogConfig: Setting CVar [[r.Shadow.CSM.MaxCascades:10]]
[2019.11.21-18.04.28:249][  0]LogConfig: Setting CVar [[r.Shadow.MaxResolution:2048]]
[2019.11.21-18.04.28:249][  0]LogConfig: Setting CVar [[r.Shadow.MaxCSMResolution:2048]]
[2019.11.21-18.04.28:249][  0]LogConfig: Setting CVar [[r.Shadow.RadiusThreshold:0.01]]
[2019.11.21-18.04.28:249][  0]LogConfig: Setting CVar [[r.Shadow.DistanceScale:1.0]]
[2019.11.21-18.04.28:249][  0]LogConfig: Setting CVar [[r.Shadow.CSM.TransitionScale:1.0]]
[2019.11.21-18.04.28:249][  0]LogConfig: Setting CVar [[r.Shadow.PreShadowResolutionFactor:1.0]]
[2019.11.21-18.04.28:249][  0]LogConfig: Setting CVar [[r.DistanceFieldShadowing:1]]
[2019.11.21-18.04.28:249][  0]LogConfig: Setting CVar [[r.DistanceFieldAO:1]]
[2019.11.21-18.04.28:249][  0]LogConfig: Setting CVar [[r.AOQuality:2]]
[2019.11.21-18.04.28:249][  0]LogConfig: Setting CVar [[r.VolumetricFog:1]]
[2019.11.21-18.04.28:249][  0]LogConfig: Setting CVar [[r.VolumetricFog.GridPixelSize:8]]
[2019.11.21-18.04.28:249][  0]LogConfig: Setting CVar [[r.VolumetricFog.GridSizeZ:128]]
[2019.11.21-18.04.28:249][  0]LogConfig: Setting CVar [[r.VolumetricFog.HistoryMissSupersampleCount:4]]
[2019.11.21-18.04.28:249][  0]LogConfig: Setting CVar [[r.LightMaxDrawDistanceScale:1]]
[2019.11.21-18.04.28:249][  0]LogConfig: Setting CVar [[r.CapsuleShadows:1]]
[2019.11.21-18.04.28:249][  0]LogConfig: Applying CVar settings from Section [PostProcessQuality@3] File [C:/Users/Rafael/Documents/Unreal Projects/PGV_spline/PGV_unreal/Saved/Config/Windows/Scalability.ini]
[2019.11.21-18.04.28:249][  0]LogConfig: Setting CVar [[r.MotionBlurQuality:4]]
[2019.11.21-18.04.28:249][  0]LogConfig: Setting CVar [[r.AmbientOcclusionMipLevelFactor:0.4]]
[2019.11.21-18.04.28:249][  0]LogConfig: Setting CVar [[r.AmbientOcclusionMaxQuality:100]]
[2019.11.21-18.04.28:249][  0]LogConfig: Setting CVar [[r.AmbientOcclusionLevels:-1]]
[2019.11.21-18.04.28:249][  0]LogConfig: Setting CVar [[r.AmbientOcclusionRadiusScale:1.0]]
[2019.11.21-18.04.28:249][  0]LogConfig: Setting CVar [[r.DepthOfFieldQuality:2]]
[2019.11.21-18.04.28:249][  0]LogConfig: Setting CVar [[r.RenderTargetPoolMin:400]]
[2019.11.21-18.04.28:249][  0]LogConfig: Setting CVar [[r.LensFlareQuality:2]]
[2019.11.21-18.04.28:249][  0]LogConfig: Setting CVar [[r.SceneColorFringeQuality:1]]
[2019.11.21-18.04.28:249][  0]LogConfig: Setting CVar [[r.EyeAdaptationQuality:2]]
[2019.11.21-18.04.28:249][  0]LogConfig: Setting CVar [[r.BloomQuality:5]]
[2019.11.21-18.04.28:249][  0]LogConfig: Setting CVar [[r.FastBlurThreshold:100]]
[2019.11.21-18.04.28:249][  0]LogConfig: Setting CVar [[r.Upscale.Quality:3]]
[2019.11.21-18.04.28:249][  0]LogConfig: Setting CVar [[r.Tonemapper.GrainQuantization:1]]
[2019.11.21-18.04.28:249][  0]LogConfig: Setting CVar [[r.LightShaftQuality:1]]
[2019.11.21-18.04.28:249][  0]LogConfig: Setting CVar [[r.Filter.SizeScale:1]]
[2019.11.21-18.04.28:249][  0]LogConfig: Setting CVar [[r.Tonemapper.Quality:5]]
[2019.11.21-18.04.28:249][  0]LogConfig: Setting CVar [[r.DOF.Gather.AccumulatorQuality:1        ; higher gathering accumulator quality]]
[2019.11.21-18.04.28:249][  0]LogConfig: Setting CVar [[r.DOF.Gather.PostfilterMethod:1          ; Median3x3 postfilering method]]
[2019.11.21-18.04.28:249][  0]LogConfig: Setting CVar [[r.DOF.Gather.EnableBokehSettings:0       ; no bokeh simulation when gathering]]
[2019.11.21-18.04.28:249][  0]LogConfig: Setting CVar [[r.DOF.Gather.RingCount:4                 ; medium number of samples when gathering]]
[2019.11.21-18.04.28:249][  0]LogConfig: Setting CVar [[r.DOF.Scatter.ForegroundCompositing:1    ; additive foreground scattering]]
[2019.11.21-18.04.28:249][  0]LogConfig: Setting CVar [[r.DOF.Scatter.BackgroundCompositing:2    ; additive background scattering]]
[2019.11.21-18.04.28:249][  0]LogConfig: Setting CVar [[r.DOF.Scatter.EnableBokehSettings:1      ; bokeh simulation when scattering]]
[2019.11.21-18.04.28:249][  0]LogConfig: Setting CVar [[r.DOF.Scatter.MaxSpriteRatio:0.1         ; only a maximum of 10% of scattered bokeh]]
[2019.11.21-18.04.28:249][  0]LogConfig: Setting CVar [[r.DOF.Recombine.Quality:1                ; cheap slight out of focus]]
[2019.11.21-18.04.28:249][  0]LogConfig: Setting CVar [[r.DOF.Recombine.EnableBokehSettings:0    ; no bokeh simulation on slight out of focus]]
[2019.11.21-18.04.28:249][  0]LogConfig: Setting CVar [[r.DOF.TemporalAAQuality:1                ; more stable temporal accumulation]]
[2019.11.21-18.04.28:249][  0]LogConfig: Setting CVar [[r.DOF.Kernel.MaxForegroundRadius:0.025]]
[2019.11.21-18.04.28:249][  0]LogConfig: Setting CVar [[r.DOF.Kernel.MaxBackgroundRadius:0.025]]
[2019.11.21-18.04.28:249][  0]LogConfig: Applying CVar settings from Section [TextureQuality@3] File [C:/Users/Rafael/Documents/Unreal Projects/PGV_spline/PGV_unreal/Saved/Config/Windows/Scalability.ini]
[2019.11.21-18.04.28:249][  0]LogConfig: Setting CVar [[r.Streaming.MipBias:0]]
[2019.11.21-18.04.28:249][  0]LogConfig: Setting CVar [[r.Streaming.AmortizeCPUToGPUCopy:0]]
[2019.11.21-18.04.28:249][  0]LogConfig: Setting CVar [[r.Streaming.MaxNumTexturesToStreamPerFrame:0]]
[2019.11.21-18.04.28:249][  0]LogConfig: Setting CVar [[r.Streaming.Boost:1]]
[2019.11.21-18.04.28:249][  0]LogConfig: Setting CVar [[r.MaxAnisotropy:8]]
[2019.11.21-18.04.28:249][  0]LogConfig: Setting CVar [[r.Streaming.LimitPoolSizeToVRAM:0]]
[2019.11.21-18.04.28:249][  0]LogConfig: Setting CVar [[r.Streaming.PoolSize:1000]]
[2019.11.21-18.04.28:249][  0]LogConfig: Setting CVar [[r.Streaming.MaxEffectiveScreenSize:0]]
[2019.11.21-18.04.28:249][  0]LogConfig: Applying CVar settings from Section [EffectsQuality@3] File [C:/Users/Rafael/Documents/Unreal Projects/PGV_spline/PGV_unreal/Saved/Config/Windows/Scalability.ini]
[2019.11.21-18.04.28:249][  0]LogConfig: Setting CVar [[r.TranslucencyLightingVolumeDim:64]]
[2019.11.21-18.04.28:249][  0]LogConfig: Setting CVar [[r.RefractionQuality:2]]
[2019.11.21-18.04.28:249][  0]LogConfig: Setting CVar [[r.SSR.Quality:3]]
[2019.11.21-18.04.28:249][  0]LogConfig: Setting CVar [[r.SceneColorFormat:4]]
[2019.11.21-18.04.28:249][  0]LogConfig: Setting CVar [[r.DetailMode:2]]
[2019.11.21-18.04.28:249][  0]LogConfig: Setting CVar [[r.TranslucencyVolumeBlur:1]]
[2019.11.21-18.04.28:249][  0]LogConfig: Setting CVar [[r.MaterialQualityLevel:1 ; High quality]]
[2019.11.21-18.04.28:249][  0]LogConfig: Setting CVar [[r.SSS.Scale:1]]
[2019.11.21-18.04.28:249][  0]LogConfig: Setting CVar [[r.SSS.SampleSet:2]]
[2019.11.21-18.04.28:249][  0]LogConfig: Setting CVar [[r.SSS.Quality:1]]
[2019.11.21-18.04.28:249][  0]LogConfig: Setting CVar [[r.SSS.HalfRes:1]]
[2019.11.21-18.04.28:249][  0]LogConfig: Setting CVar [[r.EmitterSpawnRateScale:1.0]]
[2019.11.21-18.04.28:249][  0]LogConfig: Setting CVar [[r.ParticleLightQuality:2]]
[2019.11.21-18.04.28:249][  0]LogConfig: Applying CVar settings from Section [FoliageQuality@3] File [C:/Users/Rafael/Documents/Unreal Projects/PGV_spline/PGV_unreal/Saved/Config/Windows/Scalability.ini]
[2019.11.21-18.04.28:250][  0]LogConfig: Setting CVar [[foliage.DensityScale:1.0]]
[2019.11.21-18.04.28:250][  0]LogConfig: Setting CVar [[grass.DensityScale:1.0]]
[2019.11.21-18.04.28:250][  0]LogConfig: Applying CVar settings from Section [Startup] File [../../../Engine/Config/ConsoleVariables.ini]
[2019.11.21-18.04.28:250][  0]LogConfig: Setting CVar [[net.UseAdaptiveNetUpdateFrequency:0]]
[2019.11.21-18.04.28:250][  0]LogConfig: Setting CVar [[p.chaos.AllowCreatePhysxBodies:1]]
[2019.11.21-18.04.28:250][  0]LogConfig: Applying CVar settings from Section [ConsoleVariables] File [C:/Users/Rafael/Documents/Unreal Projects/PGV_spline/PGV_unreal/Saved/Config/Windows/Engine.ini]
[2019.11.21-18.04.28:250][  0]LogInit: Computer: DESKTOP-8FIF1KJ
[2019.11.21-18.04.28:250][  0]LogInit: User: Rafael
[2019.11.21-18.04.28:250][  0]LogInit: CPU Page size=4096, Cores=6
[2019.11.21-18.04.28:250][  0]LogInit: High frequency timer resolution =10.000000 MHz
[2019.11.21-18.04.28:250][  0]LogMemory: Memory total: Physical=16.0GB (16GB approx)
[2019.11.21-18.04.28:250][  0]LogMemory: Platform Memory Stats for Windows
[2019.11.21-18.04.28:250][  0]LogMemory: Process Physical Memory: 100.39 MB used, 100.40 MB peak
[2019.11.21-18.04.28:250][  0]LogMemory: Process Virtual Memory: 88.54 MB used, 88.54 MB peak
[2019.11.21-18.04.28:250][  0]LogMemory: Physical Memory: 6332.53 MB used,  10012.13 MB free, 16344.66 MB total
[2019.11.21-18.04.28:250][  0]LogMemory: Virtual Memory: 4637.89 MB used,  134213088.00 MB free, 134217728.00 MB total
[2019.11.21-18.04.28:252][  0]LogWindows: WindowsPlatformFeatures enabled
[2019.11.21-18.04.28:279][  0]LogInit: Overriding language with editor language configuration option (en).
[2019.11.21-18.04.28:279][  0]LogInit: Overriding locale with editor culture configuration option ().
[2019.11.21-18.04.28:279][  0]LogInit: Using OS detected locale (es-ES).
[2019.11.21-18.04.28:420][  0]LogInit: Setting process to per monitor DPI aware
[2019.11.21-18.04.28:449][  0]LogSlate: New Slate User Created.  User Index 0, Is Virtual User: 0
[2019.11.21-18.04.28:449][  0]LogSlate: Slate User Registered.  User Index 0, Is Virtual User: 0
[2019.11.21-18.04.28:611][  0]LogHMD: Failed to initialize OpenVR with code 110
[2019.11.21-18.04.28:611][  0]LogD3D11RHI: D3D11 adapters:
[2019.11.21-18.04.28:660][  0]LogD3D11RHI:    0. 'NVIDIA GeForce GTX 1060 6GB' (Feature Level 11_0)
[2019.11.21-18.04.28:660][  0]LogD3D11RHI:       6052/0/8172 MB DedicatedVideo/DedicatedSystem/SharedSystem, Outputs:1, VendorId:0x10de
[2019.11.21-18.04.28:662][  0]LogD3D11RHI:    1. 'Microsoft Basic Render Driver' (Feature Level 11_0)
[2019.11.21-18.04.28:662][  0]LogD3D11RHI:       0/0/8172 MB DedicatedVideo/DedicatedSystem/SharedSystem, Outputs:0, VendorId:0x1414
[2019.11.21-18.04.28:662][  0]LogD3D11RHI: Chosen D3D11 Adapter: 0
[2019.11.21-18.04.28:668][  0]LogD3D11RHI: Creating new Direct3DDevice
[2019.11.21-18.04.28:668][  0]LogD3D11RHI:     GPU DeviceId: 0x1c03 (for the marketing name, search the web for "GPU Device Id")
[2019.11.21-18.04.28:668][  0]LogWindows: EnumDisplayDevices:
[2019.11.21-18.04.28:669][  0]LogWindows:    0. 'NVIDIA GeForce GTX 1060 6GB' (P:1 D:1)
[2019.11.21-18.04.28:669][  0]LogWindows:    1. 'NVIDIA GeForce GTX 1060 6GB' (P:0 D:0)
[2019.11.21-18.04.28:669][  0]LogWindows:    2. 'NVIDIA GeForce GTX 1060 6GB' (P:0 D:0)
[2019.11.21-18.04.28:670][  0]LogWindows:    3. 'NVIDIA GeForce GTX 1060 6GB' (P:0 D:0)
[2019.11.21-18.04.28:670][  0]LogWindows: DebugString: FoundDriverCount:4 
[2019.11.21-18.04.28:670][  0]LogD3D11RHI:     Adapter Name: NVIDIA GeForce GTX 1060 6GB
[2019.11.21-18.04.28:670][  0]LogD3D11RHI:   Driver Version: 441.20 (internal:26.21.14.4120, unified:441.20)
[2019.11.21-18.04.28:670][  0]LogD3D11RHI:      Driver Date: 11-6-2019
[2019.11.21-18.04.28:670][  0]LogRHI: Texture pool is 4236 MB (70% of 6052 MB)
[2019.11.21-18.04.28:704][  0]LogD3D11RHI: Async texture creation enabled
[2019.11.21-18.04.28:719][  0]LogD3D11RHI: GPU Timing Frequency: 1000.000000 (Debug: 2 1)
[2019.11.21-18.04.29:002][  0]LogTemp: Display: Module 'AllDesktopTargetPlatform' loaded TargetPlatform 'AllDesktop'
[2019.11.21-18.04.29:011][  0]LogTemp: Display: Module 'MacClientTargetPlatform' loaded TargetPlatform 'MacClient'
[2019.11.21-18.04.29:020][  0]LogTemp: Display: Module 'MacNoEditorTargetPlatform' loaded TargetPlatform 'MacNoEditor'
[2019.11.21-18.04.29:029][  0]LogTemp: Display: Module 'MacServerTargetPlatform' loaded TargetPlatform 'MacServer'
[2019.11.21-18.04.29:038][  0]LogTemp: Display: Module 'MacTargetPlatform' loaded TargetPlatform 'Mac'
[2019.11.21-18.04.29:047][  0]LogTemp: Display: Module 'WindowsClientTargetPlatform' loaded TargetPlatform 'WindowsClient'
[2019.11.21-18.04.29:055][  0]LogTemp: Display: Module 'WindowsNoEditorTargetPlatform' loaded TargetPlatform 'WindowsNoEditor'
[2019.11.21-18.04.29:065][  0]LogTemp: Display: Module 'WindowsServerTargetPlatform' loaded TargetPlatform 'WindowsServer'
[2019.11.21-18.04.29:070][  0]LogTemp: Display: Module 'WindowsTargetPlatform' loaded TargetPlatform 'Windows'
[2019.11.21-18.04.29:099][  0]LogTemp: Display: Module 'AndroidTargetPlatform' loaded TargetPlatform 'Android'
[2019.11.21-18.04.29:099][  0]LogTemp: Display: Module 'AndroidTargetPlatform' loaded TargetPlatform 'Android_ASTC'
[2019.11.21-18.04.29:099][  0]LogTemp: Display: Module 'AndroidTargetPlatform' loaded TargetPlatform 'Android_ATC'
[2019.11.21-18.04.29:099][  0]LogTemp: Display: Module 'AndroidTargetPlatform' loaded TargetPlatform 'Android_DXT'
[2019.11.21-18.04.29:099][  0]LogTemp: Display: Module 'AndroidTargetPlatform' loaded TargetPlatform 'Android_ETC1'
[2019.11.21-18.04.29:099][  0]LogTemp: Display: Module 'AndroidTargetPlatform' loaded TargetPlatform 'Android_ETC1a'
[2019.11.21-18.04.29:099][  0]LogTemp: Display: Module 'AndroidTargetPlatform' loaded TargetPlatform 'Android_ETC2'
[2019.11.21-18.04.29:099][  0]LogTemp: Display: Module 'AndroidTargetPlatform' loaded TargetPlatform 'Android_PVRTC'
[2019.11.21-18.04.29:099][  0]LogTemp: Display: Module 'AndroidTargetPlatform' loaded TargetPlatform 'AndroidClient'
[2019.11.21-18.04.29:099][  0]LogTemp: Display: Module 'AndroidTargetPlatform' loaded TargetPlatform 'Android_ASTCClient'
[2019.11.21-18.04.29:099][  0]LogTemp: Display: Module 'AndroidTargetPlatform' loaded TargetPlatform 'Android_ATCClient'
[2019.11.21-18.04.29:099][  0]LogTemp: Display: Module 'AndroidTargetPlatform' loaded TargetPlatform 'Android_DXTClient'
[2019.11.21-18.04.29:099][  0]LogTemp: Display: Module 'AndroidTargetPlatform' loaded TargetPlatform 'Android_ETC1Client'
[2019.11.21-18.04.29:099][  0]LogTemp: Display: Module 'AndroidTargetPlatform' loaded TargetPlatform 'Android_ETC1aClient'
[2019.11.21-18.04.29:099][  0]LogTemp: Display: Module 'AndroidTargetPlatform' loaded TargetPlatform 'Android_ETC2Client'
[2019.11.21-18.04.29:099][  0]LogTemp: Display: Module 'AndroidTargetPlatform' loaded TargetPlatform 'Android_PVRTCClient'
[2019.11.21-18.04.29:100][  0]LogTemp: Display: Module 'AndroidTargetPlatform' loaded TargetPlatform 'Android_Multi'
[2019.11.21-18.04.29:100][  0]LogTemp: Display: Module 'AndroidTargetPlatform' loaded TargetPlatform 'Android_MultiClient'
[2019.11.21-18.04.29:101][  0]LogTemp: Display: Module 'HTML5TargetPlatform' loaded TargetPlatform 'HTML5'
[2019.11.21-18.04.29:119][  0]LogTemp: Display: Module 'IOSTargetPlatform' loaded TargetPlatform 'IOSClient'
[2019.11.21-18.04.29:119][  0]LogTemp: Display: Module 'IOSTargetPlatform' loaded TargetPlatform 'IOS'
[2019.11.21-18.04.29:132][  0]LogTemp: Display: Module 'TVOSTargetPlatform' loaded TargetPlatform 'TVOSClient'
[2019.11.21-18.04.29:133][  0]LogTemp: Display: Module 'TVOSTargetPlatform' loaded TargetPlatform 'TVOS'
[2019.11.21-18.04.29:139][  0]LogTemp: Display: Module 'LinuxClientTargetPlatform' loaded TargetPlatform 'LinuxClient'
[2019.11.21-18.04.29:146][  0]LogTemp: Display: Module 'LinuxNoEditorTargetPlatform' loaded TargetPlatform 'LinuxNoEditor'
[2019.11.21-18.04.29:153][  0]LogTemp: Display: Module 'LinuxServerTargetPlatform' loaded TargetPlatform 'LinuxServer'
[2019.11.21-18.04.29:160][  0]LogTemp: Display: Module 'LinuxTargetPlatform' loaded TargetPlatform 'Linux'
[2019.11.21-18.04.29:183][  0]LogTemp: Display: Module 'LuminTargetPlatform' loaded TargetPlatform 'Lumin'
[2019.11.21-18.04.29:183][  0]LogTemp: Display: Module 'LuminTargetPlatform' loaded TargetPlatform 'LuminClient'
[2019.11.21-18.04.29:183][  0]LogTargetPlatformManager: Display: Building Assets For Windows
[2019.11.21-18.04.29:193][  0]LogAudioDebug: Display: Lib vorbis DLL was dynamically loaded.
[2019.11.21-18.04.29:255][  0]LogShaderCompilers: Guid format shader working directory is -31 characters bigger than the processId version (../../../../../../Users/Rafael/Documents/Unreal Projects/PGV_spline/PGV_unreal/Intermediate/Shaders/WorkingDirectory/9244/).
[2019.11.21-18.04.29:255][  0]LogShaderCompilers: Cleaned the shader compiler working directory 'C:/Users/Rafael/AppData/Local/Temp/UnrealShaderWorkingDir/923442784F53794BAC65CBAF9BFBF683/'.
[2019.11.21-18.04.29:258][  0]LogXGEController: Cannot use XGE Controller as Incredibuild is not installed on this machine.
[2019.11.21-18.04.29:258][  0]LogShaderCompilers: Cannot use XGE Shader Compiler as Incredibuild is not installed on this machine.
[2019.11.21-18.04.29:258][  0]LogShaderCompilers: Display: Using Local Shader Compiler.
[2019.11.21-18.04.29:803][  0]LogDerivedDataCache: Display: Max Cache Size: 512 MB
[2019.11.21-18.04.29:847][  0]LogDerivedDataCache: Loaded boot cache 0.04s 73MB C:/Users/Rafael/AppData/Local/UnrealEngine/4.23/DerivedDataCache/Boot.ddc.
[2019.11.21-18.04.29:847][  0]LogDerivedDataCache: Display: Loaded Boot cache: C:/Users/Rafael/AppData/Local/UnrealEngine/4.23/DerivedDataCache/Boot.ddc
[2019.11.21-18.04.29:847][  0]LogDerivedDataCache: FDerivedDataBackendGraph:  Pak pak cache file ../../../../../../Users/Rafael/Documents/Unreal Projects/PGV_spline/PGV_unreal/DerivedDataCache/DDC.ddp not found, will not use a pak cache.
[2019.11.21-18.04.29:847][  0]LogDerivedDataCache: Unable to find inner node Pak for hierarchical cache Hierarchy.
[2019.11.21-18.04.29:847][  0]LogDerivedDataCache: FDerivedDataBackendGraph:  CompressedPak pak cache file ../../../../../../Users/Rafael/Documents/Unreal Projects/PGV_spline/PGV_unreal/DerivedDataCache/Compressed.ddp not found, will not use a pak cache.
[2019.11.21-18.04.29:847][  0]LogDerivedDataCache: Unable to find inner node CompressedPak for hierarchical cache Hierarchy.
[2019.11.21-18.04.29:857][  0]LogDerivedDataCache: Display: Pak cache opened for reading ../../../Engine/DerivedDataCache/Compressed.ddp.
[2019.11.21-18.04.29:857][  0]LogDerivedDataCache: FDerivedDataBackendGraph:  EnterprisePak pak cache file ../../../Enterprise/DerivedDataCache/Compressed.ddp not found, will not use a pak cache.
[2019.11.21-18.04.29:857][  0]LogDerivedDataCache: Unable to find inner node EnterprisePak for hierarchical cache Hierarchy.
[2019.11.21-18.04.29:858][  0]LogDerivedDataCache: Using Local data cache path C:/Users/Rafael/AppData/Local/UnrealEngine/Common/DerivedDataCache: Writable
[2019.11.21-18.04.29:858][  0]LogDerivedDataCache: Shared data cache path not found in *engine.ini, will not use an Shared cache.
[2019.11.21-18.04.29:858][  0]LogDerivedDataCache: Unable to find inner node Shared for hierarchical cache Hierarchy.
[2019.11.21-18.04.29:875][  0]LogMaterial: Verifying Global Shaders for PCD3D_SM5
[2019.11.21-18.04.29:877][  0]LogSlate: Using FreeType 2.6.0
[2019.11.21-18.04.29:878][  0]LogSlate: SlateFontServices - WITH_FREETYPE: 1, WITH_HARFBUZZ: 1
[2019.11.21-18.04.29:938][  0]LogAssetRegistry: FAssetRegistry took 0.0024 seconds to start up
[2019.11.21-18.04.30:155][  0]LogInit: Selected Device Profile: [Windows]
[2019.11.21-18.04.30:290][  0]LogMeshReduction: Using QuadricMeshReduction for automatic static mesh reduction
[2019.11.21-18.04.30:290][  0]LogMeshReduction: Using SimplygonMeshReduction for automatic skeletal mesh reduction
[2019.11.21-18.04.30:290][  0]LogMeshReduction: Using ProxyLODMeshReduction for automatic mesh merging
[2019.11.21-18.04.30:290][  0]LogMeshReduction: No distributed automatic mesh merging module available
[2019.11.21-18.04.30:290][  0]LogMeshMerging: No distributed automatic mesh merging module available
[2019.11.21-18.04.30:299][  0]LogNetVersion: PGV_spline 1.0.0, NetCL: 8386587, EngineNetVer: 11, GameNetVer: 0 (Checksum: 559351755)
[2019.11.21-18.04.30:645][  0]LogPackageLocalizationCache: Processed 12 localized package path(s) for 1 prioritized culture(s) in 0.031574 seconds
[2019.11.21-18.04.30:651][  0]LogUObjectArray: 43444 objects as part of root set at end of initial load.
[2019.11.21-18.04.30:651][  0]LogUObjectAllocator: 7548648 out of 0 bytes used by permanent object pool.
[2019.11.21-18.04.30:651][  0]LogUObjectArray: CloseDisregardForGC: 0/0 objects in disregard for GC pool
[2019.11.21-18.04.31:500][  0]LogTcpMessaging: Initializing TcpMessaging bridge
[2019.11.21-18.04.31:502][  0]LogUdpMessaging: Initializing bridge on interface 0.0.0.0:0 to multicast group 230.0.0.1:6666.
[2019.11.21-18.04.31:550][  0]SourceControl: Source control is disabled
[2019.11.21-18.04.31:550][  0]SourceControl: Source control is disabled
[2019.11.21-18.04.31:551][  0]SourceControl: Source control is disabled
[2019.11.21-18.04.31:552][  0]SourceControl: Source control is disabled
[2019.11.21-18.04.31:636][  0]LogAndroidPermission: UAndroidPermissionCallbackProxy::GetInstance
[2019.11.21-18.04.31:729][  0]LogOcInput: OculusInput pre-init called
[2019.11.21-18.04.31:735][  0]LogWindows: Failed to load 'OVRPlugin.dll' (GetLastError=126)
[2019.11.21-18.04.31:735][  0]LogWindows: File 'OVRPlugin.dll' does not exist
[2019.11.21-18.04.31:799][  0]LogEngine: Initializing Engine...
[2019.11.21-18.04.31:800][  0]LogHMD: Failed to initialize OpenVR with code 110
[2019.11.21-18.04.31:800][  0]LogStats: UGameplayTagsManager::InitializeManager -  0.000 s
[2019.11.21-18.04.31:986][  0]LogInit: Initializing FReadOnlyCVARCache
[2019.11.21-18.04.32:003][  0]LogAIModule: Creating AISystem for world Untitled
[2019.11.21-18.04.32:021][  0]LogInit: XAudio2 using 'Auriculares (High Definition Audio Device)' : 2 channels at 48 kHz using 32 bits per sample (channel mask 0x3)
[2019.11.21-18.04.32:034][  0]LogInit: FAudioDevice initialized.
[2019.11.21-18.04.32:034][  0]LogNetVersion: Set ProjectVersion to 1.0.0.0. Version Checksum will be recalculated on next use.
[2019.11.21-18.04.32:166][  0]LogDerivedDataCache: Saved boot cache 0.13s 73MB C:/Users/Rafael/AppData/Local/UnrealEngine/4.23/DerivedDataCache/Boot.ddc.
[2019.11.21-18.04.32:170][  0]LogInit: Texture streaming: Enabled
[2019.11.21-18.04.32:193][  0]LogEngineSessionManager: EngineSessionManager initialized
[2019.11.21-18.04.32:193][  0]LogEditorSessionSummary: Verbose: Initializing EditorSessionSummaryWriter for editor session tracking
[2019.11.21-18.04.32:198][  0]LogEditorSessionSummary: EditorSessionSummaryWriter initialized
[2019.11.21-18.04.32:259][  0]LogInit: Transaction tracking system initialized
[2019.11.21-18.04.32:297][  0]BlueprintLog: New page: Editor Load
[2019.11.21-18.04.32:391][  0]LocalizationService: Localization service is disabled
[2019.11.21-18.04.32:622][  0]LogFileCache: Scanning file cache for directory 'C:/Users/Rafael/Documents/Unreal Projects/PGV_spline/PGV_unreal/Content/' took 0.00s
[2019.11.21-18.04.32:622][  0]LogCook: Display: Max memory allowance for cook 16384mb min free memory 0mb
[2019.11.21-18.04.32:622][  0]LogCook: Display: Mobile HDR setting 1
[2019.11.21-18.04.32:807][  0]SourceControl: Source control is disabled
[2019.11.21-18.04.32:807][  0]Cmd: MAP LOAD FILE="../../../../../../Users/Rafael/Documents/Unreal Projects/PGV_spline/PGV_unreal/Content/splineTest.umap" TEMPLATE=0 SHOWPROGRESS=1 FEATURELEVEL=3
[2019.11.21-18.04.32:808][  0]LightingResults: New page: Lighting Build
[2019.11.21-18.04.32:811][  0]LogWorld: UWorld::CleanupWorld for Untitled, bSessionEnded=true, bCleanupResources=true
[2019.11.21-18.04.32:811][  0]MapCheck: New page: Map Check
[2019.11.21-18.04.32:812][  0]LightingResults: New page: Lighting Build
[2019.11.21-18.04.32:832][  0]LogUObjectHash: Compacting FUObjectHashTables data took   1.41ms
[2019.11.21-18.04.32:912][  0]LogAIModule: Creating AISystem for world splineTest
[2019.11.21-18.04.32:917][  0]LogEditorServer: Finished looking for orphan Actors (0.000 secs)
[2019.11.21-18.04.32:940][  0]LogUObjectHash: Compacting FUObjectHashTables data took   1.71ms
[2019.11.21-18.04.32:940][  0]Cmd: MAP CHECKDEP NOCLEARLOG
[2019.11.21-18.04.32:940][  0]MapCheck: Map check complete: 0 Error(s), 0 Warning(s), took 0,13ms to complete.
[2019.11.21-18.04.32:940][  0]LogFileHelpers: Loading map 'splineTest' took 0.133
[2019.11.21-18.04.33:029][  0]LogSlate: Updating window title bar state: overlay mode, drag disabled, window buttons hidden, title bar hidden
[2019.11.21-18.04.33:035][  0]LogSlate: Updating window title bar state: overlay mode, drag disabled, window buttons hidden, title bar hidden
[2019.11.21-18.04.33:040][  0]LogSlate: Updating window title bar state: overlay mode, drag disabled, window buttons hidden, title bar hidden
[2019.11.21-18.04.33:046][  0]LogSlate: Updating window title bar state: overlay mode, drag disabled, window buttons hidden, title bar hidden
[2019.11.21-18.04.33:054][  0]LogCollectionManager: Loaded 0 collections in 0.002694 seconds
[2019.11.21-18.04.33:060][  0]LogFileCache: Scanning file cache for directory 'C:/Users/Rafael/Documents/Unreal Projects/PGV_spline/PGV_unreal/Saved/Collections/' took 0.00s
[2019.11.21-18.04.33:060][  0]LogFileCache: Scanning file cache for directory 'C:/Users/Rafael/Documents/Unreal Projects/PGV_spline/PGV_unreal/Content/Developers/Rafael/Collections/' took 0.00s
[2019.11.21-18.04.33:060][  0]LogFileCache: Scanning file cache for directory 'C:/Users/Rafael/Documents/Unreal Projects/PGV_spline/PGV_unreal/Content/Collections/' took 0.00s
[2019.11.21-18.04.33:060][  0]LogCollectionManager: Rebuilt the GUID cache for 0 collections in 0.000001 seconds
[2019.11.21-18.04.33:067][  0]LogContentBrowser: Native class hierarchy populated in 0.0068 seconds. Added 2863 classes and 680 folders.
[2019.11.21-18.04.33:075][  0]LogContentBrowser: Native class hierarchy updated for 'WidgetCarousel' in 0.0002 seconds. Added 0 classes and 0 folders.
[2019.11.21-18.04.33:136][  0]LogContentBrowser: Native class hierarchy updated for 'AddContentDialog' in 0.0002 seconds. Added 0 classes and 0 folders.
[2019.11.21-18.04.33:141][  0]LogContentBrowser: Native class hierarchy updated for 'SceneOutliner' in 0.0002 seconds. Added 1 classes and 2 folders.
[2019.11.21-18.04.33:155][  0]LogSlate: Took 0.000168 seconds to synchronously load lazily loaded font '../../../Engine/Content/Slate/Fonts/Roboto-Regular.ttf' (155K)
[2019.11.21-18.04.33:156][  0]LogSlate: Took 0.000192 seconds to synchronously load lazily loaded font '../../../Engine/Content/Slate/Fonts/Roboto-Bold.ttf' (160K)
[2019.11.21-18.04.33:160][  0]LogSlate: Took 0.000170 seconds to synchronously load lazily loaded font '../../../Engine/Content/Editor/Slate/Fonts/FontAwesome.ttf' (139K)
[2019.11.21-18.04.33:213][  0]LogRenderer: Reallocating scene render targets to support 1208x668 Format 10 NumSamples 1 (Frame:1).
[2019.11.21-18.04.33:248][  0]LogSlate: Took 0.000164 seconds to synchronously load lazily loaded font '../../../Engine/Content/Slate/Fonts/Roboto-Light.ttf' (167K)
[2019.11.21-18.04.33:294][  0]LogContentBrowser: Native class hierarchy updated for 'HierarchicalLODOutliner' in 0.0002 seconds. Added 0 classes and 0 folders.
[2019.11.21-18.04.33:294][  0]LogLoad: (Engine Initialization) Total time: 6.86 seconds
[2019.11.21-18.04.33:294][  0]LogLoad: (Engine Initialization) Total Blueprint compile time: 0.00 seconds
[2019.11.21-18.04.33:355][  0]LogAssetRegistry: Asset discovery search completed in 3.4176 seconds
[2019.11.21-18.04.33:357][  0]LogCollectionManager: Rebuilt the object cache for 0 collections in 0.000004 seconds (found 0 objects)
[2019.11.21-18.04.33:357][  0]LogCollectionManager: Fixed up redirectors for 0 collections in 0.000057 seconds (updated 0 objects)
[2019.11.21-18.04.33:358][  0]LogContentStreaming: Texture pool size now 1000 MB
[2019.11.21-18.04.40:433][844]LogSlate: FSceneViewport::OnFocusLost() reason 0
[2019.11.21-18.04.40:498][852]LogTemp: Repeating last play command: Selected Viewport
[2019.11.21-18.04.40:506][852]LogBlueprintUserMessages: Early PlayInEditor Detection: Level '/Game/splineTest.splineTest:PersistentLevel' has LevelScriptBlueprint '/Game/splineTest.splineTest:PersistentLevel.splineTest' with GeneratedClass '/Game/splineTest.splineTest_C' with ClassGeneratedBy '/Game/splineTest.splineTest:PersistentLevel.splineTest'
[2019.11.21-18.04.40:506][852]LogPlayLevel: PlayLevel: No blueprints needed recompiling
[2019.11.21-18.04.40:506][852]PIE: New page: PIE session: splineTest (21/11/2019 20:04:40)
[2019.11.21-18.04.40:507][852]LogOnline: OSS: Creating online subsystem instance for: NULL
[2019.11.21-18.04.40:508][852]LogPlayLevel: Creating play world package: /Game/UEDPIE_0_splineTest
[2019.11.21-18.04.40:511][852]LogPlayLevel: PIE: StaticDuplicateObject took: (0.002624s)
[2019.11.21-18.04.40:512][852]LogAIModule: Creating AISystem for world splineTest
[2019.11.21-18.04.40:512][852]LogPlayLevel: PIE: World Init took: (0.000938s)
[2019.11.21-18.04.40:512][852]LogPlayLevel: PIE: Created PIE world by copying editor world from /Game/splineTest.splineTest to /Game/UEDPIE_0_splineTest.splineTest (0.003786s)
[2019.11.21-18.04.40:534][852]LogUObjectHash: Compacting FUObjectHashTables data took   1.22ms
[2019.11.21-18.04.40:545][852]LogInit: XAudio2 using 'Auriculares (High Definition Audio Device)' : 2 channels at 48 kHz using 32 bits per sample (channel mask 0x3)
[2019.11.21-18.04.40:552][852]LogInit: FAudioDevice initialized.
[2019.11.21-18.04.40:559][852]LogLoad: Game class is 'GameModeBase'
[2019.11.21-18.04.40:561][852]LogWorld: Bringing World /Game/UEDPIE_0_splineTest.splineTest up for play (max tick rate 0) at 2019.11.21-19.04.40
[2019.11.21-18.04.40:561][852]LogWorld: Bringing up level for play took: 0.000756
[2019.11.21-18.04.40:561][852]LogOnline: OSS: Creating online subsystem instance for: :Context_2
[2019.11.21-18.04.40:569][852]LogContentBrowser: Native class hierarchy updated for 'MovieSceneCapture' in 0.0002 seconds. Added 20 classes and 0 folders.
[2019.11.21-18.04.40:570][852]PIE: Play in editor start time for /Game/UEDPIE_0_splineTest 0,806
[2019.11.21-18.04.40:570][852]LogBlueprintUserMessages: Late PlayInEditor Detection: Level '/Game/splineTest.splineTest:PersistentLevel' has LevelScriptBlueprint '/Game/splineTest.splineTest:PersistentLevel.splineTest' with GeneratedClass '/Game/splineTest.splineTest_C' with ClassGeneratedBy '/Game/splineTest.splineTest:PersistentLevel.splineTest'
[2019.11.21-18.04.44:749][351]LogBlueprintUserMessages: Early EndPlayMap Detection: Level '/Game/splineTest.splineTest:PersistentLevel' has LevelScriptBlueprint '/Game/splineTest.splineTest:PersistentLevel.splineTest' with GeneratedClass '/Game/splineTest.splineTest_C' with ClassGeneratedBy '/Game/splineTest.splineTest:PersistentLevel.splineTest'
[2019.11.21-18.04.44:749][351]LogSlate: Updating window title bar state: overlay mode, drag disabled, window buttons hidden, title bar hidden
[2019.11.21-18.04.44:749][351]LogWorld: BeginTearingDown for /Game/UEDPIE_0_splineTest
[2019.11.21-18.04.44:749][351]LogWorld: UWorld::CleanupWorld for splineTest, bSessionEnded=true, bCleanupResources=true
[2019.11.21-18.04.44:756][351]LogPlayLevel: Display: Shutting down PIE online subsystems
[2019.11.21-18.04.44:756][351]LogBlueprintUserMessages: Late EndPlayMap Detection: Level '/Game/splineTest.splineTest:PersistentLevel' has LevelScriptBlueprint '/Game/splineTest.splineTest:PersistentLevel.splineTest' with GeneratedClass '/Game/splineTest.splineTest_C' with ClassGeneratedBy '/Game/splineTest.splineTest:PersistentLevel.splineTest'
[2019.11.21-18.04.44:782][351]LogSlate: Updating window title bar state: overlay mode, drag disabled, window buttons hidden, title bar hidden
[2019.11.21-18.04.44:784][351]LogUObjectHash: Compacting FUObjectHashTables data took   1.28ms
[2019.11.21-18.04.44:855][358]LogPlayLevel: Display: Destroying online subsystem :Context_2
