Log file open, 11/21/19 19:02:40
LogWindows: Failed to load 'aqProf.dll' (GetLastError=126)
LogWindows: File 'aqProf.dll' does not exist
LogWindows: Failed to load 'VtuneApi.dll' (GetLastError=126)
LogWindows: File 'VtuneApi.dll' does not exist
LogWindows: Failed to load 'VtuneApi32e.dll' (GetLastError=126)
LogWindows: File 'VtuneApi32e.dll' does not exist
LogConsoleResponse: Display: Failed to find resolution value strings in scalability ini. Falling back to default.
LogInit: Display: Running engine for game: PGV_spline
LogPlatformFile: Not using cached read wrapper
LogTaskGraph: Started task graph with 5 named threads and 20 total threads with 3 sets of task threads.
LogStats: Stats thread started at 0.074755
LogD3D11RHI: Loaded GFSDK_Aftermath_Lib.x64.dll
LogICUInternationalization: ICU TimeZone Detection - Raw Offset: +1:00, Platform Override: ''
LogPluginManager: Mounting plugin Paper2D
LogPluginManager: Mounting plugin AISupport
LogPluginManager: Mounting plugin LightPropagationVolume
LogPluginManager: Mounting plugin ActorLayerUtilities
LogPluginManager: Mounting plugin AnimationSharing
LogPluginManager: Mounting plugin CLionSourceCodeAccess
LogPluginManager: Mounting plugin CodeLiteSourceCodeAccess
LogPluginManager: Mounting plugin GitSourceControl
LogPluginManager: Mounting plugin KDevelopSourceCodeAccess
LogPluginManager: Mounting plugin NullSourceCodeAccess
LogPluginManager: Mounting plugin PerforceSourceControl
LogPluginManager: Mounting plugin SubversionSourceControl
LogPluginManager: Mounting plugin UObjectPlugin
LogPluginManager: Mounting plugin VisualStudioCodeSourceCodeAccess
LogPluginManager: Mounting plugin VisualStudioSourceCodeAccess
LogPluginManager: Mounting plugin XCodeSourceCodeAccess
LogPluginManager: Mounting plugin AssetManagerEditor
LogPluginManager: Mounting plugin CryptoKeys
LogPluginManager: Mounting plugin CurveEditorTools
LogPluginManager: Mounting plugin DataValidation
LogPluginManager: Mounting plugin FacialAnimation
LogPluginManager: Mounting plugin GameplayTagsEditor
LogPluginManager: Mounting plugin MacGraphicsSwitching
LogPluginManager: Mounting plugin MaterialAnalyzer
LogPluginManager: Mounting plugin MobileLauncherProfileWizard
LogPluginManager: Mounting plugin PluginBrowser
LogPluginManager: Mounting plugin SpeedTreeImporter
LogPluginManager: Mounting plugin DatasmithContent
LogPluginManager: Mounting plugin VariantManagerContent
LogPluginManager: Mounting plugin AlembicImporter
LogPluginManager: Mounting plugin AutomationUtils
LogPluginManager: Mounting plugin BackChannel
LogPluginManager: Mounting plugin CharacterAI
LogPluginManager: Mounting plugin GeometryCache
LogPluginManager: Mounting plugin HTML5Networking
LogPluginManager: Mounting plugin PlatformCrypto
LogPluginManager: Mounting plugin ProxyLODPlugin
LogPluginManager: Mounting plugin SkeletalReduction
LogPluginManager: Mounting plugin MagicLeap
LogPluginManager: Mounting plugin MagicLeapMedia
LogPluginManager: Mounting plugin AndroidMedia
LogPluginManager: Mounting plugin AvfMedia
LogPluginManager: Mounting plugin ImgMedia
LogPluginManager: Mounting plugin MediaCompositing
LogPluginManager: Mounting plugin MediaPlayerEditor
LogPluginManager: Mounting plugin WebMMedia
LogPluginManager: Mounting plugin WmfMedia
LogPluginManager: Mounting plugin TcpMessaging
LogPluginManager: Mounting plugin UdpMessaging
LogPluginManager: Mounting plugin ActorSequence
LogPluginManager: Mounting plugin LevelSequenceEditor
LogPluginManager: Mounting plugin MatineeToLevelSequence
LogPluginManager: Mounting plugin NetcodeUnitTest
LogPluginManager: Mounting plugin NUTUnrealEngine4
LogPluginManager: Mounting plugin OnlineSubsystemGooglePlay
LogPluginManager: Mounting plugin OnlineSubsystemIOS
LogPluginManager: Mounting plugin OnlineSubsystem
LogPluginManager: Mounting plugin OnlineSubsystemNull
LogPluginManager: Mounting plugin OnlineSubsystemUtils
LogPluginManager: Mounting plugin LauncherChunkInstaller
LogPluginManager: Mounting plugin AndroidDeviceProfileSelector
LogPluginManager: Mounting plugin AndroidMoviePlayer
LogPluginManager: Mounting plugin AndroidPermission
LogPluginManager: Mounting plugin AppleImageUtils
LogPluginManager: Mounting plugin AppleMoviePlayer
LogPluginManager: Mounting plugin ArchVisCharacter
LogPluginManager: Mounting plugin AudioCapture
LogPluginManager: Mounting plugin CableComponent
LogPluginManager: Mounting plugin CustomMeshComponent
LogPluginManager: Mounting plugin EditableMesh
LogPluginManager: Mounting plugin ExampleDeviceProfileSelector
LogPluginManager: Mounting plugin GoogleCloudMessaging
LogPluginManager: Mounting plugin IOSDeviceProfileSelector
LogPluginManager: Mounting plugin LinuxDeviceProfileSelector
LogPluginManager: Mounting plugin LocationServicesBPLibrary
LogPluginManager: Mounting plugin MobilePatchingUtils
LogPluginManager: Mounting plugin OculusVR
LogPluginManager: Mounting plugin PhysXVehicles
LogPluginManager: Mounting plugin ProceduralMeshComponent
LogPluginManager: Mounting plugin RuntimePhysXCooking
LogPluginManager: Mounting plugin SignificanceManager
LogPluginManager: Mounting plugin SteamVR
LogPluginManager: Mounting plugin WebMMoviePlayer
LogPluginManager: Mounting plugin WindowsMoviePlayer
LogPluginManager: Mounting plugin ScreenshotTools
LogInit: Using libcurl 7.55.1-DEV
LogInit:  - built for x86_64-pc-win32
LogInit:  - supports SSL with OpenSSL/1.1.1
LogInit:  - supports HTTP deflate (compression) using libz 1.2.8
LogInit:  - other features:
LogInit:      CURL_VERSION_SSL
LogInit:      CURL_VERSION_LIBZ
LogInit:      CURL_VERSION_IPV6
LogInit:      CURL_VERSION_ASYNCHDNS
LogInit:      CURL_VERSION_LARGEFILE
LogInit:      CURL_VERSION_IDN
LogInit:  CurlRequestOptions (configurable via config and command line):
LogInit:  - bVerifyPeer = true  - Libcurl will verify peer certificate
LogInit:  - bUseHttpProxy = false  - Libcurl will NOT use HTTP proxy
LogInit:  - bDontReuseConnections = false  - Libcurl will reuse connections
LogInit:  - MaxHostConnections = 16  - Libcurl will limit the number of connections to a host
LogInit:  - LocalHostAddr = Default
LogInit:  - BufferSize = 65536
LogOnline: OSS: Creating online subsystem instance for: NULL
LogInit: WinSock: version 1.1 (2.2), MaxSocks=32767, MaxUdp=65467
LogInit: Build: ++UE4+Release-4.23-CL-9631420
LogInit: Engine Version: 4.23.1-9631420+++UE4+Release-4.23
LogInit: Compatible Engine Version: 4.23.0-8386587+++UE4+Release-4.23
LogInit: Net CL: 8386587
LogInit: OS: Windows 10 (Release 1903) (), CPU: Intel(R) Core(TM) i5-8500 CPU @ 3.00GHz, GPU: NVIDIA GeForce GTX 1060 6GB
LogInit: Compiled (64-bit): Oct 18 2019 02:07:44
LogInit: Compiled with Visual C++: 19.16.27030.01
LogInit: Build Configuration: Development
LogInit: Branch Name: ++UE4+Release-4.23
LogInit: Command Line: 
LogInit: Base Directory: C:/Program Files/Epic Games/UE_4.23/Engine/Binaries/Win64/
LogInit: Installed Engine Build: 1
LogDevObjectVersion: Number of dev versions registered: 23
LogDevObjectVersion:   Dev-Blueprints (B0D832E4-1F89-4F0D-ACCF-7EB736FD4AA2): 10
LogDevObjectVersion:   Dev-Build (E1C64328-A22C-4D53-A36C-8E866417BD8C): 0
LogDevObjectVersion:   Dev-Core (375EC13C-06E4-48FB-B500-84F0262A717E): 3
LogDevObjectVersion:   Dev-Editor (E4B068ED-F494-42E9-A231-DA0B2E46BB41): 34
LogDevObjectVersion:   Dev-Framework (CFFC743F-43B0-4480-9391-14DF171D2073): 35
LogDevObjectVersion:   Dev-Mobile (B02B49B5-BB20-44E9-A304-32B752E40360): 2
LogDevObjectVersion:   Dev-Networking (A4E4105C-59A1-49B5-A7C5-40C4547EDFEE): 0
LogDevObjectVersion:   Dev-Online (39C831C9-5AE6-47DC-9A44-9C173E1C8E7C): 0
LogDevObjectVersion:   Dev-Physics (78F01B33-EBEA-4F98-B9B4-84EACCB95AA2): 0
LogDevObjectVersion:   Dev-Platform (6631380F-2D4D-43E0-8009-CF276956A95A): 0
LogDevObjectVersion:   Dev-Rendering (12F88B9F-8875-4AFC-A67C-D90C383ABD29): 31
LogDevObjectVersion:   Dev-Sequencer (7B5AE74C-D270-4C10-A958-57980B212A5A): 11
LogDevObjectVersion:   Dev-VR (D7296918-1DD6-4BDD-9DE2-64A83CC13884): 2
LogDevObjectVersion:   Dev-LoadTimes (C2A15278-BFE7-4AFE-6C17-90FF531DF755): 1
LogDevObjectVersion:   Private-Geometry (6EACA3D4-40EC-4CC1-B786-8BED09428FC5): 3
LogDevObjectVersion:   Dev-AnimPhys (29E575DD-E0A3-4627-9D10-D276232CDCEA): 17
LogDevObjectVersion:   Dev-Anim (AF43A65D-7FD3-4947-9873-3E8ED9C1BB05): 2
LogDevObjectVersion:   Dev-ReflectionCapture (6B266CEC-1EC7-4B8F-A30B-E4D90942FC07): 1
LogDevObjectVersion:   Dev-Automation (0DF73D61-A23F-47EA-B727-89E90C41499A): 1
LogDevObjectVersion:   FortniteMain (601D1886-AC64-4F84-AA16-D3DE0DEAC7D6): 27
LogDevObjectVersion:   Dev-Enterprise (9DFFBCD6-494F-0158-E221-12823C92A888): 6
LogDevObjectVersion:   Dev-Niagara (F2AED0AC-9AFE-416F-8664-AA7FFA26D6FC): 1
LogDevObjectVersion:   Dev-Destruction (174F1F0B-B4C6-45A5-B13F-2EE8D0FB917D): 9
LogInit: Presizing for max 16777216 objects, including 0 objects not considered by GC, pre-allocating 0 bytes for permanent pool.
LogInit: Object subsystem initialized
LogConfig: Setting CVar [[con.DebugEarlyDefault:1]]
LogConfig: Setting CVar [[r.setres:1280x720]]
[2019.11.21-18.02.40:795][  0]LogConfig: Setting CVar [[r.VSync:0]]
[2019.11.21-18.02.40:795][  0]LogConfig: Setting CVar [[r.RHICmdBypass:0]]
[2019.11.21-18.02.40:795][  0]LogConfig: Applying CVar settings from Section [/Script/Engine.RendererSettings] File [C:/Users/Rafael/Documents/Unreal Projects/PGV_spline/PGV_unreal/Saved/Config/Windows/Engine.ini]
[2019.11.21-18.02.40:795][  0]LogConfig: Setting CVar [[r.GPUCrashDebugging:0]]
[2019.11.21-18.02.40:795][  0]LogConfig: Setting CVar [[r.DefaultFeature.AutoExposure.ExtendDefaultLuminanceRange:1]]
[2019.11.21-18.02.40:795][  0]LogConfig: Applying CVar settings from Section [/Script/Engine.RendererOverrideSettings] File [C:/Users/Rafael/Documents/Unreal Projects/PGV_spline/PGV_unreal/Saved/Config/Windows/Engine.ini]
[2019.11.21-18.02.40:795][  0]LogConfig: Applying CVar settings from Section [/Script/Engine.StreamingSettings] File [C:/Users/Rafael/Documents/Unreal Projects/PGV_spline/PGV_unreal/Saved/Config/Windows/Engine.ini]
[2019.11.21-18.02.40:795][  0]LogConfig: Setting CVar [[s.MinBulkDataSizeForAsyncLoading:131072]]
[2019.11.21-18.02.40:795][  0]LogConfig: Setting CVar [[s.AsyncLoadingThreadEnabled:0]]
[2019.11.21-18.02.40:795][  0]LogConfig: Setting CVar [[s.EventDrivenLoaderEnabled:1]]
[2019.11.21-18.02.40:795][  0]LogConfig: Setting CVar [[s.WarnIfTimeLimitExceeded:0]]
[2019.11.21-18.02.40:795][  0]LogConfig: Setting CVar [[s.TimeLimitExceededMultiplier:1.5]]
[2019.11.21-18.02.40:795][  0]LogConfig: Setting CVar [[s.TimeLimitExceededMinTime:0.005]]
[2019.11.21-18.02.40:795][  0]LogConfig: Setting CVar [[s.UseBackgroundLevelStreaming:1]]
[2019.11.21-18.02.40:795][  0]LogConfig: Setting CVar [[s.PriorityAsyncLoadingExtraTime:15.0]]
[2019.11.21-18.02.40:795][  0]LogConfig: Setting CVar [[s.LevelStreamingActorsUpdateTimeLimit:5.0]]
[2019.11.21-18.02.40:795][  0]LogConfig: Setting CVar [[s.PriorityLevelStreamingActorsUpdateExtraTime:5.0]]
[2019.11.21-18.02.40:795][  0]LogConfig: Setting CVar [[s.LevelStreamingComponentsRegistrationGranularity:10]]
[2019.11.21-18.02.40:795][  0]LogConfig: Setting CVar [[s.UnregisterComponentsTimeLimit:1.0]]
[2019.11.21-18.02.40:795][  0]LogConfig: Setting CVar [[s.LevelStreamingComponentsUnregistrationGranularity:5]]
[2019.11.21-18.02.40:795][  0]LogConfig: Applying CVar settings from Section [/Script/Engine.GarbageCollectionSettings] File [C:/Users/Rafael/Documents/Unreal Projects/PGV_spline/PGV_unreal/Saved/Config/Windows/Engine.ini]
[2019.11.21-18.02.40:795][  0]LogConfig: Setting CVar [[gc.MaxObjectsNotConsideredByGC:1]]
[2019.11.21-18.02.40:795][  0]LogConfig: Setting CVar [[gc.SizeOfPermanentObjectPool:0]]
[2019.11.21-18.02.40:795][  0]LogConfig: Setting CVar [[gc.FlushStreamingOnGC:0]]
[2019.11.21-18.02.40:795][  0]LogConfig: Setting CVar [[gc.NumRetriesBeforeForcingGC:10]]
[2019.11.21-18.02.40:795][  0]LogConfig: Setting CVar [[gc.AllowParallelGC:1]]
[2019.11.21-18.02.40:795][  0]LogConfig: Setting CVar [[gc.TimeBetweenPurgingPendingKillObjects:61.1]]
[2019.11.21-18.02.40:795][  0]LogConfig: Setting CVar [[gc.MaxObjectsInEditor:16777216]]
[2019.11.21-18.02.40:795][  0]LogConfig: Setting CVar [[gc.IncrementalBeginDestroyEnabled:1]]
[2019.11.21-18.02.40:795][  0]LogConfig: Setting CVar [[gc.CreateGCClusters:1]]
[2019.11.21-18.02.40:795][  0]LogConfig: Setting CVar [[gc.MinGCClusterSize:5]]
[2019.11.21-18.02.40:795][  0]LogConfig: Setting CVar [[gc.ActorClusteringEnabled:0]]
[2019.11.21-18.02.40:795][  0]LogConfig: Setting CVar [[gc.BlueprintClusteringEnabled:0]]
[2019.11.21-18.02.40:795][  0]LogConfig: Setting CVar [[gc.UseDisregardForGCOnDedicatedServers:0]]
[2019.11.21-18.02.40:795][  0]LogConfig: Applying CVar settings from Section [/Script/Engine.NetworkSettings] File [C:/Users/Rafael/Documents/Unreal Projects/PGV_spline/PGV_unreal/Saved/Config/Windows/Engine.ini]
[2019.11.21-18.02.40:795][  0]LogConfig: Applying CVar settings from Section [/Script/UnrealEd.CookerSettings] File [C:/Users/Rafael/Documents/Unreal Projects/PGV_spline/PGV_unreal/Saved/Config/Windows/Engine.ini]
[2019.11.21-18.02.40:798][  0]LogConfig: Applying CVar settings from Section [ViewDistanceQuality@3] File [C:/Users/Rafael/Documents/Unreal Projects/PGV_spline/PGV_unreal/Saved/Config/Windows/Scalability.ini]
[2019.11.21-18.02.40:798][  0]LogConfig: Setting CVar [[r.SkeletalMeshLODBias:0]]
[2019.11.21-18.02.40:798][  0]LogConfig: Setting CVar [[r.ViewDistanceScale:1.0]]
[2019.11.21-18.02.40:798][  0]LogConfig: Applying CVar settings from Section [AntiAliasingQuality@3] File [C:/Users/Rafael/Documents/Unreal Projects/PGV_spline/PGV_unreal/Saved/Config/Windows/Scalability.ini]
[2019.11.21-18.02.40:798][  0]LogConfig: Setting CVar [[r.PostProcessAAQuality:4]]
[2019.11.21-18.02.40:798][  0]LogConfig: Applying CVar settings from Section [ShadowQuality@3] File [C:/Users/Rafael/Documents/Unreal Projects/PGV_spline/PGV_unreal/Saved/Config/Windows/Scalability.ini]
[2019.11.21-18.02.40:798][  0]LogConfig: Setting CVar [[r.LightFunctionQuality:1]]
[2019.11.21-18.02.40:798][  0]LogConfig: Setting CVar [[r.ShadowQuality:5]]
[2019.11.21-18.02.40:798][  0]LogConfig: Setting CVar [[r.Shadow.CSM.MaxCascades:10]]
[2019.11.21-18.02.40:798][  0]LogConfig: Setting CVar [[r.Shadow.MaxResolution:2048]]
[2019.11.21-18.02.40:798][  0]LogConfig: Setting CVar [[r.Shadow.MaxCSMResolution:2048]]
[2019.11.21-18.02.40:798][  0]LogConfig: Setting CVar [[r.Shadow.RadiusThreshold:0.01]]
[2019.11.21-18.02.40:798][  0]LogConfig: Setting CVar [[r.Shadow.DistanceScale:1.0]]
[2019.11.21-18.02.40:798][  0]LogConfig: Setting CVar [[r.Shadow.CSM.TransitionScale:1.0]]
[2019.11.21-18.02.40:798][  0]LogConfig: Setting CVar [[r.Shadow.PreShadowResolutionFactor:1.0]]
[2019.11.21-18.02.40:798][  0]LogConfig: Setting CVar [[r.DistanceFieldShadowing:1]]
[2019.11.21-18.02.40:798][  0]LogConfig: Setting CVar [[r.DistanceFieldAO:1]]
[2019.11.21-18.02.40:798][  0]LogConfig: Setting CVar [[r.AOQuality:2]]
[2019.11.21-18.02.40:798][  0]LogConfig: Setting CVar [[r.VolumetricFog:1]]
[2019.11.21-18.02.40:798][  0]LogConfig: Setting CVar [[r.VolumetricFog.GridPixelSize:8]]
[2019.11.21-18.02.40:798][  0]LogConfig: Setting CVar [[r.VolumetricFog.GridSizeZ:128]]
[2019.11.21-18.02.40:798][  0]LogConfig: Setting CVar [[r.VolumetricFog.HistoryMissSupersampleCount:4]]
[2019.11.21-18.02.40:798][  0]LogConfig: Setting CVar [[r.LightMaxDrawDistanceScale:1]]
[2019.11.21-18.02.40:798][  0]LogConfig: Setting CVar [[r.CapsuleShadows:1]]
[2019.11.21-18.02.40:798][  0]LogConfig: Applying CVar settings from Section [PostProcessQuality@3] File [C:/Users/Rafael/Documents/Unreal Projects/PGV_spline/PGV_unreal/Saved/Config/Windows/Scalability.ini]
[2019.11.21-18.02.40:798][  0]LogConfig: Setting CVar [[r.MotionBlurQuality:4]]
[2019.11.21-18.02.40:798][  0]LogConfig: Setting CVar [[r.AmbientOcclusionMipLevelFactor:0.4]]
[2019.11.21-18.02.40:798][  0]LogConfig: Setting CVar [[r.AmbientOcclusionMaxQuality:100]]
[2019.11.21-18.02.40:798][  0]LogConfig: Setting CVar [[r.AmbientOcclusionLevels:-1]]
[2019.11.21-18.02.40:798][  0]LogConfig: Setting CVar [[r.AmbientOcclusionRadiusScale:1.0]]
[2019.11.21-18.02.40:798][  0]LogConfig: Setting CVar [[r.DepthOfFieldQuality:2]]
[2019.11.21-18.02.40:798][  0]LogConfig: Setting CVar [[r.RenderTargetPoolMin:400]]
[2019.11.21-18.02.40:798][  0]LogConfig: Setting CVar [[r.LensFlareQuality:2]]
[2019.11.21-18.02.40:798][  0]LogConfig: Setting CVar [[r.SceneColorFringeQuality:1]]
[2019.11.21-18.02.40:798][  0]LogConfig: Setting CVar [[r.EyeAdaptationQuality:2]]
[2019.11.21-18.02.40:798][  0]LogConfig: Setting CVar [[r.BloomQuality:5]]
[2019.11.21-18.02.40:798][  0]LogConfig: Setting CVar [[r.FastBlurThreshold:100]]
[2019.11.21-18.02.40:798][  0]LogConfig: Setting CVar [[r.Upscale.Quality:3]]
[2019.11.21-18.02.40:798][  0]LogConfig: Setting CVar [[r.Tonemapper.GrainQuantization:1]]
[2019.11.21-18.02.40:798][  0]LogConfig: Setting CVar [[r.LightShaftQuality:1]]
[2019.11.21-18.02.40:798][  0]LogConfig: Setting CVar [[r.Filter.SizeScale:1]]
[2019.11.21-18.02.40:798][  0]LogConfig: Setting CVar [[r.Tonemapper.Quality:5]]
[2019.11.21-18.02.40:798][  0]LogConfig: Setting CVar [[r.DOF.Gather.AccumulatorQuality:1        ; higher gathering accumulator quality]]
[2019.11.21-18.02.40:798][  0]LogConfig: Setting CVar [[r.DOF.Gather.PostfilterMethod:1          ; Median3x3 postfilering method]]
[2019.11.21-18.02.40:798][  0]LogConfig: Setting CVar [[r.DOF.Gather.EnableBokehSettings:0       ; no bokeh simulation when gathering]]
[2019.11.21-18.02.40:798][  0]LogConfig: Setting CVar [[r.DOF.Gather.RingCount:4                 ; medium number of samples when gathering]]
[2019.11.21-18.02.40:798][  0]LogConfig: Setting CVar [[r.DOF.Scatter.ForegroundCompositing:1    ; additive foreground scattering]]
[2019.11.21-18.02.40:798][  0]LogConfig: Setting CVar [[r.DOF.Scatter.BackgroundCompositing:2    ; additive background scattering]]
[2019.11.21-18.02.40:798][  0]LogConfig: Setting CVar [[r.DOF.Scatter.EnableBokehSettings:1      ; bokeh simulation when scattering]]
[2019.11.21-18.02.40:798][  0]LogConfig: Setting CVar [[r.DOF.Scatter.MaxSpriteRatio:0.1         ; only a maximum of 10% of scattered bokeh]]
[2019.11.21-18.02.40:798][  0]LogConfig: Setting CVar [[r.DOF.Recombine.Quality:1                ; cheap slight out of focus]]
[2019.11.21-18.02.40:798][  0]LogConfig: Setting CVar [[r.DOF.Recombine.EnableBokehSettings:0    ; no bokeh simulation on slight out of focus]]
[2019.11.21-18.02.40:798][  0]LogConfig: Setting CVar [[r.DOF.TemporalAAQuality:1                ; more stable temporal accumulation]]
[2019.11.21-18.02.40:798][  0]LogConfig: Setting CVar [[r.DOF.Kernel.MaxForegroundRadius:0.025]]
[2019.11.21-18.02.40:798][  0]LogConfig: Setting CVar [[r.DOF.Kernel.MaxBackgroundRadius:0.025]]
[2019.11.21-18.02.40:798][  0]LogConfig: Applying CVar settings from Section [TextureQuality@3] File [C:/Users/Rafael/Documents/Unreal Projects/PGV_spline/PGV_unreal/Saved/Config/Windows/Scalability.ini]
[2019.11.21-18.02.40:798][  0]LogConfig: Setting CVar [[r.Streaming.MipBias:0]]
[2019.11.21-18.02.40:799][  0]LogConfig: Setting CVar [[r.Streaming.AmortizeCPUToGPUCopy:0]]
[2019.11.21-18.02.40:799][  0]LogConfig: Setting CVar [[r.Streaming.MaxNumTexturesToStreamPerFrame:0]]
[2019.11.21-18.02.40:799][  0]LogConfig: Setting CVar [[r.Streaming.Boost:1]]
[2019.11.21-18.02.40:799][  0]LogConfig: Setting CVar [[r.MaxAnisotropy:8]]
[2019.11.21-18.02.40:799][  0]LogConfig: Setting CVar [[r.Streaming.LimitPoolSizeToVRAM:0]]
[2019.11.21-18.02.40:799][  0]LogConfig: Setting CVar [[r.Streaming.PoolSize:1000]]
[2019.11.21-18.02.40:799][  0]LogConfig: Setting CVar [[r.Streaming.MaxEffectiveScreenSize:0]]
[2019.11.21-18.02.40:799][  0]LogConfig: Applying CVar settings from Section [EffectsQuality@3] File [C:/Users/Rafael/Documents/Unreal Projects/PGV_spline/PGV_unreal/Saved/Config/Windows/Scalability.ini]
[2019.11.21-18.02.40:799][  0]LogConfig: Setting CVar [[r.TranslucencyLightingVolumeDim:64]]
[2019.11.21-18.02.40:799][  0]LogConfig: Setting CVar [[r.RefractionQuality:2]]
[2019.11.21-18.02.40:799][  0]LogConfig: Setting CVar [[r.SSR.Quality:3]]
[2019.11.21-18.02.40:799][  0]LogConfig: Setting CVar [[r.SceneColorFormat:4]]
[2019.11.21-18.02.40:799][  0]LogConfig: Setting CVar [[r.DetailMode:2]]
[2019.11.21-18.02.40:799][  0]LogConfig: Setting CVar [[r.TranslucencyVolumeBlur:1]]
[2019.11.21-18.02.40:799][  0]LogConfig: Setting CVar [[r.MaterialQualityLevel:1 ; High quality]]
[2019.11.21-18.02.40:799][  0]LogConfig: Setting CVar [[r.SSS.Scale:1]]
[2019.11.21-18.02.40:799][  0]LogConfig: Setting CVar [[r.SSS.SampleSet:2]]
[2019.11.21-18.02.40:799][  0]LogConfig: Setting CVar [[r.SSS.Quality:1]]
[2019.11.21-18.02.40:799][  0]LogConfig: Setting CVar [[r.SSS.HalfRes:1]]
[2019.11.21-18.02.40:799][  0]LogConfig: Setting CVar [[r.EmitterSpawnRateScale:1.0]]
[2019.11.21-18.02.40:799][  0]LogConfig: Setting CVar [[r.ParticleLightQuality:2]]
[2019.11.21-18.02.40:799][  0]LogConfig: Applying CVar settings from Section [FoliageQuality@3] File [C:/Users/Rafael/Documents/Unreal Projects/PGV_spline/PGV_unreal/Saved/Config/Windows/Scalability.ini]
[2019.11.21-18.02.40:799][  0]LogConfig: Setting CVar [[foliage.DensityScale:1.0]]
[2019.11.21-18.02.40:799][  0]LogConfig: Setting CVar [[grass.DensityScale:1.0]]
[2019.11.21-18.02.40:799][  0]LogInit: Selected Device Profile: [Windows]
[2019.11.21-18.02.40:799][  0]LogInit: Applying CVar settings loaded from the selected device profile: [Windows]
[2019.11.21-18.02.40:802][  0]LogHAL: Display: Platform has ~ 16 GB [17138614272 / 17179869184 / 16], which maps to Larger [LargestMinGB=32, LargerMinGB=12, DefaultMinGB=8, SmallerMinGB=6, SmallestMinGB=0)
[2019.11.21-18.02.40:802][  0]LogInit: Going up to parent DeviceProfile []
[2019.11.21-18.02.40:802][  0]LogConfig: Applying CVar settings from Section [ViewDistanceQuality@3] File [C:/Users/Rafael/Documents/Unreal Projects/PGV_spline/PGV_unreal/Saved/Config/Windows/Scalability.ini]
[2019.11.21-18.02.40:802][  0]LogConfig: Setting CVar [[r.SkeletalMeshLODBias:0]]
[2019.11.21-18.02.40:802][  0]LogConfig: Setting CVar [[r.ViewDistanceScale:1.0]]
[2019.11.21-18.02.40:802][  0]LogConfig: Applying CVar settings from Section [AntiAliasingQuality@3] File [C:/Users/Rafael/Documents/Unreal Projects/PGV_spline/PGV_unreal/Saved/Config/Windows/Scalability.ini]
[2019.11.21-18.02.40:802][  0]LogConfig: Setting CVar [[r.PostProcessAAQuality:4]]
[2019.11.21-18.02.40:802][  0]LogConfig: Applying CVar settings from Section [ShadowQuality@3] File [C:/Users/Rafael/Documents/Unreal Projects/PGV_spline/PGV_unreal/Saved/Config/Windows/Scalability.ini]
[2019.11.21-18.02.40:802][  0]LogConfig: Setting CVar [[r.LightFunctionQuality:1]]
[2019.11.21-18.02.40:802][  0]LogConfig: Setting CVar [[r.ShadowQuality:5]]
[2019.11.21-18.02.40:802][  0]LogConfig: Setting CVar [[r.Shadow.CSM.MaxCascades:10]]
[2019.11.21-18.02.40:802][  0]LogConfig: Setting CVar [[r.Shadow.MaxResolution:2048]]
[2019.11.21-18.02.40:802][  0]LogConfig: Setting CVar [[r.Shadow.MaxCSMResolution:2048]]
[2019.11.21-18.02.40:802][  0]LogConfig: Setting CVar [[r.Shadow.RadiusThreshold:0.01]]
[2019.11.21-18.02.40:802][  0]LogConfig: Setting CVar [[r.Shadow.DistanceScale:1.0]]
[2019.11.21-18.02.40:802][  0]LogConfig: Setting CVar [[r.Shadow.CSM.TransitionScale:1.0]]
[2019.11.21-18.02.40:802][  0]LogConfig: Setting CVar [[r.Shadow.PreShadowResolutionFactor:1.0]]
[2019.11.21-18.02.40:802][  0]LogConfig: Setting CVar [[r.DistanceFieldShadowing:1]]
[2019.11.21-18.02.40:802][  0]LogConfig: Setting CVar [[r.DistanceFieldAO:1]]
[2019.11.21-18.02.40:802][  0]LogConfig: Setting CVar [[r.AOQuality:2]]
[2019.11.21-18.02.40:802][  0]LogConfig: Setting CVar [[r.VolumetricFog:1]]
[2019.11.21-18.02.40:802][  0]LogConfig: Setting CVar [[r.VolumetricFog.GridPixelSize:8]]
[2019.11.21-18.02.40:802][  0]LogConfig: Setting CVar [[r.VolumetricFog.GridSizeZ:128]]
[2019.11.21-18.02.40:802][  0]LogConfig: Setting CVar [[r.VolumetricFog.HistoryMissSupersampleCount:4]]
[2019.11.21-18.02.40:802][  0]LogConfig: Setting CVar [[r.LightMaxDrawDistanceScale:1]]
[2019.11.21-18.02.40:802][  0]LogConfig: Setting CVar [[r.CapsuleShadows:1]]
[2019.11.21-18.02.40:802][  0]LogConfig: Applying CVar settings from Section [PostProcessQuality@3] File [C:/Users/Rafael/Documents/Unreal Projects/PGV_spline/PGV_unreal/Saved/Config/Windows/Scalability.ini]
[2019.11.21-18.02.40:802][  0]LogConfig: Setting CVar [[r.MotionBlurQuality:4]]
[2019.11.21-18.02.40:802][  0]LogConfig: Setting CVar [[r.AmbientOcclusionMipLevelFactor:0.4]]
[2019.11.21-18.02.40:802][  0]LogConfig: Setting CVar [[r.AmbientOcclusionMaxQuality:100]]
[2019.11.21-18.02.40:802][  0]LogConfig: Setting CVar [[r.AmbientOcclusionLevels:-1]]
[2019.11.21-18.02.40:802][  0]LogConfig: Setting CVar [[r.AmbientOcclusionRadiusScale:1.0]]
[2019.11.21-18.02.40:802][  0]LogConfig: Setting CVar [[r.DepthOfFieldQuality:2]]
[2019.11.21-18.02.40:802][  0]LogConfig: Setting CVar [[r.RenderTargetPoolMin:400]]
[2019.11.21-18.02.40:802][  0]LogConfig: Setting CVar [[r.LensFlareQuality:2]]
[2019.11.21-18.02.40:802][  0]LogConfig: Setting CVar [[r.SceneColorFringeQuality:1]]
[2019.11.21-18.02.40:802][  0]LogConfig: Setting CVar [[r.EyeAdaptationQuality:2]]
[2019.11.21-18.02.40:802][  0]LogConfig: Setting CVar [[r.BloomQuality:5]]
[2019.11.21-18.02.40:802][  0]LogConfig: Setting CVar [[r.FastBlurThreshold:100]]
[2019.11.21-18.02.40:802][  0]LogConfig: Setting CVar [[r.Upscale.Quality:3]]
[2019.11.21-18.02.40:802][  0]LogConfig: Setting CVar [[r.Tonemapper.GrainQuantization:1]]
[2019.11.21-18.02.40:802][  0]LogConfig: Setting CVar [[r.LightShaftQuality:1]]
[2019.11.21-18.02.40:802][  0]LogConfig: Setting CVar [[r.Filter.SizeScale:1]]
[2019.11.21-18.02.40:802][  0]LogConfig: Setting CVar [[r.Tonemapper.Quality:5]]
[2019.11.21-18.02.40:802][  0]LogConfig: Setting CVar [[r.DOF.Gather.AccumulatorQuality:1        ; higher gathering accumulator quality]]
[2019.11.21-18.02.40:802][  0]LogConfig: Setting CVar [[r.DOF.Gather.PostfilterMethod:1          ; Median3x3 postfilering method]]
[2019.11.21-18.02.40:802][  0]LogConfig: Setting CVar [[r.DOF.Gather.EnableBokehSettings:0       ; no bokeh simulation when gathering]]
[2019.11.21-18.02.40:802][  0]LogConfig: Setting CVar [[r.DOF.Gather.RingCount:4                 ; medium number of samples when gathering]]
[2019.11.21-18.02.40:802][  0]LogConfig: Setting CVar [[r.DOF.Scatter.ForegroundCompositing:1    ; additive foreground scattering]]
[2019.11.21-18.02.40:802][  0]LogConfig: Setting CVar [[r.DOF.Scatter.BackgroundCompositing:2    ; additive background scattering]]
[2019.11.21-18.02.40:802][  0]LogConfig: Setting CVar [[r.DOF.Scatter.EnableBokehSettings:1      ; bokeh simulation when scattering]]
[2019.11.21-18.02.40:802][  0]LogConfig: Setting CVar [[r.DOF.Scatter.MaxSpriteRatio:0.1         ; only a maximum of 10% of scattered bokeh]]
[2019.11.21-18.02.40:802][  0]LogConfig: Setting CVar [[r.DOF.Recombine.Quality:1                ; cheap slight out of focus]]
[2019.11.21-18.02.40:802][  0]LogConfig: Setting CVar [[r.DOF.Recombine.EnableBokehSettings:0    ; no bokeh simulation on slight out of focus]]
[2019.11.21-18.02.40:802][  0]LogConfig: Setting CVar [[r.DOF.TemporalAAQuality:1                ; more stable temporal accumulation]]
[2019.11.21-18.02.40:802][  0]LogConfig: Setting CVar [[r.DOF.Kernel.MaxForegroundRadius:0.025]]
[2019.11.21-18.02.40:802][  0]LogConfig: Setting CVar [[r.DOF.Kernel.MaxBackgroundRadius:0.025]]
[2019.11.21-18.02.40:802][  0]LogConfig: Applying CVar settings from Section [TextureQuality@3] File [C:/Users/Rafael/Documents/Unreal Projects/PGV_spline/PGV_unreal/Saved/Config/Windows/Scalability.ini]
[2019.11.21-18.02.40:802][  0]LogConfig: Setting CVar [[r.Streaming.MipBias:0]]
[2019.11.21-18.02.40:803][  0]LogConfig: Setting CVar [[r.Streaming.AmortizeCPUToGPUCopy:0]]
[2019.11.21-18.02.40:803][  0]LogConfig: Setting CVar [[r.Streaming.MaxNumTexturesToStreamPerFrame:0]]
[2019.11.21-18.02.40:803][  0]LogConfig: Setting CVar [[r.Streaming.Boost:1]]
[2019.11.21-18.02.40:803][  0]LogConfig: Setting CVar [[r.MaxAnisotropy:8]]
[2019.11.21-18.02.40:803][  0]LogConfig: Setting CVar [[r.Streaming.LimitPoolSizeToVRAM:0]]
[2019.11.21-18.02.40:803][  0]LogConfig: Setting CVar [[r.Streaming.PoolSize:1000]]
[2019.11.21-18.02.40:803][  0]LogConfig: Setting CVar [[r.Streaming.MaxEffectiveScreenSize:0]]
[2019.11.21-18.02.40:803][  0]LogConfig: Applying CVar settings from Section [EffectsQuality@3] File [C:/Users/Rafael/Documents/Unreal Projects/PGV_spline/PGV_unreal/Saved/Config/Windows/Scalability.ini]
[2019.11.21-18.02.40:803][  0]LogConfig: Setting CVar [[r.TranslucencyLightingVolumeDim:64]]
[2019.11.21-18.02.40:803][  0]LogConfig: Setting CVar [[r.RefractionQuality:2]]
[2019.11.21-18.02.40:803][  0]LogConfig: Setting CVar [[r.SSR.Quality:3]]
[2019.11.21-18.02.40:803][  0]LogConfig: Setting CVar [[r.SceneColorFormat:4]]
[2019.11.21-18.02.40:803][  0]LogConfig: Setting CVar [[r.DetailMode:2]]
[2019.11.21-18.02.40:803][  0]LogConfig: Setting CVar [[r.TranslucencyVolumeBlur:1]]
[2019.11.21-18.02.40:803][  0]LogConfig: Setting CVar [[r.MaterialQualityLevel:1 ; High quality]]
[2019.11.21-18.02.40:803][  0]LogConfig: Setting CVar [[r.SSS.Scale:1]]
[2019.11.21-18.02.40:803][  0]LogConfig: Setting CVar [[r.SSS.SampleSet:2]]
[2019.11.21-18.02.40:803][  0]LogConfig: Setting CVar [[r.SSS.Quality:1]]
[2019.11.21-18.02.40:803][  0]LogConfig: Setting CVar [[r.SSS.HalfRes:1]]
[2019.11.21-18.02.40:803][  0]LogConfig: Setting CVar [[r.EmitterSpawnRateScale:1.0]]
[2019.11.21-18.02.40:803][  0]LogConfig: Setting CVar [[r.ParticleLightQuality:2]]
[2019.11.21-18.02.40:803][  0]LogConfig: Applying CVar settings from Section [FoliageQuality@3] File [C:/Users/Rafael/Documents/Unreal Projects/PGV_spline/PGV_unreal/Saved/Config/Windows/Scalability.ini]
[2019.11.21-18.02.40:803][  0]LogConfig: Setting CVar [[foliage.DensityScale:1.0]]
[2019.11.21-18.02.40:803][  0]LogConfig: Setting CVar [[grass.DensityScale:1.0]]
[2019.11.21-18.02.40:803][  0]LogConfig: Applying CVar settings from Section [Startup] File [../../../Engine/Config/ConsoleVariables.ini]
[2019.11.21-18.02.40:803][  0]LogConfig: Setting CVar [[net.UseAdaptiveNetUpdateFrequency:0]]
[2019.11.21-18.02.40:803][  0]LogConfig: Setting CVar [[p.chaos.AllowCreatePhysxBodies:1]]
[2019.11.21-18.02.40:803][  0]LogConfig: Applying CVar settings from Section [ConsoleVariables] File [C:/Users/Rafael/Documents/Unreal Projects/PGV_spline/PGV_unreal/Saved/Config/Windows/Engine.ini]
[2019.11.21-18.02.40:803][  0]LogInit: Computer: DESKTOP-8FIF1KJ
[2019.11.21-18.02.40:803][  0]LogInit: User: Rafael
[2019.11.21-18.02.40:803][  0]LogInit: CPU Page size=4096, Cores=6
[2019.11.21-18.02.40:803][  0]LogInit: High frequency timer resolution =10.000000 MHz
[2019.11.21-18.02.40:803][  0]LogMemory: Memory total: Physical=16.0GB (16GB approx)
[2019.11.21-18.02.40:803][  0]LogMemory: Platform Memory Stats for Windows
[2019.11.21-18.02.40:803][  0]LogMemory: Process Physical Memory: 101.47 MB used, 101.48 MB peak
[2019.11.21-18.02.40:803][  0]LogMemory: Process Virtual Memory: 100.57 MB used, 100.57 MB peak
[2019.11.21-18.02.40:803][  0]LogMemory: Physical Memory: 6108.61 MB used,  10236.04 MB free, 16344.66 MB total
[2019.11.21-18.02.40:803][  0]LogMemory: Virtual Memory: 4649.89 MB used,  134213080.00 MB free, 134217728.00 MB total
[2019.11.21-18.02.40:806][  0]LogWindows: WindowsPlatformFeatures enabled
[2019.11.21-18.02.40:833][  0]LogInit: Overriding language with editor language configuration option (en).
[2019.11.21-18.02.40:833][  0]LogInit: Overriding locale with editor culture configuration option ().
[2019.11.21-18.02.40:833][  0]LogInit: Using OS detected locale (es-ES).
[2019.11.21-18.02.40:976][  0]LogInit: Setting process to per monitor DPI aware
[2019.11.21-18.02.41:008][  0]LogSlate: New Slate User Created.  User Index 0, Is Virtual User: 0
[2019.11.21-18.02.41:008][  0]LogSlate: Slate User Registered.  User Index 0, Is Virtual User: 0
[2019.11.21-18.02.41:169][  0]LogHMD: Failed to initialize OpenVR with code 110
[2019.11.21-18.02.41:169][  0]LogD3D11RHI: D3D11 adapters:
[2019.11.21-18.02.41:220][  0]LogD3D11RHI:    0. 'NVIDIA GeForce GTX 1060 6GB' (Feature Level 11_0)
[2019.11.21-18.02.41:220][  0]LogD3D11RHI:       6052/0/8172 MB DedicatedVideo/DedicatedSystem/SharedSystem, Outputs:1, VendorId:0x10de
[2019.11.21-18.02.41:222][  0]LogD3D11RHI:    1. 'Microsoft Basic Render Driver' (Feature Level 11_0)
[2019.11.21-18.02.41:222][  0]LogD3D11RHI:       0/0/8172 MB DedicatedVideo/DedicatedSystem/SharedSystem, Outputs:0, VendorId:0x1414
[2019.11.21-18.02.41:222][  0]LogD3D11RHI: Chosen D3D11 Adapter: 0
[2019.11.21-18.02.41:228][  0]LogD3D11RHI: Creating new Direct3DDevice
[2019.11.21-18.02.41:228][  0]LogD3D11RHI:     GPU DeviceId: 0x1c03 (for the marketing name, search the web for "GPU Device Id")
[2019.11.21-18.02.41:228][  0]LogWindows: EnumDisplayDevices:
[2019.11.21-18.02.41:228][  0]LogWindows:    0. 'NVIDIA GeForce GTX 1060 6GB' (P:1 D:1)
[2019.11.21-18.02.41:228][  0]LogWindows:    1. 'NVIDIA GeForce GTX 1060 6GB' (P:0 D:0)
[2019.11.21-18.02.41:228][  0]LogWindows:    2. 'NVIDIA GeForce GTX 1060 6GB' (P:0 D:0)
[2019.11.21-18.02.41:229][  0]LogWindows:    3. 'NVIDIA GeForce GTX 1060 6GB' (P:0 D:0)
[2019.11.21-18.02.41:229][  0]LogWindows: DebugString: FoundDriverCount:4 
[2019.11.21-18.02.41:229][  0]LogD3D11RHI:     Adapter Name: NVIDIA GeForce GTX 1060 6GB
[2019.11.21-18.02.41:229][  0]LogD3D11RHI:   Driver Version: 441.20 (internal:26.21.14.4120, unified:441.20)
[2019.11.21-18.02.41:229][  0]LogD3D11RHI:      Driver Date: 11-6-2019
[2019.11.21-18.02.41:229][  0]LogRHI: Texture pool is 4236 MB (70% of 6052 MB)
[2019.11.21-18.02.41:264][  0]LogD3D11RHI: Async texture creation enabled
[2019.11.21-18.02.41:282][  0]LogD3D11RHI: GPU Timing Frequency: 1000.000000 (Debug: 2 1)
[2019.11.21-18.02.41:553][  0]LogTemp: Display: Module 'AllDesktopTargetPlatform' loaded TargetPlatform 'AllDesktop'
[2019.11.21-18.02.41:562][  0]LogTemp: Display: Module 'MacClientTargetPlatform' loaded TargetPlatform 'MacClient'
[2019.11.21-18.02.41:571][  0]LogTemp: Display: Module 'MacNoEditorTargetPlatform' loaded TargetPlatform 'MacNoEditor'
[2019.11.21-18.02.41:580][  0]LogTemp: Display: Module 'MacServerTargetPlatform' loaded TargetPlatform 'MacServer'
[2019.11.21-18.02.41:589][  0]LogTemp: Display: Module 'MacTargetPlatform' loaded TargetPlatform 'Mac'
[2019.11.21-18.02.41:598][  0]LogTemp: Display: Module 'WindowsClientTargetPlatform' loaded TargetPlatform 'WindowsClient'
[2019.11.21-18.02.41:607][  0]LogTemp: Display: Module 'WindowsNoEditorTargetPlatform' loaded TargetPlatform 'WindowsNoEditor'
[2019.11.21-18.02.41:616][  0]LogTemp: Display: Module 'WindowsServerTargetPlatform' loaded TargetPlatform 'WindowsServer'
[2019.11.21-18.02.41:621][  0]LogTemp: Display: Module 'WindowsTargetPlatform' loaded TargetPlatform 'Windows'
[2019.11.21-18.02.41:649][  0]LogTemp: Display: Module 'AndroidTargetPlatform' loaded TargetPlatform 'Android'
[2019.11.21-18.02.41:649][  0]LogTemp: Display: Module 'AndroidTargetPlatform' loaded TargetPlatform 'Android_ASTC'
[2019.11.21-18.02.41:649][  0]LogTemp: Display: Module 'AndroidTargetPlatform' loaded TargetPlatform 'Android_ATC'
[2019.11.21-18.02.41:649][  0]LogTemp: Display: Module 'AndroidTargetPlatform' loaded TargetPlatform 'Android_DXT'
[2019.11.21-18.02.41:649][  0]LogTemp: Display: Module 'AndroidTargetPlatform' loaded TargetPlatform 'Android_ETC1'
[2019.11.21-18.02.41:649][  0]LogTemp: Display: Module 'AndroidTargetPlatform' loaded TargetPlatform 'Android_ETC1a'
[2019.11.21-18.02.41:649][  0]LogTemp: Display: Module 'AndroidTargetPlatform' loaded TargetPlatform 'Android_ETC2'
[2019.11.21-18.02.41:649][  0]LogTemp: Display: Module 'AndroidTargetPlatform' loaded TargetPlatform 'Android_PVRTC'
[2019.11.21-18.02.41:649][  0]LogTemp: Display: Module 'AndroidTargetPlatform' loaded TargetPlatform 'AndroidClient'
[2019.11.21-18.02.41:649][  0]LogTemp: Display: Module 'AndroidTargetPlatform' loaded TargetPlatform 'Android_ASTCClient'
[2019.11.21-18.02.41:649][  0]LogTemp: Display: Module 'AndroidTargetPlatform' loaded TargetPlatform 'Android_ATCClient'
[2019.11.21-18.02.41:649][  0]LogTemp: Display: Module 'AndroidTargetPlatform' loaded TargetPlatform 'Android_DXTClient'
[2019.11.21-18.02.41:649][  0]LogTemp: Display: Module 'AndroidTargetPlatform' loaded TargetPlatform 'Android_ETC1Client'
[2019.11.21-18.02.41:650][  0]LogTemp: Display: Module 'AndroidTargetPlatform' loaded TargetPlatform 'Android_ETC1aClient'
[2019.11.21-18.02.41:650][  0]LogTemp: Display: Module 'AndroidTargetPlatform' loaded TargetPlatform 'Android_ETC2Client'
[2019.11.21-18.02.41:650][  0]LogTemp: Display: Module 'AndroidTargetPlatform' loaded TargetPlatform 'Android_PVRTCClient'
[2019.11.21-18.02.41:650][  0]LogTemp: Display: Module 'AndroidTargetPlatform' loaded TargetPlatform 'Android_Multi'
[2019.11.21-18.02.41:650][  0]LogTemp: Display: Module 'AndroidTargetPlatform' loaded TargetPlatform 'Android_MultiClient'
[2019.11.21-18.02.41:652][  0]LogTemp: Display: Module 'HTML5TargetPlatform' loaded TargetPlatform 'HTML5'
[2019.11.21-18.02.41:669][  0]LogTemp: Display: Module 'IOSTargetPlatform' loaded TargetPlatform 'IOSClient'
[2019.11.21-18.02.41:669][  0]LogTemp: Display: Module 'IOSTargetPlatform' loaded TargetPlatform 'IOS'
[2019.11.21-18.02.41:681][  0]LogTemp: Display: Module 'TVOSTargetPlatform' loaded TargetPlatform 'TVOSClient'
[2019.11.21-18.02.41:681][  0]LogTemp: Display: Module 'TVOSTargetPlatform' loaded TargetPlatform 'TVOS'
[2019.11.21-18.02.41:688][  0]LogTemp: Display: Module 'LinuxClientTargetPlatform' loaded TargetPlatform 'LinuxClient'
[2019.11.21-18.02.41:694][  0]LogTemp: Display: Module 'LinuxNoEditorTargetPlatform' loaded TargetPlatform 'LinuxNoEditor'
[2019.11.21-18.02.41:701][  0]LogTemp: Display: Module 'LinuxServerTargetPlatform' loaded TargetPlatform 'LinuxServer'
[2019.11.21-18.02.41:708][  0]LogTemp: Display: Module 'LinuxTargetPlatform' loaded TargetPlatform 'Linux'
[2019.11.21-18.02.41:730][  0]LogTemp: Display: Module 'LuminTargetPlatform' loaded TargetPlatform 'Lumin'
[2019.11.21-18.02.41:730][  0]LogTemp: Display: Module 'LuminTargetPlatform' loaded TargetPlatform 'LuminClient'
[2019.11.21-18.02.41:730][  0]LogTargetPlatformManager: Display: Building Assets For Windows
[2019.11.21-18.02.41:739][  0]LogAudioDebug: Display: Lib vorbis DLL was dynamically loaded.
[2019.11.21-18.02.41:801][  0]LogShaderCompilers: Guid format shader working directory is -32 characters bigger than the processId version (../../../../../../Users/Rafael/Documents/Unreal Projects/PGV_spline/PGV_unreal/Intermediate/Shaders/WorkingDirectory/19308/).
[2019.11.21-18.02.41:801][  0]LogShaderCompilers: Cleaned the shader compiler working directory 'C:/Users/Rafael/AppData/Local/Temp/UnrealShaderWorkingDir/328A986740B44DE9EBD601A22703604A/'.
[2019.11.21-18.02.41:804][  0]LogXGEController: Cannot use XGE Controller as Incredibuild is not installed on this machine.
[2019.11.21-18.02.41:805][  0]LogShaderCompilers: Cannot use XGE Shader Compiler as Incredibuild is not installed on this machine.
[2019.11.21-18.02.41:805][  0]LogShaderCompilers: Display: Using Local Shader Compiler.
[2019.11.21-18.02.42:341][  0]LogDerivedDataCache: Display: Max Cache Size: 512 MB
[2019.11.21-18.02.42:386][  0]LogDerivedDataCache: Loaded boot cache 0.04s 73MB C:/Users/Rafael/AppData/Local/UnrealEngine/4.23/DerivedDataCache/Boot.ddc.
[2019.11.21-18.02.42:386][  0]LogDerivedDataCache: Display: Loaded Boot cache: C:/Users/Rafael/AppData/Local/UnrealEngine/4.23/DerivedDataCache/Boot.ddc
[2019.11.21-18.02.42:386][  0]LogDerivedDataCache: FDerivedDataBackendGraph:  Pak pak cache file ../../../../../../Users/Rafael/Documents/Unreal Projects/PGV_spline/PGV_unreal/DerivedDataCache/DDC.ddp not found, will not use a pak cache.
[2019.11.21-18.02.42:386][  0]LogDerivedDataCache: Unable to find inner node Pak for hierarchical cache Hierarchy.
[2019.11.21-18.02.42:386][  0]LogDerivedDataCache: FDerivedDataBackendGraph:  CompressedPak pak cache file ../../../../../../Users/Rafael/Documents/Unreal Projects/PGV_spline/PGV_unreal/DerivedDataCache/Compressed.ddp not found, will not use a pak cache.
[2019.11.21-18.02.42:386][  0]LogDerivedDataCache: Unable to find inner node CompressedPak for hierarchical cache Hierarchy.
[2019.11.21-18.02.42:396][  0]LogDerivedDataCache: Display: Pak cache opened for reading ../../../Engine/DerivedDataCache/Compressed.ddp.
[2019.11.21-18.02.42:396][  0]LogDerivedDataCache: FDerivedDataBackendGraph:  EnterprisePak pak cache file ../../../Enterprise/DerivedDataCache/Compressed.ddp not found, will not use a pak cache.
[2019.11.21-18.02.42:396][  0]LogDerivedDataCache: Unable to find inner node EnterprisePak for hierarchical cache Hierarchy.
[2019.11.21-18.02.42:397][  0]LogDerivedDataCache: Using Local data cache path C:/Users/Rafael/AppData/Local/UnrealEngine/Common/DerivedDataCache: Writable
[2019.11.21-18.02.42:397][  0]LogDerivedDataCache: Shared data cache path not found in *engine.ini, will not use an Shared cache.
[2019.11.21-18.02.42:397][  0]LogDerivedDataCache: Unable to find inner node Shared for hierarchical cache Hierarchy.
[2019.11.21-18.02.42:416][  0]LogMaterial: Verifying Global Shaders for PCD3D_SM5
[2019.11.21-18.02.42:418][  0]LogSlate: Using FreeType 2.6.0
[2019.11.21-18.02.42:418][  0]LogSlate: SlateFontServices - WITH_FREETYPE: 1, WITH_HARFBUZZ: 1
[2019.11.21-18.02.42:476][  0]LogAssetRegistry: FAssetRegistry took 0.0021 seconds to start up
[2019.11.21-18.02.42:693][  0]LogInit: Selected Device Profile: [Windows]
[2019.11.21-18.02.42:743][  0]LogMeshReduction: Using QuadricMeshReduction for automatic static mesh reduction
[2019.11.21-18.02.42:743][  0]LogMeshReduction: Using SimplygonMeshReduction for automatic skeletal mesh reduction
[2019.11.21-18.02.42:743][  0]LogMeshReduction: Using ProxyLODMeshReduction for automatic mesh merging
[2019.11.21-18.02.42:743][  0]LogMeshReduction: No distributed automatic mesh merging module available
[2019.11.21-18.02.42:743][  0]LogMeshMerging: No distributed automatic mesh merging module available
[2019.11.21-18.02.42:835][  0]LogNetVersion: PGV_spline 1.0.0, NetCL: 8386587, EngineNetVer: 11, GameNetVer: 0 (Checksum: 559351755)
[2019.11.21-18.02.43:184][  0]LogPackageLocalizationCache: Processed 12 localized package path(s) for 1 prioritized culture(s) in 0.031876 seconds
[2019.11.21-18.02.43:191][  0]LogUObjectArray: 43444 objects as part of root set at end of initial load.
[2019.11.21-18.02.43:191][  0]LogUObjectAllocator: 7548648 out of 0 bytes used by permanent object pool.
[2019.11.21-18.02.43:191][  0]LogUObjectArray: CloseDisregardForGC: 0/0 objects in disregard for GC pool
[2019.11.21-18.02.44:034][  0]LogTcpMessaging: Initializing TcpMessaging bridge
[2019.11.21-18.02.44:036][  0]LogUdpMessaging: Initializing bridge on interface 0.0.0.0:0 to multicast group 230.0.0.1:6666.
[2019.11.21-18.02.44:085][  0]SourceControl: Source control is disabled
[2019.11.21-18.02.44:567][  0]LogAndroidPermission: UAndroidPermissionCallbackProxy::GetInstance
[2019.11.21-18.02.44:658][  0]LogOcInput: OculusInput pre-init called
[2019.11.21-18.02.44:664][  0]LogWindows: Failed to load 'OVRPlugin.dll' (GetLastError=126)
[2019.11.21-18.02.44:664][  0]LogWindows: File 'OVRPlugin.dll' does not exist
[2019.11.21-18.02.44:728][  0]LogEngine: Initializing Engine...
[2019.11.21-18.02.44:729][  0]LogHMD: Failed to initialize OpenVR with code 110
[2019.11.21-18.02.44:729][  0]LogStats: UGameplayTagsManager::InitializeManager -  0.000 s
[2019.11.21-18.02.44:913][  0]LogInit: Initializing FReadOnlyCVARCache
[2019.11.21-18.02.44:930][  0]LogAIModule: Creating AISystem for world Untitled
[2019.11.21-18.02.44:948][  0]LogInit: XAudio2 using 'Auriculares (High Definition Audio Device)' : 2 channels at 48 kHz using 32 bits per sample (channel mask 0x3)
[2019.11.21-18.02.44:962][  0]LogInit: FAudioDevice initialized.
[2019.11.21-18.02.44:962][  0]LogNetVersion: Set ProjectVersion to 1.0.0.0. Version Checksum will be recalculated on next use.
[2019.11.21-18.02.45:079][  0]LogDerivedDataCache: Saved boot cache 0.12s 73MB C:/Users/Rafael/AppData/Local/UnrealEngine/4.23/DerivedDataCache/Boot.ddc.
[2019.11.21-18.02.45:083][  0]LogInit: Texture streaming: Enabled
[2019.11.21-18.02.45:107][  0]LogEngineSessionManager: EngineSessionManager initialized
[2019.11.21-18.02.45:107][  0]LogEditorSessionSummary: Verbose: Initializing EditorSessionSummaryWriter for editor session tracking
[2019.11.21-18.02.45:111][  0]LogEditorSessionSummary: EditorSessionSummaryWriter initialized
[2019.11.21-18.02.45:150][  0]LogInit: Transaction tracking system initialized
[2019.11.21-18.02.45:190][  0]BlueprintLog: New page: Editor Load
[2019.11.21-18.02.45:283][  0]LocalizationService: Localization service is disabled
[2019.11.21-18.02.45:498][  0]LogFileCache: Scanning file cache for directory 'C:/Users/Rafael/Documents/Unreal Projects/PGV_spline/PGV_unreal/Content/' took 0.00s
[2019.11.21-18.02.45:498][  0]LogCook: Display: Max memory allowance for cook 16384mb min free memory 0mb
[2019.11.21-18.02.45:498][  0]LogCook: Display: Mobile HDR setting 1
[2019.11.21-18.02.45:679][  0]Cmd: MAP LOAD FILE="../../../Engine/Content/Maps/Templates/Template_Default.umap" TEMPLATE=1 SHOWPROGRESS=1 FEATURELEVEL=3
[2019.11.21-18.02.45:680][  0]LightingResults: New page: Lighting Build
[2019.11.21-18.02.45:683][  0]LogWorld: UWorld::CleanupWorld for Untitled, bSessionEnded=true, bCleanupResources=true
[2019.11.21-18.02.45:683][  0]MapCheck: New page: Map Check
[2019.11.21-18.02.45:683][  0]LightingResults: New page: Lighting Build
[2019.11.21-18.02.45:705][  0]LogUObjectHash: Compacting FUObjectHashTables data took   1.36ms
[2019.11.21-18.02.45:770][  0]LogAIModule: Creating AISystem for world Untitled_1
[2019.11.21-18.02.45:775][  0]LogEditorServer: Finished looking for orphan Actors (0.000 secs)
[2019.11.21-18.02.45:797][  0]LogUObjectHash: Compacting FUObjectHashTables data took   1.79ms
[2019.11.21-18.02.45:797][  0]Cmd: MAP CHECKDEP NOCLEARLOG
[2019.11.21-18.02.45:797][  0]MapCheck: Map check complete: 0 Error(s), 0 Warning(s), took 0,156ms to complete.
[2019.11.21-18.02.45:797][  0]LogFileHelpers: Loading map 'Template_Default' took 0.119
[2019.11.21-18.02.45:895][  0]LogSlate: Updating window title bar state: overlay mode, drag disabled, window buttons hidden, title bar hidden
[2019.11.21-18.02.45:901][  0]LogSlate: Updating window title bar state: overlay mode, drag disabled, window buttons hidden, title bar hidden
[2019.11.21-18.02.45:907][  0]LogSlate: Updating window title bar state: overlay mode, drag disabled, window buttons hidden, title bar hidden
[2019.11.21-18.02.45:913][  0]LogSlate: Updating window title bar state: overlay mode, drag disabled, window buttons hidden, title bar hidden
[2019.11.21-18.02.45:922][  0]LogCollectionManager: Loaded 0 collections in 0.002744 seconds
[2019.11.21-18.02.45:928][  0]LogFileCache: Scanning file cache for directory 'C:/Users/Rafael/Documents/Unreal Projects/PGV_spline/PGV_unreal/Saved/Collections/' took 0.00s
[2019.11.21-18.02.45:928][  0]LogFileCache: Scanning file cache for directory 'C:/Users/Rafael/Documents/Unreal Projects/PGV_spline/PGV_unreal/Content/Developers/Rafael/Collections/' took 0.00s
[2019.11.21-18.02.45:928][  0]LogFileCache: Scanning file cache for directory 'C:/Users/Rafael/Documents/Unreal Projects/PGV_spline/PGV_unreal/Content/Collections/' took 0.00s
[2019.11.21-18.02.45:928][  0]LogCollectionManager: Rebuilt the GUID cache for 0 collections in 0.000002 seconds
[2019.11.21-18.02.45:935][  0]LogContentBrowser: Native class hierarchy populated in 0.0069 seconds. Added 2863 classes and 680 folders.
[2019.11.21-18.02.45:943][  0]LogContentBrowser: Native class hierarchy updated for 'WidgetCarousel' in 0.0002 seconds. Added 0 classes and 0 folders.
[2019.11.21-18.02.46:012][  0]LogContentBrowser: Native class hierarchy updated for 'AddContentDialog' in 0.0002 seconds. Added 0 classes and 0 folders.
[2019.11.21-18.02.46:018][  0]LogContentBrowser: Native class hierarchy updated for 'SceneOutliner' in 0.0002 seconds. Added 1 classes and 2 folders.
[2019.11.21-18.02.46:031][  0]LogSlate: Took 0.000248 seconds to synchronously load lazily loaded font '../../../Engine/Content/Slate/Fonts/Roboto-Regular.ttf' (155K)
[2019.11.21-18.02.46:033][  0]LogSlate: Took 0.000181 seconds to synchronously load lazily loaded font '../../../Engine/Content/Slate/Fonts/Roboto-Bold.ttf' (160K)
[2019.11.21-18.02.46:036][  0]LogSlate: Took 0.000190 seconds to synchronously load lazily loaded font '../../../Engine/Content/Editor/Slate/Fonts/FontAwesome.ttf' (139K)
[2019.11.21-18.02.46:090][  0]LogRenderer: Reallocating scene render targets to support 1208x668 Format 10 NumSamples 1 (Frame:1).
[2019.11.21-18.02.46:170][  0]LogContentBrowser: Native class hierarchy updated for 'HierarchicalLODOutliner' in 0.0002 seconds. Added 0 classes and 0 folders.
[2019.11.21-18.02.46:170][  0]LogLoad: (Engine Initialization) Total time: 7.18 seconds
[2019.11.21-18.02.46:170][  0]LogLoad: (Engine Initialization) Total Blueprint compile time: 0.00 seconds
[2019.11.21-18.02.46:210][  0]LogAssetRegistry: Asset discovery search completed in 3.7339 seconds
[2019.11.21-18.02.46:212][  0]LogCollectionManager: Rebuilt the object cache for 0 collections in 0.000004 seconds (found 0 objects)
[2019.11.21-18.02.46:212][  0]LogCollectionManager: Fixed up redirectors for 0 collections in 0.000042 seconds (updated 0 objects)
[2019.11.21-18.02.46:213][  0]LogContentStreaming: Texture pool size now 1000 MB
[2019.11.21-18.02.46:234][  0]LogSlate: Took 0.000188 seconds to synchronously load lazily loaded font '../../../Engine/Content/Slate/Fonts/Roboto-Light.ttf' (167K)
[2019.11.21-18.02.47:190][112]LogSlate: Took 0.000211 seconds to synchronously load lazily loaded font '../../../Engine/Content/Slate/Fonts/Roboto-Light.ttf' (167K)
[2019.11.21-18.02.52:828][788]LogSlate: FSceneViewport::OnFocusLost() reason 0
[2019.11.21-18.02.56:933][276]LogAIModule: Creating AISystem for world splineTest
[2019.11.21-18.02.56:941][276]LogAssetEditorManager: Opening Asset editor for World /Game/splineTest.splineTest
[2019.11.21-18.02.56:964][276]LogUObjectHash: Compacting FUObjectHashTables data took   1.69ms
[2019.11.21-18.02.56:965][276]Cmd: MAP LOAD FILE="../../../../../../Users/Rafael/Documents/Unreal Projects/PGV_spline/PGV_unreal/Content/splineTest.umap" TEMPLATE=0 SHOWPROGRESS=1 FEATURELEVEL=3
[2019.11.21-18.02.56:965][276]LightingResults: New page: Lighting Build
[2019.11.21-18.02.56:965][276]LoadErrors: New page: Loading map: splineTest.umap
[2019.11.21-18.02.56:965][276]LogWorld: UWorld::CleanupWorld for Untitled_1, bSessionEnded=true, bCleanupResources=true
[2019.11.21-18.02.56:966][276]MapCheck: New page: Map Check
[2019.11.21-18.02.56:966][276]LightingResults: New page: Lighting Build
[2019.11.21-18.02.56:989][276]LogUObjectHash: Compacting FUObjectHashTables data took   1.52ms
[2019.11.21-18.02.56:991][276]LogEditorServer: Finished looking for orphan Actors (0.000 secs)
[2019.11.21-18.02.57:015][276]LogUObjectHash: Compacting FUObjectHashTables data took   1.38ms
[2019.11.21-18.02.57:027][276]Cmd: MAP CHECKDEP NOCLEARLOG
[2019.11.21-18.02.57:027][276]MapCheck: Map check complete: 0 Error(s), 0 Warning(s), took 0,109ms to complete.
[2019.11.21-18.02.57:027][276]LogFileHelpers: Loading map 'splineTest' took 0.064
[2019.11.21-18.03.00:249][657]LogTemp: Repeating last play command: Selected Viewport
[2019.11.21-18.03.00:256][657]LogBlueprintUserMessages: Early PlayInEditor Detection: Level '/Game/splineTest.splineTest:PersistentLevel' has LevelScriptBlueprint '/Game/splineTest.splineTest:PersistentLevel.splineTest' with GeneratedClass '/Game/splineTest.splineTest_C' with ClassGeneratedBy '/Game/splineTest.splineTest:PersistentLevel.splineTest'
[2019.11.21-18.03.00:256][657]LogPlayLevel: PlayLevel: No blueprints needed recompiling
[2019.11.21-18.03.00:256][657]PIE: New page: PIE session: splineTest (21/11/2019 20:03:00)
[2019.11.21-18.03.00:257][657]LogOnline: OSS: Creating online subsystem instance for: NULL
[2019.11.21-18.03.00:258][657]LogPlayLevel: Creating play world package: /Game/UEDPIE_0_splineTest
[2019.11.21-18.03.00:261][657]LogPlayLevel: PIE: StaticDuplicateObject took: (0.003311s)
[2019.11.21-18.03.00:262][657]LogAIModule: Creating AISystem for world splineTest
[2019.11.21-18.03.00:262][657]LogPlayLevel: PIE: World Init took: (0.000870s)
[2019.11.21-18.03.00:262][657]LogPlayLevel: PIE: Created PIE world by copying editor world from /Game/splineTest.splineTest to /Game/UEDPIE_0_splineTest.splineTest (0.004429s)
[2019.11.21-18.03.00:284][657]LogUObjectHash: Compacting FUObjectHashTables data took   1.14ms
[2019.11.21-18.03.00:295][657]LogInit: XAudio2 using 'Auriculares (High Definition Audio Device)' : 2 channels at 48 kHz using 32 bits per sample (channel mask 0x3)
[2019.11.21-18.03.00:302][657]LogInit: FAudioDevice initialized.
[2019.11.21-18.03.00:308][657]LogLoad: Game class is 'GameModeBase'
[2019.11.21-18.03.00:310][657]LogWorld: Bringing World /Game/UEDPIE_0_splineTest.splineTest up for play (max tick rate 0) at 2019.11.21-19.03.00
[2019.11.21-18.03.00:310][657]LogWorld: Bringing up level for play took: 0.000746
[2019.11.21-18.03.00:310][657]LogOnline: OSS: Creating online subsystem instance for: :Context_2
[2019.11.21-18.03.00:318][657]LogContentBrowser: Native class hierarchy updated for 'MovieSceneCapture' in 0.0002 seconds. Added 20 classes and 0 folders.
[2019.11.21-18.03.00:319][657]PIE: Play in editor start time for /Game/UEDPIE_0_splineTest 0,555
[2019.11.21-18.03.00:319][657]LogBlueprintUserMessages: Late PlayInEditor Detection: Level '/Game/splineTest.splineTest:PersistentLevel' has LevelScriptBlueprint '/Game/splineTest.splineTest:PersistentLevel.splineTest' with GeneratedClass '/Game/splineTest.splineTest_C' with ClassGeneratedBy '/Game/splineTest.splineTest:PersistentLevel.splineTest'
[2019.11.21-18.03.03:886][ 83]LogBlueprintUserMessages: Early EndPlayMap Detection: Level '/Game/splineTest.splineTest:PersistentLevel' has LevelScriptBlueprint '/Game/splineTest.splineTest:PersistentLevel.splineTest' with GeneratedClass '/Game/splineTest.splineTest_C' with ClassGeneratedBy '/Game/splineTest.splineTest:PersistentLevel.splineTest'
[2019.11.21-18.03.03:886][ 83]LogSlate: Updating window title bar state: overlay mode, drag disabled, window buttons hidden, title bar hidden
[2019.11.21-18.03.03:886][ 83]LogWorld: BeginTearingDown for /Game/UEDPIE_0_splineTest
[2019.11.21-18.03.03:887][ 83]LogWorld: UWorld::CleanupWorld for splineTest, bSessionEnded=true, bCleanupResources=true
[2019.11.21-18.03.03:893][ 83]LogPlayLevel: Display: Shutting down PIE online subsystems
[2019.11.21-18.03.03:893][ 83]LogBlueprintUserMessages: Late EndPlayMap Detection: Level '/Game/splineTest.splineTest:PersistentLevel' has LevelScriptBlueprint '/Game/splineTest.splineTest:PersistentLevel.splineTest' with GeneratedClass '/Game/splineTest.splineTest_C' with ClassGeneratedBy '/Game/splineTest.splineTest:PersistentLevel.splineTest'
[2019.11.21-18.03.03:918][ 83]LogSlate: Updating window title bar state: overlay mode, drag disabled, window buttons hidden, title bar hidden
[2019.11.21-18.03.03:920][ 83]LogUObjectHash: Compacting FUObjectHashTables data took   1.28ms
[2019.11.21-18.03.03:985][ 89]LogPlayLevel: Display: Destroying online subsystem :Context_2
[2019.11.21-18.03.05:493][269]LogSlate: FSceneViewport::OnFocusLost() reason 0
[2019.11.21-18.03.12:849][140]SourceControl: Source control is disabled
[2019.11.21-18.03.12:849][140]LogSlate: Window 'Source Control Login' being destroyed
[2019.11.21-18.03.35:687][171]LogSlate: Only BGRA pngs, bmps or icos are supported in by External Image Picker
[2019.11.21-18.04.06:977][544]LogAssetEditorManager: Opening Asset editor for Blueprint /Game/Bicho.Bicho
[2019.11.21-18.04.07:164][544]LogContentBrowser: Native class hierarchy updated for 'BlueprintGraph' in 0.0004 seconds. Added 121 classes and 0 folders.
[2019.11.21-18.04.07:838][544]LogSlate: Took 0.000277 seconds to synchronously load lazily loaded font '../../../Engine/Content/Slate/Fonts/Roboto-BoldCondensed.ttf' (158K)
[2019.11.21-18.04.07:884][545]LogSlate: Took 0.000292 seconds to synchronously load lazily loaded font '../../../Engine/Content/Slate/Fonts/Roboto-Italic.ttf' (157K)
[2019.11.21-18.04.10:256][827]LogWorld: UWorld::CleanupWorld for World_2, bSessionEnded=true, bCleanupResources=true
[2019.11.21-18.04.12:541][ 96]LogSlate: Window 'Project Settings' being destroyed
[2019.11.21-18.04.12:545][ 96]LogSlate: Window 'Project Settings' being destroyed
[2019.11.21-18.04.14:311][303]LogUObjectHash: Compacting FUObjectHashTables data took   2.74ms
[2019.11.21-18.04.14:348][303]LogSlate: Window 'PGV_spline - Unreal Editor' being destroyed
[2019.11.21-18.04.14:348][303]LogWindowsTextInputMethodSystem: Display: IME system now deactivated.
[2019.11.21-18.04.14:435][304]Cmd: QUIT_EDITOR
[2019.11.21-18.04.14:887][304]LogExit: Preparing to exit.
[2019.11.21-18.04.15:097][304]LogWorld: UWorld::CleanupWorld for World_0, bSessionEnded=true, bCleanupResources=true
[2019.11.21-18.04.15:100][304]LogWorld: UWorld::CleanupWorld for World_1, bSessionEnded=true, bCleanupResources=true
[2019.11.21-18.04.15:121][304]LogDemo: Cleaned up 0 splitscreen connections with owner deletion
[2019.11.21-18.04.15:126][304]LogWorld: UWorld::CleanupWorld for None, bSessionEnded=true, bCleanupResources=true
[2019.11.21-18.04.15:127][304]LogExit: Editor shut down
[2019.11.21-18.04.15:127][304]LogExit: Transaction tracking system shut down
[2019.11.21-18.04.15:320][304]LogExit: Object subsystem successfully closed.
[2019.11.21-18.04.15:342][304]LogShaderCompilers: Display: Shaders left to compile 0
[2019.11.21-18.04.15:369][304]LogModuleManager: Shutting down and abandoning module BlueprintGraph (678)
[2019.11.21-18.04.15:369][304]LogModuleManager: Shutting down and abandoning module ExternalImagePicker (676)
[2019.11.21-18.04.15:369][304]LogModuleManager: Shutting down and abandoning module MovieSceneCapture (674)
[2019.11.21-18.04.15:369][304]LogModuleManager: Shutting down and abandoning module Voice (672)
[2019.11.21-18.04.15:369][304]LogModuleManager: Shutting down and abandoning module HierarchicalLODOutliner (670)
[2019.11.21-18.04.15:369][304]LogModuleManager: Shutting down and abandoning module SceneOutliner (668)
[2019.11.21-18.04.15:369][304]LogModuleManager: Shutting down and abandoning module AddContentDialog (666)
[2019.11.21-18.04.15:371][304]LogModuleManager: Shutting down and abandoning module WidgetCarousel (665)
[2019.11.21-18.04.15:371][304]LogModuleManager: Shutting down and abandoning module EditorWidgets (662)
[2019.11.21-18.04.15:371][304]LogModuleManager: Shutting down and abandoning module CollectionManager (660)
[2019.11.21-18.04.15:371][304]LogModuleManager: Shutting down and abandoning module HierarchicalLODUtilities (658)
[2019.11.21-18.04.15:371][304]LogModuleManager: Shutting down and abandoning module StatsViewer (656)
[2019.11.21-18.04.15:371][304]LogModuleManager: Shutting down and abandoning module VirtualTexturingEditor (654)
[2019.11.21-18.04.15:371][304]LogModuleManager: Shutting down and abandoning module FoliageEdit (652)
[2019.11.21-18.04.15:371][304]LogModuleManager: Shutting down and abandoning module LandscapeEditor (650)
[2019.11.21-18.04.15:371][304]LogModuleManager: Shutting down and abandoning module MeshPaintMode (648)
[2019.11.21-18.04.15:371][304]LogModuleManager: Shutting down and abandoning module SceneDepthPickerMode (646)
[2019.11.21-18.04.15:371][304]LogModuleManager: Shutting down and abandoning module ActorPickerMode (644)
[2019.11.21-18.04.15:371][304]LogModuleManager: Shutting down and abandoning module GeometryMode (642)
[2019.11.21-18.04.15:371][304]LogModuleManager: Shutting down and abandoning module TextureAlignMode (640)
[2019.11.21-18.04.15:371][304]LogModuleManager: Shutting down and abandoning module BspMode (638)
[2019.11.21-18.04.15:371][304]LogModuleManager: Shutting down and abandoning module PIEPreviewDeviceProfileSelector (636)
[2019.11.21-18.04.15:372][304]LogModuleManager: Shutting down and abandoning module SequenceRecorderSections (634)
[2019.11.21-18.04.15:372][304]LogModuleManager: Shutting down and abandoning module AutomationWorker (632)
[2019.11.21-18.04.15:372][304]LogModuleManager: Shutting down and abandoning module OculusMR (630)
[2019.11.21-18.04.15:372][304]LogModuleManager: Shutting down and abandoning module AudioCaptureEditor (628)
[2019.11.21-18.04.15:372][304]LogModuleManager: Shutting down and abandoning module MatineeToLevelSequence (626)
[2019.11.21-18.04.15:372][304]LogModuleManager: Shutting down and abandoning module LevelSequenceEditor (624)
[2019.11.21-18.04.15:372][304]LogModuleManager: Shutting down and abandoning module PlacementMode (623)
[2019.11.21-18.04.15:372][304]LogModuleManager: Shutting down and abandoning module MaterialEditor (622)
[2019.11.21-18.04.15:372][304]LogModuleManager: Shutting down and abandoning module ActorSequenceEditor (618)
[2019.11.21-18.04.15:372][304]LogModuleManager: Shutting down and abandoning module WmfMediaFactory (616)
[2019.11.21-18.04.15:372][304]LogModuleManager: Shutting down and abandoning module WmfMediaEditor (614)
[2019.11.21-18.04.15:372][304]LogModuleManager: Shutting down and abandoning module WebMMediaFactory (612)
[2019.11.21-18.04.15:372][304]LogModuleManager: Shutting down and abandoning module WebMMediaEditor (610)
[2019.11.21-18.04.15:372][304]LogModuleManager: Shutting down and abandoning module WebMMedia (608)
[2019.11.21-18.04.15:372][304]LogModuleManager: Shutting down and abandoning module MediaPlayerEditor (606)
[2019.11.21-18.04.15:372][304]LogModuleManager: Shutting down and abandoning module MediaCompositingEditor (604)
[2019.11.21-18.04.15:372][304]LogModuleManager: Shutting down and abandoning module SequenceRecorder (603)
[2019.11.21-18.04.15:372][304]LogModuleManager: Shutting down and abandoning module OpenExrWrapper (600)
[2019.11.21-18.04.15:372][304]LogModuleManager: Shutting down and abandoning module ImgMediaFactory (598)
[2019.11.21-18.04.15:372][304]LogModuleManager: Shutting down and abandoning module ImgMediaEditor (596)
[2019.11.21-18.04.15:372][304]LogModuleManager: Shutting down and abandoning module AvfMediaFactory (594)
[2019.11.21-18.04.15:372][304]LogModuleManager: Shutting down and abandoning module AvfMediaEditor (592)
[2019.11.21-18.04.15:372][304]LogModuleManager: Shutting down and abandoning module AndroidMediaFactory (590)
[2019.11.21-18.04.15:372][304]LogModuleManager: Shutting down and abandoning module AndroidMediaEditor (588)
[2019.11.21-18.04.15:372][304]LogModuleManager: Shutting down and abandoning module MagicLeapCameraPreviewFactory (586)
[2019.11.21-18.04.15:372][304]LogModuleManager: Shutting down and abandoning module MagicLeapMediaCodecFactory (584)
[2019.11.21-18.04.15:372][304]LogModuleManager: Shutting down and abandoning module MagicLeapMediaFactory (582)
[2019.11.21-18.04.15:372][304]LogModuleManager: Shutting down and abandoning module MagicLeapMediaEditor (580)
[2019.11.21-18.04.15:372][304]LogModuleManager: Shutting down and abandoning module CharacterAI (578)
[2019.11.21-18.04.15:372][304]LogModuleManager: Shutting down and abandoning module SmartSnapping (576)
[2019.11.21-18.04.15:372][304]LogModuleManager: Shutting down and abandoning module SessionServices (574)
[2019.11.21-18.04.15:372][304]LogModuleManager: Shutting down and abandoning module MeshPaint (572)
[2019.11.21-18.04.15:372][304]LogModuleManager: Shutting down and abandoning module ViewportSnapping (570)
[2019.11.21-18.04.15:372][304]LogModuleManager: Shutting down and abandoning module ViewportInteraction (568)
[2019.11.21-18.04.15:372][304]LogModuleManager: Shutting down and abandoning module ClothPainter (566)
[2019.11.21-18.04.15:372][304]LogModuleManager: Shutting down and abandoning module SkeletalMeshEditor (565)
[2019.11.21-18.04.15:372][304]LogModuleManager: Shutting down and abandoning module LogVisualizer (562)
[2019.11.21-18.04.15:372][304]LogModuleManager: Shutting down and abandoning module IntroTutorials (560)
[2019.11.21-18.04.15:372][304]LogModuleManager: Shutting down and abandoning module GameProjectGeneration (559)
[2019.11.21-18.04.15:372][304]LogModuleManager: Shutting down and abandoning module LuminPlatformEditor (556)
[2019.11.21-18.04.15:372][304]LogModuleManager: Shutting down and abandoning module IOSPlatformEditor (554)
[2019.11.21-18.04.15:373][304]LogModuleManager: Shutting down and abandoning module HTML5PlatformEditor (552)
[2019.11.21-18.04.15:373][304]LogModuleManager: Shutting down and abandoning module AndroidPlatformEditor (550)
[2019.11.21-18.04.15:373][304]LogModuleManager: Shutting down and abandoning module AndroidDeviceDetection (549)
[2019.11.21-18.04.16:368][304]LogModuleManager: Shutting down and abandoning module WindowsPlatformEditor (546)
[2019.11.21-18.04.16:368][304]LogModuleManager: Shutting down and abandoning module LuminRuntimeSettings (544)
[2019.11.21-18.04.16:368][304]LogModuleManager: Shutting down and abandoning module IOSRuntimeSettings (542)
[2019.11.21-18.04.16:368][304]LogModuleManager: Shutting down and abandoning module AndroidRuntimeSettings (540)
[2019.11.21-18.04.16:368][304]LogModuleManager: Shutting down and abandoning module TimeManagementEditor (538)
[2019.11.21-18.04.16:368][304]LogModuleManager: Shutting down and abandoning module InputBindingEditor (536)
[2019.11.21-18.04.16:368][304]LogModuleManager: Shutting down and abandoning module MergeActors (534)
[2019.11.21-18.04.16:368][304]LogModuleManager: Shutting down and abandoning module LocalizationDashboard (532)
[2019.11.21-18.04.16:368][304]LogModuleManager: Shutting down and abandoning module LocalizationService (531)
[2019.11.21-18.04.16:368][304]LogModuleManager: Shutting down and abandoning module HardwareTargeting (528)
[2019.11.21-18.04.16:368][304]LogModuleManager: Shutting down and abandoning module DeviceProfileEditor (526)
[2019.11.21-18.04.16:368][304]LogModuleManager: Shutting down and abandoning module UndoHistory (524)
[2019.11.21-18.04.16:368][304]LogModuleManager: Shutting down and abandoning module XmlParser (522)
[2019.11.21-18.04.16:368][304]LogModuleManager: Shutting down and abandoning module Blutility (520)
[2019.11.21-18.04.16:369][304]LogModuleManager: Shutting down and abandoning module ProjectSettingsViewer (518)
[2019.11.21-18.04.16:369][304]LogModuleManager: Shutting down and abandoning module ProjectTargetPlatformEditor (517)
[2019.11.21-18.04.16:369][304]LogModuleManager: Shutting down and abandoning module EditorSettingsViewer (514)
[2019.11.21-18.04.16:369][304]LogModuleManager: Shutting down and abandoning module SettingsEditor (512)
[2019.11.21-18.04.16:369][304]LogModuleManager: Shutting down and abandoning module ProjectLauncher (510)
[2019.11.21-18.04.16:369][304]LogModuleManager: Shutting down and abandoning module SessionFrontend (508)
[2019.11.21-18.04.16:369][304]LogModuleManager: Shutting down and abandoning module ProfilerClient (506)
[2019.11.21-18.04.16:369][304]LogModuleManager: Shutting down and abandoning module DeviceManager (504)
[2019.11.21-18.04.16:369][304]LogModuleManager: Shutting down and abandoning module TargetDeviceServices (503)
[2019.11.21-18.04.16:412][304]LogModuleManager: Shutting down and abandoning module AutomationController (500)
[2019.11.21-18.04.16:412][304]LogModuleManager: Shutting down and abandoning module AutomationWindow (498)
[2019.11.21-18.04.16:412][304]LogModuleManager: Shutting down and abandoning module Layers (496)
[2019.11.21-18.04.16:412][304]LogModuleManager: Shutting down and abandoning module ComponentVisualizers (494)
[2019.11.21-18.04.16:412][304]LogModuleManager: Shutting down and abandoning module DetailCustomizations (492)
[2019.11.21-18.04.16:412][304]LogModuleManager: Shutting down and abandoning module PackagesDialog (490)
[2019.11.21-18.04.16:412][304]LogModuleManager: Shutting down and abandoning module AnimationBlueprintEditor (488)
[2019.11.21-18.04.16:412][304]LogModuleManager: Shutting down and abandoning module Persona (486)
[2019.11.21-18.04.16:412][304]LogModuleManager: Shutting down and abandoning module AdvancedPreviewScene (485)
[2019.11.21-18.04.16:412][304]LogModuleManager: Shutting down and abandoning module AnimGraph (483)
[2019.11.21-18.04.16:412][304]LogModuleManager: Shutting down and abandoning module Kismet (480)
[2019.11.21-18.04.16:415][304]LogModuleManager: Shutting down and abandoning module KismetWidgets (479)
[2019.11.21-18.04.16:415][304]LogModuleManager: Shutting down and abandoning module GraphEditor (476)
[2019.11.21-18.04.16:415][304]LogModuleManager: Shutting down and abandoning module StructViewer (474)
[2019.11.21-18.04.16:415][304]LogModuleManager: Shutting down and abandoning module ClassViewer (472)
[2019.11.21-18.04.16:415][304]LogModuleManager: Shutting down and abandoning module Toolbox (470)
[2019.11.21-18.04.16:415][304]LogModuleManager: Shutting down and abandoning module ModuleUI (468)
[2019.11.21-18.04.16:415][304]LogModuleManager: Shutting down and abandoning module MovieSceneTools (466)
[2019.11.21-18.04.16:415][304]LogModuleManager: Shutting down and abandoning module OutputLog (464)
[2019.11.21-18.04.16:415][304]LogModuleManager: Shutting down and abandoning module GammaUI (462)
[2019.11.21-18.04.16:416][304]LogModuleManager: Shutting down and abandoning module Documentation (460)
[2019.11.21-18.04.16:416][304]LogModuleManager: Shutting down and abandoning module LiveCoding (458)
[2019.11.21-18.04.16:416][304]LogModuleManager: Shutting down and abandoning module LevelSequence (456)
[2019.11.21-18.04.16:416][304]LogModuleManager: Shutting down and abandoning module MovieSceneTracks (454)
[2019.11.21-18.04.16:416][304]LogModuleManager: Shutting down and abandoning module MovieScene (452)
[2019.11.21-18.04.16:416][304]LogModuleManager: Shutting down and abandoning module StreamingPauseRendering (450)
[2019.11.21-18.04.16:416][304]LogModuleManager: Shutting down and abandoning module LauncherPlatform (448)
[2019.11.21-18.04.16:416][304]LogModuleManager: Shutting down and abandoning module AnalyticsET (446)
[2019.11.21-18.04.16:416][304]LogModuleManager: Shutting down and abandoning module PortalServices (444)
[2019.11.21-18.04.16:416][304]LogModuleManager: Shutting down and abandoning module PortalRpc (442)
[2019.11.21-18.04.16:416][304]LogModuleManager: Shutting down and abandoning module MessagingRpc (440)
[2019.11.21-18.04.16:416][304]LogModuleManager: Shutting down and abandoning module AIModule (438)
[2019.11.21-18.04.16:416][304]LogModuleManager: Shutting down and abandoning module GameplayDebugger (437)
[2019.11.21-18.04.16:416][304]LogModuleManager: Shutting down and abandoning module AITestSuite (435)
[2019.11.21-18.04.16:416][304]LogModuleManager: Shutting down and abandoning module NavigationSystem (433)
[2019.11.21-18.04.16:416][304]LogModuleManager: Shutting down and abandoning module DesktopPlatform (430)
[2019.11.21-18.04.16:416][304]LogModuleManager: Shutting down and abandoning module ImageWriteQueue (428)
[2019.11.21-18.04.16:419][304]LogModuleManager: Shutting down and abandoning module ProfilerService (426)
[2019.11.21-18.04.16:590][304]LogModuleManager: Shutting down and abandoning module TaskGraph (424)
[2019.11.21-18.04.16:590][304]LogModuleManager: Shutting down and abandoning module ScreenshotTools (422)
[2019.11.21-18.04.16:590][304]LogModuleManager: Shutting down and abandoning module SteamVRController (420)
[2019.11.21-18.04.16:590][304]LogModuleManager: Shutting down and abandoning module ProceduralMeshComponentEditor (418)
[2019.11.21-18.04.16:590][304]LogModuleManager: Shutting down and abandoning module ProceduralMeshComponent (416)
[2019.11.21-18.04.16:590][304]LogModuleManager: Shutting down and abandoning module OculusEditor (414)
[2019.11.21-18.04.16:590][304]LogModuleManager: Shutting down and abandoning module OculusInput (412)
[2019.11.21-18.04.16:590][304]LogModuleManager: Shutting down and abandoning module MobilePatchingUtils (410)
[2019.11.21-18.04.16:590][304]LogModuleManager: Shutting down and abandoning module EditableMesh (408)
[2019.11.21-18.04.16:590][304]LogModuleManager: Shutting down and abandoning module CustomMeshComponent (406)
[2019.11.21-18.04.16:590][304]LogModuleManager: Shutting down and abandoning module CableComponent (404)
[2019.11.21-18.04.16:590][304]LogModuleManager: Shutting down and abandoning module AudioCapture (402)
[2019.11.21-18.04.16:590][304]LogModuleManager: Shutting down and abandoning module ArchVisCharacter (400)
[2019.11.21-18.04.16:590][304]LogModuleManager: Shutting down and abandoning module AppleImageUtilsBlueprintSupport (398)
[2019.11.21-18.04.16:591][304]LogModuleManager: Shutting down and abandoning module AppleImageUtils (396)
[2019.11.21-18.04.16:591][304]LogModuleManager: Shutting down and abandoning module AndroidPermission (394)
[2019.11.21-18.04.16:591][304]LogModuleManager: Shutting down and abandoning module NUTUnrealEngine4 (392)
[2019.11.21-18.04.16:591][304]LogModuleManager: Shutting down and abandoning module NetcodeUnitTest (390)
[2019.11.21-18.04.16:591][304]LogModuleManager: Shutting down and abandoning module MediaCompositing (388)
[2019.11.21-18.04.16:591][304]LogModuleManager: Shutting down and abandoning module ImgMedia (386)
[2019.11.21-18.04.16:591][304]LogModuleManager: Shutting down and abandoning module MagicLeapHelperVulkan (384)
[2019.11.21-18.04.16:591][304]LogModuleManager: Shutting down and abandoning module MagicLeapHelperOpenGL (382)
[2019.11.21-18.04.16:591][304]LogModuleManager: Shutting down and abandoning module MagicLeapAudio (380)
[2019.11.21-18.04.16:591][304]LogModuleManager: Shutting down and abandoning module HTML5Networking (378)
[2019.11.21-18.04.16:591][304]LogModuleManager: Shutting down and abandoning module GeometryCacheTracks (376)
[2019.11.21-18.04.16:591][304]LogModuleManager: Shutting down and abandoning module GeometryCacheSequencer (374)
[2019.11.21-18.04.16:591][304]LogModuleManager: Shutting down and abandoning module BackChannel (372)
[2019.11.21-18.04.16:591][304]LogModuleManager: Shutting down and abandoning module AutomationUtilsEditor (370)
[2019.11.21-18.04.16:591][304]LogModuleManager: Shutting down and abandoning module AutomationUtils (368)
[2019.11.21-18.04.16:591][304]LogModuleManager: Shutting down and abandoning module AlembicImporter (366)
[2019.11.21-18.04.16:591][304]LogModuleManager: Shutting down and abandoning module AlembicLibrary (365)
[2019.11.21-18.04.16:591][304]LogModuleManager: Shutting down and abandoning module GeometryCache (364)
[2019.11.21-18.04.16:591][304]LogModuleManager: Shutting down and abandoning module GeometryCacheEd (363)
[2019.11.21-18.04.16:591][304]LogModuleManager: Shutting down and abandoning module VariantManagerContent (358)
[2019.11.21-18.04.16:591][304]LogModuleManager: Shutting down and abandoning module DatasmithContentEditor (356)
[2019.11.21-18.04.16:591][304]LogModuleManager: Shutting down and abandoning module SpeedTreeImporter (354)
[2019.11.21-18.04.16:591][304]LogModuleManager: Shutting down and abandoning module PluginBrowser (352)
[2019.11.21-18.04.16:591][304]LogModuleManager: Shutting down and abandoning module MobileLauncherProfileWizard (350)
[2019.11.21-18.04.16:591][304]LogModuleManager: Shutting down and abandoning module MaterialAnalyzer (348)
[2019.11.21-18.04.16:591][304]LogModuleManager: Shutting down and abandoning module CurveEditorTools (346)
[2019.11.21-18.04.16:591][304]LogModuleManager: Shutting down and abandoning module CurveEditor (345)
[2019.11.21-18.04.16:591][304]LogModuleManager: Shutting down and abandoning module CryptoKeysOpenSSL (342)
[2019.11.21-18.04.16:591][304]LogModuleManager: Shutting down and abandoning module CryptoKeys (340)
[2019.11.21-18.04.16:591][304]LogModuleManager: Shutting down and abandoning module VisualStudioSourceCodeAccess (338)
[2019.11.21-18.04.16:591][304]LogModuleManager: Shutting down and abandoning module VisualStudioCodeSourceCodeAccess (336)
[2019.11.21-18.04.16:591][304]LogModuleManager: Shutting down and abandoning module UObjectPlugin (334)
[2019.11.21-18.04.16:591][304]LogModuleManager: Shutting down and abandoning module SubversionSourceControl (332)
[2019.11.21-18.04.16:591][304]LogModuleManager: Shutting down and abandoning module PerforceSourceControl (330)
[2019.11.21-18.04.16:591][304]LogModuleManager: Shutting down and abandoning module GitSourceControl (328)
[2019.11.21-18.04.16:591][304]LogModuleManager: Shutting down and abandoning module SourceControl (327)
[2019.11.21-18.04.16:591][304]LogModuleManager: Shutting down and abandoning module CLionSourceCodeAccess (324)
[2019.11.21-18.04.16:591][304]LogModuleManager: Shutting down and abandoning module AnimationSharingEd (322)
[2019.11.21-18.04.16:591][304]LogModuleManager: Shutting down and abandoning module ActorLayerUtilitiesEditor (320)
[2019.11.21-18.04.16:591][304]LogModuleManager: Shutting down and abandoning module ActorLayerUtilities (318)
[2019.11.21-18.04.16:591][304]LogModuleManager: Shutting down and abandoning module LightPropagationVolumeEditor (316)
[2019.11.21-18.04.16:591][304]LogModuleManager: Shutting down and abandoning module PaperTiledImporter (314)
[2019.11.21-18.04.16:591][304]LogModuleManager: Shutting down and abandoning module PaperSpriteSheetImporter (312)
[2019.11.21-18.04.16:591][304]LogModuleManager: Shutting down and abandoning module Paper2DEditor (310)
[2019.11.21-18.04.16:591][304]LogModuleManager: Shutting down and abandoning module SignificanceManager (308)
[2019.11.21-18.04.16:591][304]LogModuleManager: Shutting down and abandoning module RuntimePhysXCooking (306)
[2019.11.21-18.04.16:591][304]LogModuleManager: Shutting down and abandoning module PhysXVehiclesEditor (304)
[2019.11.21-18.04.16:591][304]LogModuleManager: Shutting down and abandoning module LocationServicesBPLibrary (300)
[2019.11.21-18.04.16:591][304]LogModuleManager: Shutting down and abandoning module ActorSequence (298)
[2019.11.21-18.04.16:591][304]LogModuleManager: Shutting down and abandoning module UdpMessaging (296)
[2019.11.21-18.04.16:692][304]LogModuleManager: Shutting down and abandoning module TcpMessaging (294)
[2019.11.21-18.04.16:793][304]LogModuleManager: Shutting down and abandoning module MagicLeapIdentity (292)
[2019.11.21-18.04.16:793][304]LogModuleManager: Shutting down and abandoning module MagicLeapSecureStorage (290)
[2019.11.21-18.04.16:793][304]LogModuleManager: Shutting down and abandoning module MagicLeapHandTracking (288)
[2019.11.21-18.04.16:793][304]LogModuleManager: Shutting down and abandoning module MagicLeapEyeTracker (286)
[2019.11.21-18.04.16:793][304]LogModuleManager: Shutting down and abandoning module MagicLeapController (284)
[2019.11.21-18.04.16:793][304]LogSlate: Slate User Destroyed.  User Index 0, Is Virtual User: 0
[2019.11.21-18.04.16:793][304]LogModuleManager: Shutting down and abandoning module MagicLeapAR (282)
[2019.11.21-18.04.16:793][304]LogModuleManager: Shutting down and abandoning module AugmentedReality (281)
[2019.11.21-18.04.16:793][304]LogModuleManager: Shutting down and abandoning module GameplayTagsEditor (278)
[2019.11.21-18.04.16:793][304]LogModuleManager: Shutting down and abandoning module FacialAnimationEditor (276)
[2019.11.21-18.04.16:793][304]LogModuleManager: Shutting down and abandoning module FacialAnimation (274)
[2019.11.21-18.04.16:793][304]LogModuleManager: Shutting down and abandoning module DataValidation (272)
[2019.11.21-18.04.16:793][304]LogModuleManager: Shutting down and abandoning module AssetManagerEditor (270)
[2019.11.21-18.04.16:793][304]LogModuleManager: Shutting down and abandoning module LevelEditor (269)
[2019.11.21-18.04.16:794][304]LogModuleManager: Shutting down and abandoning module PixelInspectorModule (268)
[2019.11.21-18.04.16:794][304]LogModuleManager: Shutting down and abandoning module CommonMenuExtensions (266)
[2019.11.21-18.04.16:794][304]LogModuleManager: Shutting down and abandoning module MainFrame (264)
[2019.11.21-18.04.16:794][304]LogModuleManager: Shutting down and abandoning module HotReload (263)
[2019.11.21-18.04.16:794][304]LogModuleManager: Shutting down and abandoning module ContentBrowser (259)
[2019.11.21-18.04.16:796][304]LogModuleManager: Shutting down and abandoning module TreeMap (257)
[2019.11.21-18.04.16:796][304]LogModuleManager: Shutting down and abandoning module AnimationSharing (254)
[2019.11.21-18.04.16:796][304]LogModuleManager: Shutting down and abandoning module LightPropagationVolumeRuntime (252)
[2019.11.21-18.04.16:796][304]LogModuleManager: Shutting down and abandoning module Paper2D (250)
[2019.11.21-18.04.16:796][304]LogModuleManager: Shutting down and abandoning module WindowsMoviePlayer (248)
[2019.11.21-18.04.16:798][304]LogModuleManager: Shutting down and abandoning module WebMMoviePlayer (246)
[2019.11.21-18.04.16:798][304]LogModuleManager: Shutting down and abandoning module NetworkReplayStreaming (244)
[2019.11.21-18.04.16:798][304]LogModuleManager: Shutting down and abandoning module PacketHandler (242)
[2019.11.21-18.04.16:798][304]LogModuleManager: Shutting down and abandoning module ClothingSystemEditor (240)
[2019.11.21-18.04.16:798][304]LogModuleManager: Shutting down and abandoning module ClothingSystemRuntime (238)
[2019.11.21-18.04.16:798][304]LogModuleManager: Shutting down and abandoning module MediaAssets (236)
[2019.11.21-18.04.16:798][304]LogModuleManager: Shutting down and abandoning module Overlay (234)
[2019.11.21-18.04.16:798][304]LogModuleManager: Shutting down and abandoning module OverlayEditor (233)
[2019.11.21-18.04.16:798][304]LogModuleManager: Shutting down and abandoning module VREditor (230)
[2019.11.21-18.04.16:798][304]LogModuleManager: Shutting down and abandoning module StringTableEditor (228)
[2019.11.21-18.04.16:798][304]LogModuleManager: Shutting down and abandoning module GameplayTasksEditor (226)
[2019.11.21-18.04.16:798][304]LogModuleManager: Shutting down and abandoning module BehaviorTreeEditor (224)
[2019.11.21-18.04.16:798][304]LogModuleManager: Shutting down and abandoning module FunctionalTesting (222)
[2019.11.21-18.04.16:798][304]LogModuleManager: Shutting down and abandoning module CollisionAnalyzer (220)
[2019.11.21-18.04.16:798][304]LogModuleManager: Shutting down and abandoning module WorkspaceMenuStructure (219)
[2019.11.21-18.04.16:798][304]LogModuleManager: Shutting down and abandoning module UMG (216)
[2019.11.21-18.04.16:798][304]LogModuleManager: Shutting down and abandoning module UMGEditor (215)
[2019.11.21-18.04.16:798][304]LogModuleManager: Shutting down and abandoning module Sequencer (214)
[2019.11.21-18.04.16:799][304]LogModuleManager: Shutting down and abandoning module MessageLog (211)
[2019.11.21-18.04.16:799][304]LogModuleManager: Shutting down and abandoning module SlateReflector (206)
[2019.11.21-18.04.16:799][304]LogModuleManager: Shutting down and abandoning module Slate (204)
[2019.11.21-18.04.16:799][304]LogModuleManager: Shutting down and abandoning module LandscapeEditorUtilities (202)
[2019.11.21-18.04.16:799][304]LogModuleManager: Shutting down and abandoning module EditorStyle (200)
[2019.11.21-18.04.16:799][304]LogModuleManager: Shutting down and abandoning module UnrealEd (198)
[2019.11.21-18.04.16:799][304]LogModuleManager: Shutting down and abandoning module MRMesh (196)
[2019.11.21-18.04.16:799][304]LogModuleManager: Shutting down and abandoning module SourceCodeAccess (194)
[2019.11.21-18.04.16:799][304]LogModuleManager: Shutting down and abandoning module HeadMountedDisplay (192)
[2019.11.21-18.04.16:799][304]LogModuleManager: Shutting down and abandoning module XAudio2 (190)
[2019.11.21-18.04.16:799][304]LogModuleManager: Shutting down and abandoning module Networking (188)
[2019.11.21-18.04.16:800][304]LogModuleManager: Shutting down and abandoning module Core (186)
[2019.11.21-18.04.16:800][304]LogModuleManager: Shutting down and abandoning module KismetCompiler (184)
[2019.11.21-18.04.16:800][304]LogModuleManager: Shutting down and abandoning module MeshUtilities (182)
[2019.11.21-18.04.16:800][304]LogModuleManager: Shutting down and abandoning module MeshMergeUtilities (181)
[2019.11.21-18.04.16:800][304]LogModuleManager: Shutting down and abandoning module MeshReductionInterface (180)
[2019.11.21-18.04.16:800][304]LogModuleManager: Shutting down and abandoning module SkeletalMeshReduction (179)
[2019.11.21-18.04.16:800][304]LogModuleManager: Shutting down and abandoning module ProxyLODMeshReduction (177)
[2019.11.21-18.04.16:800][304]LogModuleManager: Shutting down and abandoning module QuadricMeshReduction (175)
[2019.11.21-18.04.16:800][304]LogModuleManager: Shutting down and abandoning module MaterialBaking (171)
[2019.11.21-18.04.16:800][304]LogModuleManager: Shutting down and abandoning module NullInstallBundleManager (166)
[2019.11.21-18.04.16:800][304]LogModuleManager: Shutting down and abandoning module DerivedDataCache (164)
[2019.11.21-18.04.17:001][304]LogDerivedDataCache: Shutdown
[2019.11.21-18.04.17:001][304]LogModuleManager: Shutting down and abandoning module XGEController (162)
[2019.11.21-18.04.17:001][304]LogModuleManager: Shutting down and abandoning module TargetPlatform (160)
[2019.11.21-18.04.17:001][304]LogModuleManager: Shutting down and abandoning module VulkanShaderFormat (159)
[2019.11.21-18.04.17:001][304]LogModuleManager: Shutting down and abandoning module ShaderFormatVectorVM (157)
[2019.11.21-18.04.17:001][304]LogModuleManager: Shutting down and abandoning module ShaderFormatOpenGL (155)
[2019.11.21-18.04.17:001][304]LogModuleManager: Shutting down and abandoning module ShaderFormatD3D (153)
[2019.11.21-18.04.17:001][304]LogModuleManager: Shutting down and abandoning module MetalShaderFormat (151)
[2019.11.21-18.04.17:001][304]LogModuleManager: Shutting down and abandoning module TextureFormatUncompressed (149)
[2019.11.21-18.04.17:001][304]LogModuleManager: Shutting down and abandoning module TextureFormatPVR (147)
[2019.11.21-18.04.17:001][304]LogModuleManager: Shutting down and abandoning module TextureFormatDXT (145)
[2019.11.21-18.04.17:001][304]LogModuleManager: Shutting down and abandoning module TextureFormatIntelISPCTexComp (143)
[2019.11.21-18.04.17:001][304]LogModuleManager: Shutting down and abandoning module TextureFormatASTC (141)
[2019.11.21-18.04.17:001][304]LogModuleManager: Shutting down and abandoning module ImageWrapper (140)
[2019.11.21-18.04.17:001][304]LogModuleManager: Shutting down and abandoning module TextureFormatAndroid (137)
[2019.11.21-18.04.17:001][304]LogModuleManager: Shutting down and abandoning module AudioFormatOpus (135)
[2019.11.21-18.04.17:001][304]LogModuleManager: Shutting down and abandoning module AudioFormatOgg (133)
[2019.11.21-18.04.17:001][304]LogModuleManager: Shutting down and abandoning module AudioFormatADPCM (131)
[2019.11.21-18.04.17:001][304]LogModuleManager: Shutting down and abandoning module LuminTargetPlatform (129)
[2019.11.21-18.04.17:001][304]LogModuleManager: Shutting down and abandoning module LinuxTargetPlatform (127)
[2019.11.21-18.04.17:002][304]LogModuleManager: Shutting down and abandoning module LinuxServerTargetPlatform (125)
[2019.11.21-18.04.17:002][304]LogModuleManager: Shutting down and abandoning module LinuxNoEditorTargetPlatform (123)
[2019.11.21-18.04.17:002][304]LogModuleManager: Shutting down and abandoning module LinuxClientTargetPlatform (121)
[2019.11.21-18.04.17:002][304]LogModuleManager: Shutting down and abandoning module TVOSTargetPlatform (119)
[2019.11.21-18.04.17:002][304]LogModuleManager: Shutting down and abandoning module Messaging (117)
[2019.11.21-18.04.17:002][304]LogModuleManager: Shutting down and abandoning module IOSTargetPlatform (115)
[2019.11.21-18.04.17:003][304]LogModuleManager: Shutting down and abandoning module HTML5TargetPlatform (113)
[2019.11.21-18.04.17:003][304]LogModuleManager: Shutting down and abandoning module AndroidTargetPlatform (111)
[2019.11.21-18.04.17:007][304]LogModuleManager: Shutting down and abandoning module WindowsTargetPlatform (109)
[2019.11.21-18.04.17:007][304]LogModuleManager: Shutting down and abandoning module WindowsServerTargetPlatform (107)
[2019.11.21-18.04.17:007][304]LogModuleManager: Shutting down and abandoning module WindowsNoEditorTargetPlatform (105)
[2019.11.21-18.04.17:007][304]LogModuleManager: Shutting down and abandoning module WindowsClientTargetPlatform (103)
[2019.11.21-18.04.17:007][304]LogModuleManager: Shutting down and abandoning module MacTargetPlatform (101)
[2019.11.21-18.04.17:007][304]LogModuleManager: Shutting down and abandoning module MacServerTargetPlatform (99)
[2019.11.21-18.04.17:007][304]LogModuleManager: Shutting down and abandoning module MacNoEditorTargetPlatform (97)
[2019.11.21-18.04.17:007][304]LogModuleManager: Shutting down and abandoning module MacClientTargetPlatform (95)
[2019.11.21-18.04.17:007][304]LogModuleManager: Shutting down and abandoning module AllDesktopTargetPlatform (93)
[2019.11.21-18.04.17:007][304]LogModuleManager: Shutting down and abandoning module InputCore (90)
[2019.11.21-18.04.17:007][304]LogModuleManager: Shutting down and abandoning module Settings (88)
[2019.11.21-18.04.17:007][304]LogModuleManager: Shutting down and abandoning module DirectoryWatcher (86)
[2019.11.21-18.04.17:007][304]LogModuleManager: Shutting down and abandoning module PhysXCooking (84)
[2019.11.21-18.04.17:007][304]LogModuleManager: Shutting down and abandoning module WindowsPlatformFeatures (82)
[2019.11.21-18.04.17:007][304]LogModuleManager: Shutting down and abandoning module GameplayMediaEncoder (81)
[2019.11.21-18.04.17:007][304]LogModuleManager: Shutting down and abandoning module SteamVR (78)
[2019.11.21-18.04.17:007][304]LogHMD: Freeing OpenVRDLLHandle.
[2019.11.21-18.04.17:007][304]LogModuleManager: Shutting down and abandoning module OculusHMD (76)
[2019.11.21-18.04.17:007][304]LogModuleManager: Shutting down and abandoning module ExampleDeviceProfileSelector (74)
[2019.11.21-18.04.17:008][304]LogModuleManager: Shutting down and abandoning module LauncherChunkInstaller (72)
[2019.11.21-18.04.17:008][304]LogModuleManager: Shutting down and abandoning module OnlineBlueprintSupport (70)
[2019.11.21-18.04.17:008][304]LogModuleManager: Shutting down and abandoning module OnlineSubsystem (66)
[2019.11.21-18.04.17:008][304]LogModuleManager: Shutting down and abandoning module XMPP (61)
[2019.11.21-18.04.17:008][304]LogModuleManager: Shutting down and abandoning module WebSockets (60)
[2019.11.21-18.04.17:021][304]LogModuleManager: Shutting down and abandoning module HTTP (57)
[2019.11.21-18.04.17:021][304]LogHttp: Display: Http module shutting down, but needs to wait on 1 outstanding Http requests:
[2019.11.21-18.04.17:021][304]LogHttp: Display: 	verb=[POST] url=[https://datarouter.ol.epicgames.com/datarouter/api/v1/public/data?SessionID=%7B7EA06D1D-4406-1E83-7C22-EEA4737A59F1%7D&AppID=UEEditor.Rocket.Release&AppVersion=4.23.1-9631420%2B%2B%2BUE4%2BRelease-4.23&UserID=13d8c2734b4a469720a303bd1cbb4fe9%7C2390a10e3d39404a9edc374547f1e3fd%7Cb565b984-02a1-4d34-b126-7134f338e055&AppEnvironment=datacollector-binary&UploadType=eteventstream] status=Processing
[2019.11.21-18.04.17:049][304]LogModuleManager: Shutting down and abandoning module SSL (56)
[2019.11.21-18.04.17:050][304]LogModuleManager: Shutting down and abandoning module WmfMedia (52)
[2019.11.21-18.04.17:051][304]LogModuleManager: Shutting down and abandoning module Media (51)
[2019.11.21-18.04.17:052][304]LogModuleManager: Shutting down and abandoning module MagicLeap (48)
[2019.11.21-18.04.17:052][304]LogModuleManager: Shutting down and abandoning module DatasmithContent (46)
[2019.11.21-18.04.17:052][304]LogModuleManager: Shutting down and abandoning module AISupportModule (44)
[2019.11.21-18.04.17:052][304]LogModuleManager: Shutting down and abandoning module PlatformCryptoOpenSSL (42)
[2019.11.21-18.04.17:052][304]LogModuleManager: Shutting down and abandoning module PlatformCrypto (40)
[2019.11.21-18.04.17:052][304]LogModuleManager: Shutting down and abandoning module AnimationModifiers (38)
[2019.11.21-18.04.17:052][304]LogModuleManager: Shutting down and abandoning module PropertyEditor (37)
[2019.11.21-18.04.17:052][304]LogModuleManager: Shutting down and abandoning module AudioEditor (34)
[2019.11.21-18.04.17:052][304]LogModuleManager: Shutting down and abandoning module TextureCompressor (32)
[2019.11.21-18.04.17:052][304]LogModuleManager: Shutting down and abandoning module RenderCore (30)
[2019.11.21-18.04.17:052][304]LogModuleManager: Shutting down and abandoning module Landscape (28)
[2019.11.21-18.04.17:052][304]LogModuleManager: Shutting down and abandoning module SlateRHIRenderer (26)
[2019.11.21-18.04.17:053][304]LogModuleManager: Shutting down and abandoning module OpenGLDrv (24)
[2019.11.21-18.04.17:053][304]LogModuleManager: Shutting down and abandoning module D3D11RHI (22)
[2019.11.21-18.04.17:053][304]LogModuleManager: Shutting down and abandoning module AnimGraphRuntime (20)
[2019.11.21-18.04.17:053][304]LogModuleManager: Shutting down and abandoning module Renderer (18)
[2019.11.21-18.04.17:053][304]LogModuleManager: Shutting down and abandoning module Engine (16)
[2019.11.21-18.04.17:053][304]LogModuleManager: Shutting down and abandoning module CoreUObject (14)
[2019.11.21-18.04.17:053][304]LogModuleManager: Shutting down and abandoning module NetworkFile (12)
[2019.11.21-18.04.17:053][304]LogModuleManager: Shutting down and abandoning module CookedIterativeFile (10)
[2019.11.21-18.04.17:053][304]LogModuleManager: Shutting down and abandoning module StreamingFile (8)
[2019.11.21-18.04.17:053][304]LogModuleManager: Shutting down and abandoning module SandboxFile (6)
[2019.11.21-18.04.17:053][304]LogModuleManager: Shutting down and abandoning module PakFile (4)
[2019.11.21-18.04.17:053][304]LogModuleManager: Shutting down and abandoning module RSA (3)
[2019.11.21-18.04.17:054][304]LogD3D11RHI: Shutdown
[2019.11.21-18.04.17:054][304]LogD3D11RHI: CleanupD3DDevice
[2019.11.21-18.04.17:054][304]LogRendererCore: FGlobalDynamicReadBuffer::Cleanup()
[2019.11.21-18.04.17:054][304]LogRendererCore: FGlobalDynamicReadBuffer::Cleanup()
[2019.11.21-18.04.17:054][304]LogRendererCore: FGlobalDynamicReadBuffer::Cleanup()
[2019.11.21-18.04.17:107][304]LogD3D11RHI: ~FD3D11DynamicRHI
[2019.11.21-18.04.17:114][304]LogExit: Exiting.
[2019.11.21-18.04.17:154][304]Log file closed, 11/21/19 19:04:17
