Log file open, 01/06/20 00:16:09
LogWindows: Failed to load 'aqProf.dll' (GetLastError=126)
LogWindows: File 'aqProf.dll' does not exist
LogWindows: Failed to load 'VtuneApi.dll' (GetLastError=126)
LogWindows: File 'VtuneApi.dll' does not exist
LogWindows: Failed to load 'VtuneApi32e.dll' (GetLastError=126)
LogWindows: File 'VtuneApi32e.dll' does not exist
LogConsoleResponse: Display: Failed to find resolution value strings in scalability ini. Falling back to default.
LogInit: Display: Running engine for game: PGV_spline
LogPlatformFile: Not using cached read wrapper
LogTaskGraph: Started task graph with 5 named threads and 14 total threads with 3 sets of task threads.
LogStats: Stats thread started at 0.069367
LogD3D11RHI: Loaded GFSDK_Aftermath_Lib.x64.dll
LogICUInternationalization: ICU TimeZone Detection - Raw Offset: +1:00, Platform Override: ''
LogPluginManager: Mounting plugin Paper2D
LogPluginManager: Mounting plugin AISupport
LogPluginManager: Mounting plugin LightPropagationVolume
LogPluginManager: Mounting plugin ActorLayerUtilities
LogPluginManager: Mounting plugin AnimationSharing
LogPluginManager: Mounting plugin CLionSourceCodeAccess
LogPluginManager: Mounting plugin CodeLiteSourceCodeAccess
LogPluginManager: Mounting plugin GitSourceControl
LogPluginManager: Mounting plugin KDevelopSourceCodeAccess
LogPluginManager: Mounting plugin NullSourceCodeAccess
LogPluginManager: Mounting plugin PerforceSourceControl
LogPluginManager: Mounting plugin PlasticSourceControl
LogPluginManager: Mounting plugin SubversionSourceControl
LogPluginManager: Mounting plugin UObjectPlugin
LogPluginManager: Mounting plugin VisualStudioCodeSourceCodeAccess
LogPluginManager: Mounting plugin VisualStudioSourceCodeAccess
LogPluginManager: Mounting plugin XCodeSourceCodeAccess
LogPluginManager: Mounting plugin AssetManagerEditor
LogPluginManager: Mounting plugin CryptoKeys
LogPluginManager: Mounting plugin CurveEditorTools
LogPluginManager: Mounting plugin DataValidation
LogPluginManager: Mounting plugin FacialAnimation
LogPluginManager: Mounting plugin GameplayTagsEditor
LogPluginManager: Mounting plugin MacGraphicsSwitching
LogPluginManager: Mounting plugin MaterialAnalyzer
LogPluginManager: Mounting plugin MobileLauncherProfileWizard
LogPluginManager: Mounting plugin PluginBrowser
LogPluginManager: Mounting plugin SpeedTreeImporter
LogPluginManager: Mounting plugin DatasmithContent
LogPluginManager: Mounting plugin VariantManagerContent
LogPluginManager: Mounting plugin AlembicImporter
LogPluginManager: Mounting plugin AutomationUtils
LogPluginManager: Mounting plugin BackChannel
LogPluginManager: Mounting plugin CharacterAI
LogPluginManager: Mounting plugin GeometryCache
LogPluginManager: Mounting plugin PlatformCrypto
LogPluginManager: Mounting plugin ProxyLODPlugin
LogPluginManager: Mounting plugin SkeletalReduction
LogPluginManager: Mounting plugin MagicLeap
LogPluginManager: Mounting plugin MagicLeapMedia
LogPluginManager: Mounting plugin MLSDK
LogPluginManager: Mounting plugin AndroidMedia
LogPluginManager: Mounting plugin AvfMedia
LogPluginManager: Mounting plugin ImgMedia
LogPluginManager: Mounting plugin MediaCompositing
LogPluginManager: Mounting plugin MediaPlayerEditor
LogPluginManager: Mounting plugin WebMMedia
LogPluginManager: Mounting plugin WmfMedia
LogPluginManager: Mounting plugin TcpMessaging
LogPluginManager: Mounting plugin UdpMessaging
LogPluginManager: Mounting plugin ActorSequence
LogPluginManager: Mounting plugin LevelSequenceEditor
LogPluginManager: Mounting plugin MatineeToLevelSequence
LogPluginManager: Mounting plugin NetcodeUnitTest
LogPluginManager: Mounting plugin NUTUnrealEngine4
LogPluginManager: Mounting plugin OnlineSubsystemGooglePlay
LogPluginManager: Mounting plugin OnlineSubsystemIOS
LogPluginManager: Mounting plugin OnlineSubsystem
LogPluginManager: Mounting plugin OnlineSubsystemNull
LogPluginManager: Mounting plugin OnlineSubsystemUtils
LogPluginManager: Mounting plugin LauncherChunkInstaller
LogPluginManager: Mounting plugin AndroidDeviceProfileSelector
LogPluginManager: Mounting plugin AndroidMoviePlayer
LogPluginManager: Mounting plugin AndroidPermission
LogPluginManager: Mounting plugin AppleImageUtils
LogPluginManager: Mounting plugin AppleMoviePlayer
LogPluginManager: Mounting plugin ArchVisCharacter
LogPluginManager: Mounting plugin AssetTags
LogPluginManager: Mounting plugin AudioCapture
LogPluginManager: Mounting plugin CableComponent
LogPluginManager: Mounting plugin CustomMeshComponent
LogPluginManager: Mounting plugin EditableMesh
LogPluginManager: Mounting plugin ExampleDeviceProfileSelector
LogPluginManager: Mounting plugin GoogleCloudMessaging
LogPluginManager: Mounting plugin IOSDeviceProfileSelector
LogPluginManager: Mounting plugin LinuxDeviceProfileSelector
LogPluginManager: Mounting plugin LocationServicesBPLibrary
LogPluginManager: Mounting plugin MobilePatchingUtils
LogPluginManager: Mounting plugin OculusVR
LogPluginManager: Mounting plugin PhysXVehicles
LogPluginManager: Mounting plugin PostSplashScreen
LogPluginManager: Mounting plugin ProceduralMeshComponent
LogPluginManager: Mounting plugin RuntimePhysXCooking
LogPluginManager: Mounting plugin SignificanceManager
LogPluginManager: Mounting plugin SteamVR
LogPluginManager: Mounting plugin WebMMoviePlayer
LogPluginManager: Mounting plugin WindowsMoviePlayer
LogPluginManager: Mounting plugin ScreenshotTools
LogInit: Using libcurl 7.55.1-DEV
LogInit:  - built for x86_64-pc-win32
LogInit:  - supports SSL with OpenSSL/1.1.1
LogInit:  - supports HTTP deflate (compression) using libz 1.2.8
LogInit:  - other features:
LogInit:      CURL_VERSION_SSL
LogInit:      CURL_VERSION_LIBZ
LogInit:      CURL_VERSION_IPV6
LogInit:      CURL_VERSION_ASYNCHDNS
LogInit:      CURL_VERSION_LARGEFILE
LogInit:      CURL_VERSION_IDN
LogInit:  CurlRequestOptions (configurable via config and command line):
LogInit:  - bVerifyPeer = true  - Libcurl will verify peer certificate
LogInit:  - bUseHttpProxy = false  - Libcurl will NOT use HTTP proxy
LogInit:  - bDontReuseConnections = false  - Libcurl will reuse connections
LogInit:  - MaxHostConnections = 16  - Libcurl will limit the number of connections to a host
LogInit:  - LocalHostAddr = Default
LogInit:  - BufferSize = 65536
LogOnline: OSS: Creating online subsystem instance for: NULL
LogInit: WinSock: version 1.1 (2.2), MaxSocks=32767, MaxUdp=65467
LogOnline: OSS: TryLoadSubsystemAndSetDefault: Loaded subsystem for module [NULL]
LogInit: Build: ++UE4+Release-4.24-CL-10757647
LogInit: Engine Version: 4.24.1-10757647+++UE4+Release-4.24
LogInit: Compatible Engine Version: 4.24.0-10570792+++UE4+Release-4.24
LogInit: Net CL: 10570792
LogInit: OS: Windows 7 (Service Pack 1), CPU:         Intel(R) Core(TM) i5-2500 CPU @ 3.30GHz, GPU: NVIDIA GeForce GTX 750 Ti
LogInit: Compiled (64-bit): Dec 17 2019 02:08:03
LogInit: Compiled with Visual C++: 19.16.27032.01
LogInit: Build Configuration: Development
LogInit: Branch Name: ++UE4+Release-4.24
LogInit: Command Line: 
LogInit: Base Directory: C:/Program Files/Epic Games/UE_4.24/Engine/Binaries/Win64/
LogInit: Installed Engine Build: 1
LogDevObjectVersion: Number of dev versions registered: 25
LogDevObjectVersion:   Dev-Blueprints (B0D832E4-1F89-4F0D-ACCF-7EB736FD4AA2): 10
LogDevObjectVersion:   Dev-Build (E1C64328-A22C-4D53-A36C-8E866417BD8C): 0
LogDevObjectVersion:   Dev-Core (375EC13C-06E4-48FB-B500-84F0262A717E): 3
LogDevObjectVersion:   Dev-Editor (E4B068ED-F494-42E9-A231-DA0B2E46BB41): 37
LogDevObjectVersion:   Dev-Framework (CFFC743F-43B0-4480-9391-14DF171D2073): 36
LogDevObjectVersion:   Dev-Mobile (B02B49B5-BB20-44E9-A304-32B752E40360): 2
LogDevObjectVersion:   Dev-Networking (A4E4105C-59A1-49B5-A7C5-40C4547EDFEE): 0
LogDevObjectVersion:   Dev-Online (39C831C9-5AE6-47DC-9A44-9C173E1C8E7C): 0
LogDevObjectVersion:   Dev-Physics (78F01B33-EBEA-4F98-B9B4-84EACCB95AA2): 2
LogDevObjectVersion:   Dev-Platform (6631380F-2D4D-43E0-8009-CF276956A95A): 0
LogDevObjectVersion:   Dev-Rendering (12F88B9F-8875-4AFC-A67C-D90C383ABD29): 36
LogDevObjectVersion:   Dev-Sequencer (7B5AE74C-D270-4C10-A958-57980B212A5A): 11
LogDevObjectVersion:   Dev-VR (D7296918-1DD6-4BDD-9DE2-64A83CC13884): 2
LogDevObjectVersion:   Dev-LoadTimes (C2A15278-BFE7-4AFE-6C17-90FF531DF755): 1
LogDevObjectVersion:   Private-Geometry (6EACA3D4-40EC-4CC1-B786-8BED09428FC5): 3
LogDevObjectVersion:   Dev-AnimPhys (29E575DD-E0A3-4627-9D10-D276232CDCEA): 17
LogDevObjectVersion:   Dev-Anim (AF43A65D-7FD3-4947-9873-3E8ED9C1BB05): 2
LogDevObjectVersion:   Dev-ReflectionCapture (6B266CEC-1EC7-4B8F-A30B-E4D90942FC07): 1
LogDevObjectVersion:   Dev-Automation (0DF73D61-A23F-47EA-B727-89E90C41499A): 1
LogDevObjectVersion:   FortniteMain (601D1886-AC64-4F84-AA16-D3DE0DEAC7D6): 31
LogDevObjectVersion:   Dev-Enterprise (9DFFBCD6-494F-0158-E221-12823C92A888): 8
LogDevObjectVersion:   Dev-Niagara (F2AED0AC-9AFE-416F-8664-AA7FFA26D6FC): 1
LogDevObjectVersion:   Dev-Destruction (174F1F0B-B4C6-45A5-B13F-2EE8D0FB917D): 9
LogDevObjectVersion:   Dev-Physics-Ext (35F94A83-E258-406C-A318-09F59610247C): 8
LogDevObjectVersion:   Dev-CineCamera (B2E18506-4273-CFC2-A54E-F4BB758BBA07): 1
LogInit: Presizing for max 25165824 objects, including 0 objects not considered by GC, pre-allocating 0 bytes for permanent pool.
LogInit: Object subsystem initialized
LogConfig: Setting CVar [[con.DebugEarlyDefault:1]]
LogConfig: Setting CVar [[r.setres:1280x720]]
[2020.01.05-23.16.10:117][  0]LogConfig: Setting CVar [[r.VSync:0]]
[2020.01.05-23.16.10:117][  0]LogConfig: Setting CVar [[r.RHICmdBypass:0]]
[2020.01.05-23.16.10:117][  0]LogConfig: Applying CVar settings from Section [/Script/Engine.RendererSettings] File [C:/Users/User/Desktop/uni/UGR-PGV-master/Practicas Unreal/Practica_02 4.24/Saved/Config/Windows/Engine.ini]
[2020.01.05-23.16.10:117][  0]LogConfig: Setting CVar [[r.GPUCrashDebugging:0]]
[2020.01.05-23.16.10:117][  0]LogConfig: Setting CVar [[r.DefaultFeature.AutoExposure.ExtendDefaultLuminanceRange:1]]
[2020.01.05-23.16.10:117][  0]LogConfig: Applying CVar settings from Section [/Script/Engine.RendererOverrideSettings] File [C:/Users/User/Desktop/uni/UGR-PGV-master/Practicas Unreal/Practica_02 4.24/Saved/Config/Windows/Engine.ini]
[2020.01.05-23.16.10:117][  0]LogConfig: Applying CVar settings from Section [/Script/Engine.StreamingSettings] File [C:/Users/User/Desktop/uni/UGR-PGV-master/Practicas Unreal/Practica_02 4.24/Saved/Config/Windows/Engine.ini]
[2020.01.05-23.16.10:117][  0]LogConfig: Setting CVar [[s.MinBulkDataSizeForAsyncLoading:131072]]
[2020.01.05-23.16.10:117][  0]LogConfig: Setting CVar [[s.AsyncLoadingThreadEnabled:0]]
[2020.01.05-23.16.10:117][  0]LogConfig: Setting CVar [[s.EventDrivenLoaderEnabled:1]]
[2020.01.05-23.16.10:117][  0]LogConfig: Setting CVar [[s.WarnIfTimeLimitExceeded:0]]
[2020.01.05-23.16.10:117][  0]LogConfig: Setting CVar [[s.TimeLimitExceededMultiplier:1.5]]
[2020.01.05-23.16.10:117][  0]LogConfig: Setting CVar [[s.TimeLimitExceededMinTime:0.005]]
[2020.01.05-23.16.10:117][  0]LogConfig: Setting CVar [[s.UseBackgroundLevelStreaming:1]]
[2020.01.05-23.16.10:117][  0]LogConfig: Setting CVar [[s.PriorityAsyncLoadingExtraTime:15.0]]
[2020.01.05-23.16.10:117][  0]LogConfig: Setting CVar [[s.LevelStreamingActorsUpdateTimeLimit:5.0]]
[2020.01.05-23.16.10:117][  0]LogConfig: Setting CVar [[s.PriorityLevelStreamingActorsUpdateExtraTime:5.0]]
[2020.01.05-23.16.10:117][  0]LogConfig: Setting CVar [[s.LevelStreamingComponentsRegistrationGranularity:10]]
[2020.01.05-23.16.10:117][  0]LogConfig: Setting CVar [[s.UnregisterComponentsTimeLimit:1.0]]
[2020.01.05-23.16.10:117][  0]LogConfig: Setting CVar [[s.LevelStreamingComponentsUnregistrationGranularity:5]]
[2020.01.05-23.16.10:117][  0]LogConfig: Setting CVar [[s.FlushStreamingOnExit:1]]
[2020.01.05-23.16.10:117][  0]LogConfig: Applying CVar settings from Section [/Script/Engine.GarbageCollectionSettings] File [C:/Users/User/Desktop/uni/UGR-PGV-master/Practicas Unreal/Practica_02 4.24/Saved/Config/Windows/Engine.ini]
[2020.01.05-23.16.10:117][  0]LogConfig: Setting CVar [[gc.MaxObjectsNotConsideredByGC:1]]
[2020.01.05-23.16.10:117][  0]LogConfig: Setting CVar [[gc.SizeOfPermanentObjectPool:0]]
[2020.01.05-23.16.10:117][  0]LogConfig: Setting CVar [[gc.FlushStreamingOnGC:0]]
[2020.01.05-23.16.10:117][  0]LogConfig: Setting CVar [[gc.NumRetriesBeforeForcingGC:10]]
[2020.01.05-23.16.10:117][  0]LogConfig: Setting CVar [[gc.AllowParallelGC:1]]
[2020.01.05-23.16.10:117][  0]LogConfig: Setting CVar [[gc.TimeBetweenPurgingPendingKillObjects:61.1]]
[2020.01.05-23.16.10:117][  0]LogConfig: Setting CVar [[gc.MaxObjectsInEditor:25165824]]
[2020.01.05-23.16.10:117][  0]LogConfig: Setting CVar [[gc.IncrementalBeginDestroyEnabled:1]]
[2020.01.05-23.16.10:117][  0]LogConfig: Setting CVar [[gc.CreateGCClusters:1]]
[2020.01.05-23.16.10:117][  0]LogConfig: Setting CVar [[gc.MinGCClusterSize:5]]
[2020.01.05-23.16.10:117][  0]LogConfig: Setting CVar [[gc.ActorClusteringEnabled:0]]
[2020.01.05-23.16.10:117][  0]LogConfig: Setting CVar [[gc.BlueprintClusteringEnabled:0]]
[2020.01.05-23.16.10:117][  0]LogConfig: Setting CVar [[gc.UseDisregardForGCOnDedicatedServers:0]]
[2020.01.05-23.16.10:117][  0]LogConfig: Applying CVar settings from Section [/Script/Engine.NetworkSettings] File [C:/Users/User/Desktop/uni/UGR-PGV-master/Practicas Unreal/Practica_02 4.24/Saved/Config/Windows/Engine.ini]
[2020.01.05-23.16.10:117][  0]LogConfig: Applying CVar settings from Section [/Script/UnrealEd.CookerSettings] File [C:/Users/User/Desktop/uni/UGR-PGV-master/Practicas Unreal/Practica_02 4.24/Saved/Config/Windows/Engine.ini]
[2020.01.05-23.16.10:120][  0]LogConfig: Applying CVar settings from Section [ViewDistanceQuality@3] File [C:/Users/User/Desktop/uni/UGR-PGV-master/Practicas Unreal/Practica_02 4.24/Saved/Config/Windows/Scalability.ini]
[2020.01.05-23.16.10:120][  0]LogConfig: Setting CVar [[r.SkeletalMeshLODBias:0]]
[2020.01.05-23.16.10:120][  0]LogConfig: Setting CVar [[r.ViewDistanceScale:1.0]]
[2020.01.05-23.16.10:120][  0]LogConfig: Applying CVar settings from Section [AntiAliasingQuality@3] File [C:/Users/User/Desktop/uni/UGR-PGV-master/Practicas Unreal/Practica_02 4.24/Saved/Config/Windows/Scalability.ini]
[2020.01.05-23.16.10:120][  0]LogConfig: Setting CVar [[r.PostProcessAAQuality:4]]
[2020.01.05-23.16.10:120][  0]LogConfig: Applying CVar settings from Section [ShadowQuality@3] File [C:/Users/User/Desktop/uni/UGR-PGV-master/Practicas Unreal/Practica_02 4.24/Saved/Config/Windows/Scalability.ini]
[2020.01.05-23.16.10:120][  0]LogConfig: Setting CVar [[r.LightFunctionQuality:1]]
[2020.01.05-23.16.10:120][  0]LogConfig: Setting CVar [[r.ShadowQuality:5]]
[2020.01.05-23.16.10:120][  0]LogConfig: Setting CVar [[r.Shadow.CSM.MaxCascades:10]]
[2020.01.05-23.16.10:120][  0]LogConfig: Setting CVar [[r.Shadow.MaxResolution:2048]]
[2020.01.05-23.16.10:120][  0]LogConfig: Setting CVar [[r.Shadow.MaxCSMResolution:2048]]
[2020.01.05-23.16.10:120][  0]LogConfig: Setting CVar [[r.Shadow.RadiusThreshold:0.01]]
[2020.01.05-23.16.10:120][  0]LogConfig: Setting CVar [[r.Shadow.DistanceScale:1.0]]
[2020.01.05-23.16.10:120][  0]LogConfig: Setting CVar [[r.Shadow.CSM.TransitionScale:1.0]]
[2020.01.05-23.16.10:120][  0]LogConfig: Setting CVar [[r.Shadow.PreShadowResolutionFactor:1.0]]
[2020.01.05-23.16.10:120][  0]LogConfig: Setting CVar [[r.DistanceFieldShadowing:1]]
[2020.01.05-23.16.10:120][  0]LogConfig: Setting CVar [[r.DistanceFieldAO:1]]
[2020.01.05-23.16.10:120][  0]LogConfig: Setting CVar [[r.AOQuality:2]]
[2020.01.05-23.16.10:120][  0]LogConfig: Setting CVar [[r.VolumetricFog:1]]
[2020.01.05-23.16.10:120][  0]LogConfig: Setting CVar [[r.VolumetricFog.GridPixelSize:8]]
[2020.01.05-23.16.10:120][  0]LogConfig: Setting CVar [[r.VolumetricFog.GridSizeZ:128]]
[2020.01.05-23.16.10:120][  0]LogConfig: Setting CVar [[r.VolumetricFog.HistoryMissSupersampleCount:4]]
[2020.01.05-23.16.10:120][  0]LogConfig: Setting CVar [[r.LightMaxDrawDistanceScale:1]]
[2020.01.05-23.16.10:120][  0]LogConfig: Setting CVar [[r.CapsuleShadows:1]]
[2020.01.05-23.16.10:120][  0]LogConfig: Applying CVar settings from Section [PostProcessQuality@3] File [C:/Users/User/Desktop/uni/UGR-PGV-master/Practicas Unreal/Practica_02 4.24/Saved/Config/Windows/Scalability.ini]
[2020.01.05-23.16.10:120][  0]LogConfig: Setting CVar [[r.MotionBlurQuality:4]]
[2020.01.05-23.16.10:120][  0]LogConfig: Setting CVar [[r.AmbientOcclusionMipLevelFactor:0.4]]
[2020.01.05-23.16.10:120][  0]LogConfig: Setting CVar [[r.AmbientOcclusionMaxQuality:100]]
[2020.01.05-23.16.10:120][  0]LogConfig: Setting CVar [[r.AmbientOcclusionLevels:-1]]
[2020.01.05-23.16.10:120][  0]LogConfig: Setting CVar [[r.AmbientOcclusionRadiusScale:1.0]]
[2020.01.05-23.16.10:120][  0]LogConfig: Setting CVar [[r.DepthOfFieldQuality:2]]
[2020.01.05-23.16.10:120][  0]LogConfig: Setting CVar [[r.RenderTargetPoolMin:400]]
[2020.01.05-23.16.10:120][  0]LogConfig: Setting CVar [[r.LensFlareQuality:2]]
[2020.01.05-23.16.10:120][  0]LogConfig: Setting CVar [[r.SceneColorFringeQuality:1]]
[2020.01.05-23.16.10:120][  0]LogConfig: Setting CVar [[r.EyeAdaptationQuality:2]]
[2020.01.05-23.16.10:120][  0]LogConfig: Setting CVar [[r.BloomQuality:5]]
[2020.01.05-23.16.10:120][  0]LogConfig: Setting CVar [[r.FastBlurThreshold:100]]
[2020.01.05-23.16.10:120][  0]LogConfig: Setting CVar [[r.Upscale.Quality:3]]
[2020.01.05-23.16.10:120][  0]LogConfig: Setting CVar [[r.Tonemapper.GrainQuantization:1]]
[2020.01.05-23.16.10:120][  0]LogConfig: Setting CVar [[r.LightShaftQuality:1]]
[2020.01.05-23.16.10:120][  0]LogConfig: Setting CVar [[r.Filter.SizeScale:1]]
[2020.01.05-23.16.10:120][  0]LogConfig: Setting CVar [[r.Tonemapper.Quality:5]]
[2020.01.05-23.16.10:120][  0]LogConfig: Setting CVar [[r.DOF.Gather.AccumulatorQuality:1        ; higher gathering accumulator quality]]
[2020.01.05-23.16.10:120][  0]LogConfig: Setting CVar [[r.DOF.Gather.PostfilterMethod:1          ; Median3x3 postfilering method]]
[2020.01.05-23.16.10:120][  0]LogConfig: Setting CVar [[r.DOF.Gather.EnableBokehSettings:0       ; no bokeh simulation when gathering]]
[2020.01.05-23.16.10:120][  0]LogConfig: Setting CVar [[r.DOF.Gather.RingCount:4                 ; medium number of samples when gathering]]
[2020.01.05-23.16.10:120][  0]LogConfig: Setting CVar [[r.DOF.Scatter.ForegroundCompositing:1    ; additive foreground scattering]]
[2020.01.05-23.16.10:120][  0]LogConfig: Setting CVar [[r.DOF.Scatter.BackgroundCompositing:2    ; additive background scattering]]
[2020.01.05-23.16.10:120][  0]LogConfig: Setting CVar [[r.DOF.Scatter.EnableBokehSettings:1      ; bokeh simulation when scattering]]
[2020.01.05-23.16.10:120][  0]LogConfig: Setting CVar [[r.DOF.Scatter.MaxSpriteRatio:0.1         ; only a maximum of 10% of scattered bokeh]]
[2020.01.05-23.16.10:120][  0]LogConfig: Setting CVar [[r.DOF.Recombine.Quality:1                ; cheap slight out of focus]]
[2020.01.05-23.16.10:120][  0]LogConfig: Setting CVar [[r.DOF.Recombine.EnableBokehSettings:0    ; no bokeh simulation on slight out of focus]]
[2020.01.05-23.16.10:120][  0]LogConfig: Setting CVar [[r.DOF.TemporalAAQuality:1                ; more stable temporal accumulation]]
[2020.01.05-23.16.10:120][  0]LogConfig: Setting CVar [[r.DOF.Kernel.MaxForegroundRadius:0.025]]
[2020.01.05-23.16.10:120][  0]LogConfig: Setting CVar [[r.DOF.Kernel.MaxBackgroundRadius:0.025]]
[2020.01.05-23.16.10:120][  0]LogConfig: Applying CVar settings from Section [TextureQuality@3] File [C:/Users/User/Desktop/uni/UGR-PGV-master/Practicas Unreal/Practica_02 4.24/Saved/Config/Windows/Scalability.ini]
[2020.01.05-23.16.10:120][  0]LogConfig: Setting CVar [[r.Streaming.MipBias:0]]
[2020.01.05-23.16.10:120][  0]LogConfig: Setting CVar [[r.Streaming.AmortizeCPUToGPUCopy:0]]
[2020.01.05-23.16.10:120][  0]LogConfig: Setting CVar [[r.Streaming.MaxNumTexturesToStreamPerFrame:0]]
[2020.01.05-23.16.10:120][  0]LogConfig: Setting CVar [[r.Streaming.Boost:1]]
[2020.01.05-23.16.10:120][  0]LogConfig: Setting CVar [[r.MaxAnisotropy:8]]
[2020.01.05-23.16.10:120][  0]LogConfig: Setting CVar [[r.VT.MaxAnisotropy:8]]
[2020.01.05-23.16.10:120][  0]LogConfig: Setting CVar [[r.Streaming.LimitPoolSizeToVRAM:0]]
[2020.01.05-23.16.10:120][  0]LogConfig: Setting CVar [[r.Streaming.PoolSize:1000]]
[2020.01.05-23.16.10:120][  0]LogConfig: Setting CVar [[r.Streaming.MaxEffectiveScreenSize:0]]
[2020.01.05-23.16.10:120][  0]LogConfig: Applying CVar settings from Section [EffectsQuality@3] File [C:/Users/User/Desktop/uni/UGR-PGV-master/Practicas Unreal/Practica_02 4.24/Saved/Config/Windows/Scalability.ini]
[2020.01.05-23.16.10:120][  0]LogConfig: Setting CVar [[r.TranslucencyLightingVolumeDim:64]]
[2020.01.05-23.16.10:121][  0]LogConfig: Setting CVar [[r.RefractionQuality:2]]
[2020.01.05-23.16.10:121][  0]LogConfig: Setting CVar [[r.SSR.Quality:3]]
[2020.01.05-23.16.10:121][  0]LogConfig: Setting CVar [[r.SSR.HalfResSceneColor:0]]
[2020.01.05-23.16.10:121][  0]LogConfig: Setting CVar [[r.SceneColorFormat:4]]
[2020.01.05-23.16.10:121][  0]LogConfig: Setting CVar [[r.DetailMode:2]]
[2020.01.05-23.16.10:121][  0]LogConfig: Setting CVar [[r.TranslucencyVolumeBlur:1]]
[2020.01.05-23.16.10:121][  0]LogConfig: Setting CVar [[r.MaterialQualityLevel:1 ; High quality]]
[2020.01.05-23.16.10:121][  0]LogConfig: Setting CVar [[r.SSS.Scale:1]]
[2020.01.05-23.16.10:121][  0]LogConfig: Setting CVar [[r.SSS.SampleSet:2]]
[2020.01.05-23.16.10:121][  0]LogConfig: Setting CVar [[r.SSS.Quality:1]]
[2020.01.05-23.16.10:121][  0]LogConfig: Setting CVar [[r.SSS.HalfRes:1]]
[2020.01.05-23.16.10:121][  0]LogConfig: Setting CVar [[r.SSGI.Quality:3]]
[2020.01.05-23.16.10:121][  0]LogConfig: Setting CVar [[r.EmitterSpawnRateScale:1.0]]
[2020.01.05-23.16.10:121][  0]LogConfig: Setting CVar [[r.ParticleLightQuality:2]]
[2020.01.05-23.16.10:121][  0]LogConfig: Setting CVar [[r.SkyAtmosphere.AerialPerspectiveLUT.FastApplyOnOpaque:1 ; Always have FastSkyLUT 1 in this case to avoid wrong sky]]
[2020.01.05-23.16.10:121][  0]LogConfig: Setting CVar [[r.SkyAtmosphere.AerialPerspectiveLUT.SampleCountPerSlice:1]]
[2020.01.05-23.16.10:121][  0]LogConfig: Setting CVar [[r.SkyAtmosphere.AerialPerspectiveLUT.DepthResolution:16.0]]
[2020.01.05-23.16.10:121][  0]LogConfig: Setting CVar [[r.SkyAtmosphere.FastSkyLUT:1]]
[2020.01.05-23.16.10:121][  0]LogConfig: Setting CVar [[r.SkyAtmosphere.FastSkyLUT.SampleCountMin:4.0]]
[2020.01.05-23.16.10:121][  0]LogConfig: Setting CVar [[r.SkyAtmosphere.FastSkyLUT.SampleCountMax:32.0]]
[2020.01.05-23.16.10:121][  0]LogConfig: Setting CVar [[r.SkyAtmosphere.SampleCountMin:4.0]]
[2020.01.05-23.16.10:121][  0]LogConfig: Setting CVar [[r.SkyAtmosphere.SampleCountMax:32.0]]
[2020.01.05-23.16.10:121][  0]LogConfig: Setting CVar [[r.SkyAtmosphere.TransmittanceLUT.UseSmallFormat:0]]
[2020.01.05-23.16.10:121][  0]LogConfig: Setting CVar [[r.SkyAtmosphere.TransmittanceLUT.SampleCount:10.0]]
[2020.01.05-23.16.10:121][  0]LogConfig: Setting CVar [[r.SkyAtmosphere.MultiScatteringLUT.SampleCount:15.0]]
[2020.01.05-23.16.10:121][  0]LogConfig: Applying CVar settings from Section [FoliageQuality@3] File [C:/Users/User/Desktop/uni/UGR-PGV-master/Practicas Unreal/Practica_02 4.24/Saved/Config/Windows/Scalability.ini]
[2020.01.05-23.16.10:121][  0]LogConfig: Setting CVar [[foliage.DensityScale:1.0]]
[2020.01.05-23.16.10:121][  0]LogConfig: Setting CVar [[grass.DensityScale:1.0]]
[2020.01.05-23.16.10:121][  0]LogConfig: Applying CVar settings from Section [ShadingQuality@3] File [C:/Users/User/Desktop/uni/UGR-PGV-master/Practicas Unreal/Practica_02 4.24/Saved/Config/Windows/Scalability.ini]
[2020.01.05-23.16.10:121][  0]LogConfig: Setting CVar [[r.HairStrands.SkyLighting.SampleCount:16]]
[2020.01.05-23.16.10:121][  0]LogConfig: Setting CVar [[r.HairStrands.SkyLighting.JitterIntegration:0]]
[2020.01.05-23.16.10:121][  0]LogConfig: Setting CVar [[r.HairStrands.SkyAO.SampleCount:16]]
[2020.01.05-23.16.10:121][  0]LogInit: Selected Device Profile: [Windows]
[2020.01.05-23.16.10:121][  0]LogInit: Applying CVar settings loaded from the selected device profile: [Windows]
[2020.01.05-23.16.10:124][  0]LogHAL: Display: Platform has ~ 8 GB [8549105664 / 8589934592 / 8], which maps to Default [LargestMinGB=32, LargerMinGB=12, DefaultMinGB=8, SmallerMinGB=6, SmallestMinGB=0)
[2020.01.05-23.16.10:124][  0]LogInit: Going up to parent DeviceProfile []
[2020.01.05-23.16.10:124][  0]LogConfig: Applying CVar settings from Section [ViewDistanceQuality@3] File [C:/Users/User/Desktop/uni/UGR-PGV-master/Practicas Unreal/Practica_02 4.24/Saved/Config/Windows/Scalability.ini]
[2020.01.05-23.16.10:124][  0]LogConfig: Setting CVar [[r.SkeletalMeshLODBias:0]]
[2020.01.05-23.16.10:124][  0]LogConfig: Setting CVar [[r.ViewDistanceScale:1.0]]
[2020.01.05-23.16.10:124][  0]LogConfig: Applying CVar settings from Section [AntiAliasingQuality@3] File [C:/Users/User/Desktop/uni/UGR-PGV-master/Practicas Unreal/Practica_02 4.24/Saved/Config/Windows/Scalability.ini]
[2020.01.05-23.16.10:124][  0]LogConfig: Setting CVar [[r.PostProcessAAQuality:4]]
[2020.01.05-23.16.10:124][  0]LogConfig: Applying CVar settings from Section [ShadowQuality@3] File [C:/Users/User/Desktop/uni/UGR-PGV-master/Practicas Unreal/Practica_02 4.24/Saved/Config/Windows/Scalability.ini]
[2020.01.05-23.16.10:124][  0]LogConfig: Setting CVar [[r.LightFunctionQuality:1]]
[2020.01.05-23.16.10:124][  0]LogConfig: Setting CVar [[r.ShadowQuality:5]]
[2020.01.05-23.16.10:124][  0]LogConfig: Setting CVar [[r.Shadow.CSM.MaxCascades:10]]
[2020.01.05-23.16.10:124][  0]LogConfig: Setting CVar [[r.Shadow.MaxResolution:2048]]
[2020.01.05-23.16.10:124][  0]LogConfig: Setting CVar [[r.Shadow.MaxCSMResolution:2048]]
[2020.01.05-23.16.10:124][  0]LogConfig: Setting CVar [[r.Shadow.RadiusThreshold:0.01]]
[2020.01.05-23.16.10:124][  0]LogConfig: Setting CVar [[r.Shadow.DistanceScale:1.0]]
[2020.01.05-23.16.10:124][  0]LogConfig: Setting CVar [[r.Shadow.CSM.TransitionScale:1.0]]
[2020.01.05-23.16.10:124][  0]LogConfig: Setting CVar [[r.Shadow.PreShadowResolutionFactor:1.0]]
[2020.01.05-23.16.10:124][  0]LogConfig: Setting CVar [[r.DistanceFieldShadowing:1]]
[2020.01.05-23.16.10:124][  0]LogConfig: Setting CVar [[r.DistanceFieldAO:1]]
[2020.01.05-23.16.10:124][  0]LogConfig: Setting CVar [[r.AOQuality:2]]
[2020.01.05-23.16.10:124][  0]LogConfig: Setting CVar [[r.VolumetricFog:1]]
[2020.01.05-23.16.10:124][  0]LogConfig: Setting CVar [[r.VolumetricFog.GridPixelSize:8]]
[2020.01.05-23.16.10:124][  0]LogConfig: Setting CVar [[r.VolumetricFog.GridSizeZ:128]]
[2020.01.05-23.16.10:124][  0]LogConfig: Setting CVar [[r.VolumetricFog.HistoryMissSupersampleCount:4]]
[2020.01.05-23.16.10:124][  0]LogConfig: Setting CVar [[r.LightMaxDrawDistanceScale:1]]
[2020.01.05-23.16.10:124][  0]LogConfig: Setting CVar [[r.CapsuleShadows:1]]
[2020.01.05-23.16.10:124][  0]LogConfig: Applying CVar settings from Section [PostProcessQuality@3] File [C:/Users/User/Desktop/uni/UGR-PGV-master/Practicas Unreal/Practica_02 4.24/Saved/Config/Windows/Scalability.ini]
[2020.01.05-23.16.10:124][  0]LogConfig: Setting CVar [[r.MotionBlurQuality:4]]
[2020.01.05-23.16.10:124][  0]LogConfig: Setting CVar [[r.AmbientOcclusionMipLevelFactor:0.4]]
[2020.01.05-23.16.10:124][  0]LogConfig: Setting CVar [[r.AmbientOcclusionMaxQuality:100]]
[2020.01.05-23.16.10:124][  0]LogConfig: Setting CVar [[r.AmbientOcclusionLevels:-1]]
[2020.01.05-23.16.10:124][  0]LogConfig: Setting CVar [[r.AmbientOcclusionRadiusScale:1.0]]
[2020.01.05-23.16.10:124][  0]LogConfig: Setting CVar [[r.DepthOfFieldQuality:2]]
[2020.01.05-23.16.10:124][  0]LogConfig: Setting CVar [[r.RenderTargetPoolMin:400]]
[2020.01.05-23.16.10:124][  0]LogConfig: Setting CVar [[r.LensFlareQuality:2]]
[2020.01.05-23.16.10:124][  0]LogConfig: Setting CVar [[r.SceneColorFringeQuality:1]]
[2020.01.05-23.16.10:124][  0]LogConfig: Setting CVar [[r.EyeAdaptationQuality:2]]
[2020.01.05-23.16.10:124][  0]LogConfig: Setting CVar [[r.BloomQuality:5]]
[2020.01.05-23.16.10:124][  0]LogConfig: Setting CVar [[r.FastBlurThreshold:100]]
[2020.01.05-23.16.10:124][  0]LogConfig: Setting CVar [[r.Upscale.Quality:3]]
[2020.01.05-23.16.10:124][  0]LogConfig: Setting CVar [[r.Tonemapper.GrainQuantization:1]]
[2020.01.05-23.16.10:124][  0]LogConfig: Setting CVar [[r.LightShaftQuality:1]]
[2020.01.05-23.16.10:124][  0]LogConfig: Setting CVar [[r.Filter.SizeScale:1]]
[2020.01.05-23.16.10:124][  0]LogConfig: Setting CVar [[r.Tonemapper.Quality:5]]
[2020.01.05-23.16.10:125][  0]LogConfig: Setting CVar [[r.DOF.Gather.AccumulatorQuality:1        ; higher gathering accumulator quality]]
[2020.01.05-23.16.10:125][  0]LogConfig: Setting CVar [[r.DOF.Gather.PostfilterMethod:1          ; Median3x3 postfilering method]]
[2020.01.05-23.16.10:125][  0]LogConfig: Setting CVar [[r.DOF.Gather.EnableBokehSettings:0       ; no bokeh simulation when gathering]]
[2020.01.05-23.16.10:125][  0]LogConfig: Setting CVar [[r.DOF.Gather.RingCount:4                 ; medium number of samples when gathering]]
[2020.01.05-23.16.10:125][  0]LogConfig: Setting CVar [[r.DOF.Scatter.ForegroundCompositing:1    ; additive foreground scattering]]
[2020.01.05-23.16.10:125][  0]LogConfig: Setting CVar [[r.DOF.Scatter.BackgroundCompositing:2    ; additive background scattering]]
[2020.01.05-23.16.10:125][  0]LogConfig: Setting CVar [[r.DOF.Scatter.EnableBokehSettings:1      ; bokeh simulation when scattering]]
[2020.01.05-23.16.10:125][  0]LogConfig: Setting CVar [[r.DOF.Scatter.MaxSpriteRatio:0.1         ; only a maximum of 10% of scattered bokeh]]
[2020.01.05-23.16.10:125][  0]LogConfig: Setting CVar [[r.DOF.Recombine.Quality:1                ; cheap slight out of focus]]
[2020.01.05-23.16.10:125][  0]LogConfig: Setting CVar [[r.DOF.Recombine.EnableBokehSettings:0    ; no bokeh simulation on slight out of focus]]
[2020.01.05-23.16.10:125][  0]LogConfig: Setting CVar [[r.DOF.TemporalAAQuality:1                ; more stable temporal accumulation]]
[2020.01.05-23.16.10:125][  0]LogConfig: Setting CVar [[r.DOF.Kernel.MaxForegroundRadius:0.025]]
[2020.01.05-23.16.10:125][  0]LogConfig: Setting CVar [[r.DOF.Kernel.MaxBackgroundRadius:0.025]]
[2020.01.05-23.16.10:125][  0]LogConfig: Applying CVar settings from Section [TextureQuality@3] File [C:/Users/User/Desktop/uni/UGR-PGV-master/Practicas Unreal/Practica_02 4.24/Saved/Config/Windows/Scalability.ini]
[2020.01.05-23.16.10:125][  0]LogConfig: Setting CVar [[r.Streaming.MipBias:0]]
[2020.01.05-23.16.10:125][  0]LogConfig: Setting CVar [[r.Streaming.AmortizeCPUToGPUCopy:0]]
[2020.01.05-23.16.10:125][  0]LogConfig: Setting CVar [[r.Streaming.MaxNumTexturesToStreamPerFrame:0]]
[2020.01.05-23.16.10:125][  0]LogConfig: Setting CVar [[r.Streaming.Boost:1]]
[2020.01.05-23.16.10:125][  0]LogConfig: Setting CVar [[r.MaxAnisotropy:8]]
[2020.01.05-23.16.10:125][  0]LogConfig: Setting CVar [[r.VT.MaxAnisotropy:8]]
[2020.01.05-23.16.10:125][  0]LogConfig: Setting CVar [[r.Streaming.LimitPoolSizeToVRAM:0]]
[2020.01.05-23.16.10:125][  0]LogConfig: Setting CVar [[r.Streaming.PoolSize:1000]]
[2020.01.05-23.16.10:125][  0]LogConfig: Setting CVar [[r.Streaming.MaxEffectiveScreenSize:0]]
[2020.01.05-23.16.10:125][  0]LogConfig: Applying CVar settings from Section [EffectsQuality@3] File [C:/Users/User/Desktop/uni/UGR-PGV-master/Practicas Unreal/Practica_02 4.24/Saved/Config/Windows/Scalability.ini]
[2020.01.05-23.16.10:125][  0]LogConfig: Setting CVar [[r.TranslucencyLightingVolumeDim:64]]
[2020.01.05-23.16.10:125][  0]LogConfig: Setting CVar [[r.RefractionQuality:2]]
[2020.01.05-23.16.10:125][  0]LogConfig: Setting CVar [[r.SSR.Quality:3]]
[2020.01.05-23.16.10:125][  0]LogConfig: Setting CVar [[r.SSR.HalfResSceneColor:0]]
[2020.01.05-23.16.10:125][  0]LogConfig: Setting CVar [[r.SceneColorFormat:4]]
[2020.01.05-23.16.10:125][  0]LogConfig: Setting CVar [[r.DetailMode:2]]
[2020.01.05-23.16.10:125][  0]LogConfig: Setting CVar [[r.TranslucencyVolumeBlur:1]]
[2020.01.05-23.16.10:125][  0]LogConfig: Setting CVar [[r.MaterialQualityLevel:1 ; High quality]]
[2020.01.05-23.16.10:125][  0]LogConfig: Setting CVar [[r.SSS.Scale:1]]
[2020.01.05-23.16.10:125][  0]LogConfig: Setting CVar [[r.SSS.SampleSet:2]]
[2020.01.05-23.16.10:125][  0]LogConfig: Setting CVar [[r.SSS.Quality:1]]
[2020.01.05-23.16.10:125][  0]LogConfig: Setting CVar [[r.SSS.HalfRes:1]]
[2020.01.05-23.16.10:125][  0]LogConfig: Setting CVar [[r.SSGI.Quality:3]]
[2020.01.05-23.16.10:125][  0]LogConfig: Setting CVar [[r.EmitterSpawnRateScale:1.0]]
[2020.01.05-23.16.10:125][  0]LogConfig: Setting CVar [[r.ParticleLightQuality:2]]
[2020.01.05-23.16.10:125][  0]LogConfig: Setting CVar [[r.SkyAtmosphere.AerialPerspectiveLUT.FastApplyOnOpaque:1 ; Always have FastSkyLUT 1 in this case to avoid wrong sky]]
[2020.01.05-23.16.10:125][  0]LogConfig: Setting CVar [[r.SkyAtmosphere.AerialPerspectiveLUT.SampleCountPerSlice:1]]
[2020.01.05-23.16.10:125][  0]LogConfig: Setting CVar [[r.SkyAtmosphere.AerialPerspectiveLUT.DepthResolution:16.0]]
[2020.01.05-23.16.10:125][  0]LogConfig: Setting CVar [[r.SkyAtmosphere.FastSkyLUT:1]]
[2020.01.05-23.16.10:125][  0]LogConfig: Setting CVar [[r.SkyAtmosphere.FastSkyLUT.SampleCountMin:4.0]]
[2020.01.05-23.16.10:125][  0]LogConfig: Setting CVar [[r.SkyAtmosphere.FastSkyLUT.SampleCountMax:32.0]]
[2020.01.05-23.16.10:125][  0]LogConfig: Setting CVar [[r.SkyAtmosphere.SampleCountMin:4.0]]
[2020.01.05-23.16.10:125][  0]LogConfig: Setting CVar [[r.SkyAtmosphere.SampleCountMax:32.0]]
[2020.01.05-23.16.10:125][  0]LogConfig: Setting CVar [[r.SkyAtmosphere.TransmittanceLUT.UseSmallFormat:0]]
[2020.01.05-23.16.10:125][  0]LogConfig: Setting CVar [[r.SkyAtmosphere.TransmittanceLUT.SampleCount:10.0]]
[2020.01.05-23.16.10:125][  0]LogConfig: Setting CVar [[r.SkyAtmosphere.MultiScatteringLUT.SampleCount:15.0]]
[2020.01.05-23.16.10:125][  0]LogConfig: Applying CVar settings from Section [FoliageQuality@3] File [C:/Users/User/Desktop/uni/UGR-PGV-master/Practicas Unreal/Practica_02 4.24/Saved/Config/Windows/Scalability.ini]
[2020.01.05-23.16.10:125][  0]LogConfig: Setting CVar [[foliage.DensityScale:1.0]]
[2020.01.05-23.16.10:125][  0]LogConfig: Setting CVar [[grass.DensityScale:1.0]]
[2020.01.05-23.16.10:125][  0]LogConfig: Applying CVar settings from Section [ShadingQuality@3] File [C:/Users/User/Desktop/uni/UGR-PGV-master/Practicas Unreal/Practica_02 4.24/Saved/Config/Windows/Scalability.ini]
[2020.01.05-23.16.10:125][  0]LogConfig: Setting CVar [[r.HairStrands.SkyLighting.SampleCount:16]]
[2020.01.05-23.16.10:125][  0]LogConfig: Setting CVar [[r.HairStrands.SkyLighting.JitterIntegration:0]]
[2020.01.05-23.16.10:125][  0]LogConfig: Setting CVar [[r.HairStrands.SkyAO.SampleCount:16]]
[2020.01.05-23.16.10:125][  0]LogConfig: Applying CVar settings from Section [Startup] File [../../../Engine/Config/ConsoleVariables.ini]
[2020.01.05-23.16.10:126][  0]LogConfig: Setting CVar [[net.UseAdaptiveNetUpdateFrequency:0]]
[2020.01.05-23.16.10:126][  0]LogConfig: Setting CVar [[p.chaos.AllowCreatePhysxBodies:1]]
[2020.01.05-23.16.10:126][  0]LogConfig: Applying CVar settings from Section [ConsoleVariables] File [C:/Users/User/Desktop/uni/UGR-PGV-master/Practicas Unreal/Practica_02 4.24/Saved/Config/Windows/Engine.ini]
[2020.01.05-23.16.10:126][  0]LogInit: Computer: USER-PC
[2020.01.05-23.16.10:126][  0]LogInit: User: User
[2020.01.05-23.16.10:126][  0]LogInit: CPU Page size=4096, Cores=4
[2020.01.05-23.16.10:126][  0]LogInit: High frequency timer resolution =3.215390 MHz
[2020.01.05-23.16.10:126][  0]LogMemory: Memory total: Physical=8.0GB (8GB approx)
[2020.01.05-23.16.10:126][  0]LogMemory: Platform Memory Stats for Windows
[2020.01.05-23.16.10:126][  0]LogMemory: Process Physical Memory: 105.22 MB used, 105.22 MB peak
[2020.01.05-23.16.10:126][  0]LogMemory: Process Virtual Memory: 104.09 MB used, 104.09 MB peak
[2020.01.05-23.16.10:126][  0]LogMemory: Physical Memory: 4694.19 MB used,  3458.88 MB free, 8153.06 MB total
[2020.01.05-23.16.10:126][  0]LogMemory: Virtual Memory: 1012.27 MB used,  8387595.50 MB free, 8388608.00 MB total
[2020.01.05-23.16.10:136][  0]LogWindows: WindowsPlatformFeatures enabled
[2020.01.05-23.16.10:150][  0]LogInit: Using OS detected language (es-ES).
[2020.01.05-23.16.10:150][  0]LogInit: Using OS detected locale (es-ES).
[2020.01.05-23.16.10:151][  0]LogTextLocalizationManager: No specific localization for 'es-ES' exists, so the 'es' localization will be used.
[2020.01.05-23.16.10:191][  0]LogWindows: Failed to load 'shcore.dll' (GetLastError=126)
[2020.01.05-23.16.10:191][  0]LogWindows: File 'shcore.dll' does not exist
[2020.01.05-23.16.10:191][  0]LogInit: Setting process to DPI aware
[2020.01.05-23.16.10:215][  0]LogSlate: New Slate User Created.  User Index 0, Is Virtual User: 0
[2020.01.05-23.16.10:215][  0]LogSlate: Slate User Registered.  User Index 0, Is Virtual User: 0
[2020.01.05-23.16.10:384][  0]LogHMD: Failed to initialize OpenVR with code 105
[2020.01.05-23.16.10:384][  0]LogD3D11RHI: D3D11 min allowed feature level: 11_0
[2020.01.05-23.16.10:384][  0]LogD3D11RHI: D3D11 max allowed feature level: 11_0
[2020.01.05-23.16.10:384][  0]LogD3D11RHI: D3D11 adapters:
[2020.01.05-23.16.10:419][  0]LogD3D11RHI:    0. 'NVIDIA GeForce GTX 750 Ti' (Feature Level 11_0)
[2020.01.05-23.16.10:419][  0]LogD3D11RHI:       1984/0/3820 MB DedicatedVideo/DedicatedSystem/SharedSystem, Outputs:1, VendorId:0x10de
[2020.01.05-23.16.10:419][  0]LogD3D11RHI: Chosen D3D11 Adapter: 0
[2020.01.05-23.16.10:423][  0]LogD3D11RHI: Creating new Direct3DDevice
[2020.01.05-23.16.10:423][  0]LogD3D11RHI:     GPU DeviceId: 0x1380 (for the marketing name, search the web for "GPU Device Id")
[2020.01.05-23.16.10:423][  0]LogWindows: EnumDisplayDevices:
[2020.01.05-23.16.10:423][  0]LogWindows:    0. 'NVIDIA GeForce GTX 750 Ti' (P:1 D:1)
[2020.01.05-23.16.10:424][  0]LogWindows:    1. 'NVIDIA GeForce GTX 750 Ti' (P:0 D:0)
[2020.01.05-23.16.10:424][  0]LogWindows:    2. 'NVIDIA GeForce GTX 750 Ti' (P:0 D:0)
[2020.01.05-23.16.10:424][  0]LogWindows:    3. 'NVIDIA GeForce GTX 750 Ti' (P:0 D:0)
[2020.01.05-23.16.10:424][  0]LogWindows:    4. 'RDPDD Chained DD' (P:0 D:0)
[2020.01.05-23.16.10:424][  0]LogWindows:    5. 'RDP Encoder Mirror Driver' (P:0 D:0)
[2020.01.05-23.16.10:424][  0]LogWindows:    6. 'RDP Reflector Display Driver' (P:0 D:0)
[2020.01.05-23.16.10:424][  0]LogWindows:    7. 'LogMeIn Mirror Driver' (P:0 D:0)
[2020.01.05-23.16.10:424][  0]LogWindows: DebugString: GetVideoDriverDetailsInvalid PrimaryIsNotTheChoosenAdapter GetVideoDriverDetailsInvalid PrimaryIsNotTheChoosenAdapter GetVideoDriverDetailsInvalid PrimaryIsNotTheChoosenAdapter GetVideoDriverDetailsInvalid PrimaryIsNotTheChoosenAdapter FoundDriverCount:4 
[2020.01.05-23.16.10:424][  0]LogD3D11RHI:     Adapter Name: NVIDIA GeForce GTX 750 Ti
[2020.01.05-23.16.10:425][  0]LogD3D11RHI:   Driver Version: 431.60 (internal:26.21.14.3160, unified:431.60)
[2020.01.05-23.16.10:425][  0]LogD3D11RHI:      Driver Date: 7-17-2019
[2020.01.05-23.16.10:425][  0]LogRHI: Texture pool is 1388 MB (70% of 1984 MB)
[2020.01.05-23.16.10:445][  0]LogD3D11RHI: RHI has support for 64 bit atomics
[2020.01.05-23.16.10:445][  0]LogD3D11RHI: Async texture creation enabled
[2020.01.05-23.16.10:466][  0]LogD3D11RHI: GPU Timing Frequency: 1000.000000 (Debug: 2 2)
[2020.01.05-23.16.10:705][  0]LogTargetPlatformManager: Display: Loaded TargetPlatform 'AllDesktop'
[2020.01.05-23.16.10:737][  0]LogTargetPlatformManager: Display: Loaded TargetPlatform 'Android'
[2020.01.05-23.16.10:737][  0]LogTargetPlatformManager: Display: Loaded TargetPlatform 'Android_ASTC'
[2020.01.05-23.16.10:737][  0]LogTargetPlatformManager: Display: Loaded TargetPlatform 'Android_ATC'
[2020.01.05-23.16.10:737][  0]LogTargetPlatformManager: Display: Loaded TargetPlatform 'Android_DXT'
[2020.01.05-23.16.10:737][  0]LogTargetPlatformManager: Display: Loaded TargetPlatform 'Android_ETC1'
[2020.01.05-23.16.10:737][  0]LogTargetPlatformManager: Display: Loaded TargetPlatform 'Android_ETC1a'
[2020.01.05-23.16.10:737][  0]LogTargetPlatformManager: Display: Loaded TargetPlatform 'Android_ETC2'
[2020.01.05-23.16.10:737][  0]LogTargetPlatformManager: Display: Loaded TargetPlatform 'Android_PVRTC'
[2020.01.05-23.16.10:737][  0]LogTargetPlatformManager: Display: Loaded TargetPlatform 'AndroidClient'
[2020.01.05-23.16.10:737][  0]LogTargetPlatformManager: Display: Loaded TargetPlatform 'Android_ASTCClient'
[2020.01.05-23.16.10:737][  0]LogTargetPlatformManager: Display: Loaded TargetPlatform 'Android_ATCClient'
[2020.01.05-23.16.10:737][  0]LogTargetPlatformManager: Display: Loaded TargetPlatform 'Android_DXTClient'
[2020.01.05-23.16.10:737][  0]LogTargetPlatformManager: Display: Loaded TargetPlatform 'Android_ETC1Client'
[2020.01.05-23.16.10:737][  0]LogTargetPlatformManager: Display: Loaded TargetPlatform 'Android_ETC1aClient'
[2020.01.05-23.16.10:737][  0]LogTargetPlatformManager: Display: Loaded TargetPlatform 'Android_ETC2Client'
[2020.01.05-23.16.10:737][  0]LogTargetPlatformManager: Display: Loaded TargetPlatform 'Android_PVRTCClient'
[2020.01.05-23.16.10:737][  0]LogTargetPlatformManager: Display: Loaded TargetPlatform 'Android_Multi'
[2020.01.05-23.16.10:737][  0]LogTargetPlatformManager: Display: Loaded TargetPlatform 'Android_MultiClient'
[2020.01.05-23.16.10:757][  0]LogTargetPlatformManager: Display: Loaded TargetPlatform 'IOSClient'
[2020.01.05-23.16.10:757][  0]LogTargetPlatformManager: Display: Loaded TargetPlatform 'IOS'
[2020.01.05-23.16.10:765][  0]LogTargetPlatformManager: Display: Loaded TargetPlatform 'LinuxNoEditor'
[2020.01.05-23.16.10:773][  0]LogTargetPlatformManager: Display: Loaded TargetPlatform 'LinuxClient'
[2020.01.05-23.16.10:781][  0]LogTargetPlatformManager: Display: Loaded TargetPlatform 'LinuxServer'
[2020.01.05-23.16.10:789][  0]LogTargetPlatformManager: Display: Loaded TargetPlatform 'LinuxAArch64NoEditor'
[2020.01.05-23.16.10:796][  0]LogTargetPlatformManager: Display: Loaded TargetPlatform 'LinuxAArch64Client'
[2020.01.05-23.16.10:804][  0]LogTargetPlatformManager: Display: Loaded TargetPlatform 'LinuxAArch64Server'
[2020.01.05-23.16.10:833][  0]LogTargetPlatformManager: Display: Loaded TargetPlatform 'Lumin'
[2020.01.05-23.16.10:833][  0]LogTargetPlatformManager: Display: Loaded TargetPlatform 'LuminClient'
[2020.01.05-23.16.10:850][  0]LogTargetPlatformManager: Display: Loaded TargetPlatform 'TVOSClient'
[2020.01.05-23.16.10:850][  0]LogTargetPlatformManager: Display: Loaded TargetPlatform 'TVOS'
[2020.01.05-23.16.10:858][  0]LogTargetPlatformManager: Display: Loaded TargetPlatform 'WindowsNoEditor'
[2020.01.05-23.16.10:866][  0]LogTargetPlatformManager: Display: Loaded TargetPlatform 'Windows'
[2020.01.05-23.16.10:874][  0]LogTargetPlatformManager: Display: Loaded TargetPlatform 'WindowsClient'
[2020.01.05-23.16.10:881][  0]LogTargetPlatformManager: Display: Loaded TargetPlatform 'WindowsServer'
[2020.01.05-23.16.10:881][  0]LogTargetPlatformManager: Display: Building Assets For Windows
[2020.01.05-23.16.10:884][  0]LogAudioDebug: Display: Lib vorbis DLL was dynamically loaded.
[2020.01.05-23.16.10:900][  0]LogShaderCompilers: Guid format shader working directory is -44 characters bigger than the processId version (../../../../../../Users/User/Desktop/uni/UGR-PGV-master/Practicas Unreal/Practica_02 4.24/Intermediate/Shaders/WorkingDirectory/8836/).
[2020.01.05-23.16.10:901][  0]LogShaderCompilers: Cleaned the shader compiler working directory 'C:/Users/User/AppData/Local/Temp/UnrealShaderWorkingDir/9FE0B1DD443F8A2D7CD74FA6CD47232E/'.
[2020.01.05-23.16.10:901][  0]LogXGEController: Cannot use XGE Controller as Incredibuild is not installed on this machine.
[2020.01.05-23.16.10:901][  0]LogShaderCompilers: Cannot use XGE Shader Compiler as Incredibuild is not installed on this machine.
[2020.01.05-23.16.10:901][  0]LogShaderCompilers: Display: Using Local Shader Compiler.
[2020.01.05-23.16.11:786][  0]LogDerivedDataCache: Display: Max Cache Size: 512 MB
[2020.01.05-23.16.11:977][  0]LogDerivedDataCache: Loaded boot cache 0.07s 78MB C:/Users/User/AppData/Local/UnrealEngine/4.24/DerivedDataCache/Boot.ddc.
[2020.01.05-23.16.11:977][  0]LogDerivedDataCache: Display: Loaded Boot cache: C:/Users/User/AppData/Local/UnrealEngine/4.24/DerivedDataCache/Boot.ddc
[2020.01.05-23.16.11:977][  0]LogDerivedDataCache: FDerivedDataBackendGraph:  Pak pak cache file ../../../../../../Users/User/Desktop/uni/UGR-PGV-master/Practicas Unreal/Practica_02 4.24/DerivedDataCache/DDC.ddp not found, will not use a pak cache.
[2020.01.05-23.16.11:977][  0]LogDerivedDataCache: Unable to find inner node Pak for hierarchical cache Hierarchy.
[2020.01.05-23.16.11:977][  0]LogDerivedDataCache: FDerivedDataBackendGraph:  CompressedPak pak cache file ../../../../../../Users/User/Desktop/uni/UGR-PGV-master/Practicas Unreal/Practica_02 4.24/DerivedDataCache/Compressed.ddp not found, will not use a pak cache.
[2020.01.05-23.16.11:977][  0]LogDerivedDataCache: Unable to find inner node CompressedPak for hierarchical cache Hierarchy.
[2020.01.05-23.16.11:990][  0]LogDerivedDataCache: Display: Pak cache opened for reading ../../../Engine/DerivedDataCache/Compressed.ddp.
[2020.01.05-23.16.11:990][  0]LogDerivedDataCache: FDerivedDataBackendGraph:  EnterprisePak pak cache file ../../../Enterprise/DerivedDataCache/Compressed.ddp not found, will not use a pak cache.
[2020.01.05-23.16.11:990][  0]LogDerivedDataCache: Unable to find inner node EnterprisePak for hierarchical cache Hierarchy.
[2020.01.05-23.16.11:991][  0]LogDerivedDataCache: Using Local data cache path C:/Users/User/AppData/Local/UnrealEngine/Common/DerivedDataCache: Writable
[2020.01.05-23.16.11:991][  0]LogDerivedDataCache: Shared data cache path not found in *engine.ini, will not use an Shared cache.
[2020.01.05-23.16.11:991][  0]LogDerivedDataCache: Unable to find inner node Shared for hierarchical cache Hierarchy.
[2020.01.05-23.16.12:023][  0]LogMaterial: Verifying Global Shaders for PCD3D_SM5
[2020.01.05-23.16.12:026][  0]LogSlate: Using FreeType 2.10.0
[2020.01.05-23.16.12:026][  0]LogSlate: SlateFontServices - WITH_FREETYPE: 1, WITH_HARFBUZZ: 1
[2020.01.05-23.16.12:095][  0]LogAssetRegistry: FAssetRegistry took 0.0027 seconds to start up
[2020.01.05-23.16.12:461][  0]LogInit: Selected Device Profile: [Windows]
[2020.01.05-23.16.12:655][  0]LogMeshReduction: Using QuadricMeshReduction for automatic static mesh reduction
[2020.01.05-23.16.12:655][  0]LogMeshReduction: Using SimplygonMeshReduction for automatic skeletal mesh reduction
[2020.01.05-23.16.12:655][  0]LogMeshReduction: Using ProxyLODMeshReduction for automatic mesh merging
[2020.01.05-23.16.12:655][  0]LogMeshReduction: No distributed automatic mesh merging module available
[2020.01.05-23.16.12:655][  0]LogMeshMerging: No distributed automatic mesh merging module available
[2020.01.05-23.16.12:669][  0]LogNetVersion: PGV_spline 1.0.0, NetCL: 10570792, EngineNetVer: 13, GameNetVer: 0 (Checksum: 1855508772)
[2020.01.05-23.16.14:023][  0]LogPackageLocalizationCache: Processed 10 localized package path(s) for 1 prioritized culture(s) in 0.059130 seconds
[2020.01.05-23.16.14:031][  0]LogUObjectArray: 46750 objects as part of root set at end of initial load.
[2020.01.05-23.16.14:031][  0]LogUObjectAllocator: 8137160 out of 0 bytes used by permanent object pool.
[2020.01.05-23.16.14:031][  0]LogUObjectArray: CloseDisregardForGC: 0/0 objects in disregard for GC pool
[2020.01.05-23.16.14:499][  0]LogTcpMessaging: Initializing TcpMessaging bridge
[2020.01.05-23.16.14:502][  0]LogUdpMessaging: Initializing bridge on interface 0.0.0.0:0 to multicast group 230.0.0.1:6666.
[2020.01.05-23.16.14:554][  0]SourceControl: El control de código fuente está desactivado
[2020.01.05-23.16.14:554][  0]SourceControl: El control de código fuente está desactivado
[2020.01.05-23.16.14:555][  0]SourceControl: El control de código fuente está desactivado
[2020.01.05-23.16.14:556][  0]SourceControl: El control de código fuente está desactivado
[2020.01.05-23.16.14:556][  0]SourceControl: El control de código fuente está desactivado
[2020.01.05-23.16.14:562][  0]LogVSAccessor: Display: Unable to create Visual Studio setup instance: 80040154
[2020.01.05-23.16.14:563][  0]LogVSAccessor: Display: Unable to create Visual Studio setup instance: 80040154
[2020.01.05-23.16.14:642][  0]LogAndroidPermission: UAndroidPermissionCallbackProxy::GetInstance
[2020.01.05-23.16.14:652][  0]LogAudioCaptureCore: Display: No Audio Capture implementations found. Audio input will be silent.
[2020.01.05-23.16.14:652][  0]LogAudioCaptureCore: Display: No Audio Capture implementations found. Audio input will be silent.
[2020.01.05-23.16.14:756][  0]LogOcInput: OculusInput pre-init called
[2020.01.05-23.16.14:763][  0]LogWindows: Failed to load 'OVRPlugin.dll' (GetLastError=126)
[2020.01.05-23.16.14:763][  0]LogWindows: File 'OVRPlugin.dll' does not exist
[2020.01.05-23.16.14:845][  0]LogEngine: Initializing Engine...
[2020.01.05-23.16.14:847][  0]LogHMD: Failed to initialize OpenVR with code 105
[2020.01.05-23.16.14:849][  0]LogStats: UGameplayTagsManager::InitializeManager -  0.000 s
[2020.01.05-23.16.15:270][  0]LogInit: Initializing FReadOnlyCVARCache
[2020.01.05-23.16.15:280][  0]LogAIModule: Creating AISystem for world Untitled
[2020.01.05-23.16.15:288][  0]LogAudioMixer: Display: Audio Mixer Platform Settings:
[2020.01.05-23.16.15:288][  0]LogAudioMixer: Display: 	Sample Rate:						  48000
[2020.01.05-23.16.15:288][  0]LogAudioMixer: Display: 	Callback Buffer Frame Size Requested: 256
[2020.01.05-23.16.15:288][  0]LogAudioMixer: Display: 	Callback Buffer Frame Size To Use:	  256
[2020.01.05-23.16.15:288][  0]LogAudioMixer: Display: 	Number of buffers to queue:			  7
[2020.01.05-23.16.15:288][  0]LogAudioMixer: Display: 	Max Channels (voices):				  32
[2020.01.05-23.16.15:288][  0]LogAudioMixer: Display: 	Number of Async Source Workers:		  0
[2020.01.05-23.16.15:288][  0]LogAudio: Display: AudioDevice MaxSources: 32
[2020.01.05-23.16.15:288][  0]LogAudio: Display: Using built-in audio occlusion.
[2020.01.05-23.16.15:288][  0]LogAudioMixer: Display: Initializing audio mixer.
[2020.01.05-23.16.15:298][  0]LogAudioMixer: Display: Audio Device Output Speaker Info:
[2020.01.05-23.16.15:298][  0]LogAudioMixer: Display: Name: Altavoces (Realtek High Definition Audio)
[2020.01.05-23.16.15:298][  0]LogAudioMixer: Display: Is Default: Yes
[2020.01.05-23.16.15:298][  0]LogAudioMixer: Display: Sample Rate: 48000
[2020.01.05-23.16.15:298][  0]LogAudioMixer: Display: Channel Count Used: 2
[2020.01.05-23.16.15:298][  0]LogAudioMixer: Display: Device Channel Count: 2
[2020.01.05-23.16.15:298][  0]LogAudioMixer: Display: Channel Order:
[2020.01.05-23.16.15:298][  0]LogAudioMixer: Display: 0: FrontLeft
[2020.01.05-23.16.15:298][  0]LogAudioMixer: Display: 1: FrontRight
[2020.01.05-23.16.15:307][  0]LogAudioMixer: Display: Using Audio Device Altavoces (Realtek High Definition Audio)
[2020.01.05-23.16.15:312][  0]LogInit: FAudioDevice initialized.
[2020.01.05-23.16.15:312][  0]LogNetVersion: Set ProjectVersion to 1.0.0.0. Version Checksum will be recalculated on next use.
[2020.01.05-23.16.16:275][  0]LogDerivedDataCache: Saved boot cache 0.96s 78MB C:/Users/User/AppData/Local/UnrealEngine/4.24/DerivedDataCache/Boot.ddc.
[2020.01.05-23.16.16:276][  0]LogInit: Texture streaming: Enabled
[2020.01.05-23.16.16:293][  0]LogEngineSessionManager: EngineSessionManager initialized
[2020.01.05-23.16.16:293][  0]LogEditorSessionSummary: Verbose: Initializing EditorSessionSummaryWriter for editor session tracking
[2020.01.05-23.16.16:298][  0]LogEditorSessionSummary: EditorSessionSummaryWriter initialized
[2020.01.05-23.16.16:333][  0]LogInit: Transaction tracking system initialized
[2020.01.05-23.16.16:342][  0]BlueprintLog: New page: Cargar el editor
[2020.01.05-23.16.16:373][  0]LocalizationService: Localization service is disabled
[2020.01.05-23.16.16:422][  0]LogVSAccessor: Display: Unable to create Visual Studio setup instance: 80040154
[2020.01.05-23.16.16:422][  0]LogVSAccessor: Display: Unable to create Visual Studio setup instance: 80040154
[2020.01.05-23.16.16:692][  0]LogFileCache: Scanning file cache for directory 'C:/Users/User/Desktop/uni/UGR-PGV-master/Practicas Unreal/Practica_02 4.24/Content/' took 0.00s
[2020.01.05-23.16.16:692][  0]LogCook: Display: Max memory allowance for cook 16384mb min free memory 0mb
[2020.01.05-23.16.16:692][  0]LogCook: Display: Mobile HDR setting 1
[2020.01.05-23.16.17:620][  0]SourceControl: El control de código fuente está desactivado
[2020.01.05-23.16.17:621][  0]Cmd: MAP LOAD FILE="../../../../../../Users/User/Desktop/uni/UGR-PGV-master/Practicas Unreal/Practica_02 4.24/Content/splineTest.umap" TEMPLATE=0 SHOWPROGRESS=1 FEATURELEVEL=3
[2020.01.05-23.16.17:621][  0]LightingResults: New page: Diseñar la iluminación
[2020.01.05-23.16.17:622][  0]LogWorld: UWorld::CleanupWorld for Untitled, bSessionEnded=true, bCleanupResources=true
[2020.01.05-23.16.17:622][  0]LogSlate: InvalidateAllWidgets triggered.  All widgets were invalidated
[2020.01.05-23.16.17:622][  0]MapCheck: New page: Revisión del mapa
[2020.01.05-23.16.17:622][  0]LightingResults: New page: Diseñar la iluminación
[2020.01.05-23.16.17:649][  0]LogUObjectHash: Compacting FUObjectHashTables data took   2.27ms
[2020.01.05-23.16.17:789][  0]LogAIModule: Creating AISystem for world splineTest
[2020.01.05-23.16.17:797][  0]LogEditorServer: Finished looking for orphan Actors (0.000 secs)
[2020.01.05-23.16.17:826][  0]LogUObjectHash: Compacting FUObjectHashTables data took   2.98ms
[2020.01.05-23.16.17:827][  0]Cmd: MAP CHECKDEP NOCLEARLOG
[2020.01.05-23.16.17:827][  0]MapCheck: Map check complete: 0 Error(s), 0 Warning(s), took 0,158ms to complete.
[2020.01.05-23.16.17:827][  0]LogFileHelpers: Loading map 'splineTest' took 0.206
[2020.01.05-23.16.17:977][  0]LogSlate: Updating window title bar state: overlay mode, drag disabled, window buttons hidden, title bar hidden
[2020.01.05-23.16.17:985][  0]LogSlate: Updating window title bar state: overlay mode, drag disabled, window buttons hidden, title bar hidden
[2020.01.05-23.16.17:993][  0]LogSlate: Updating window title bar state: overlay mode, drag disabled, window buttons hidden, title bar hidden
[2020.01.05-23.16.18:002][  0]LogSlate: Updating window title bar state: overlay mode, drag disabled, window buttons hidden, title bar hidden
[2020.01.05-23.16.18:008][  0]LogCollectionManager: Loaded 0 collections in 0.001332 seconds
[2020.01.05-23.16.18:022][  0]LogFileCache: Scanning file cache for directory 'C:/Users/User/Desktop/uni/UGR-PGV-master/Practicas Unreal/Practica_02 4.24/Saved/Collections/' took 0.00s
[2020.01.05-23.16.18:022][  0]LogFileCache: Scanning file cache for directory 'C:/Users/User/Desktop/uni/UGR-PGV-master/Practicas Unreal/Practica_02 4.24/Content/Developers/User/Collections/' took 0.00s
[2020.01.05-23.16.18:022][  0]LogFileCache: Scanning file cache for directory 'C:/Users/User/Desktop/uni/UGR-PGV-master/Practicas Unreal/Practica_02 4.24/Content/Collections/' took 0.00s
[2020.01.05-23.16.18:022][  0]LogContentBrowser: Native class hierarchy populated in 0.0095 seconds. Added 3015 classes and 717 folders.
[2020.01.05-23.16.18:025][  0]LogContentBrowser: Native class hierarchy updated for 'WidgetCarousel' in 0.0002 seconds. Added 0 classes and 0 folders.
[2020.01.05-23.16.18:079][  0]LogContentBrowser: Native class hierarchy updated for 'AddContentDialog' in 0.0002 seconds. Added 0 classes and 0 folders.
[2020.01.05-23.16.18:083][  0]LogContentBrowser: Native class hierarchy updated for 'SceneOutliner' in 0.0003 seconds. Added 2 classes and 3 folders.
[2020.01.05-23.16.18:123][  0]LogSlate: Took 0.000652 seconds to synchronously load lazily loaded font '../../../Engine/Content/Slate/Fonts/Roboto-Regular.ttf' (155K)
[2020.01.05-23.16.18:125][  0]LogSlate: Took 0.000359 seconds to synchronously load lazily loaded font '../../../Engine/Content/Slate/Fonts/Roboto-Bold.ttf' (160K)
[2020.01.05-23.16.18:131][  0]LogSlate: Took 0.000379 seconds to synchronously load lazily loaded font '../../../Engine/Content/Editor/Slate/Fonts/FontAwesome.ttf' (139K)
[2020.01.05-23.16.18:221][  0]LogRenderer: Reallocating scene render targets to support 1188x572 Format 10 NumSamples 1 (Frame:1).
[2020.01.05-23.16.18:277][  0]LogSlate: Took 0.000614 seconds to synchronously load lazily loaded font '../../../Engine/Content/Slate/Fonts/Roboto-Light.ttf' (167K)
[2020.01.05-23.16.18:332][  0]LogContentBrowser: Native class hierarchy updated for 'HierarchicalLODOutliner' in 0.0003 seconds. Added 0 classes and 0 folders.
[2020.01.05-23.16.18:332][  0]LogLoad: (Engine Initialization) Total time: 9.45 seconds
[2020.01.05-23.16.18:332][  0]LogLoad: (Engine Initialization) Total Blueprint compile time: 0.00 seconds
[2020.01.05-23.16.18:451][  0]LogAssetRegistry: Asset discovery search completed in 6.3564 seconds
[2020.01.05-23.16.18:455][  0]LogCollectionManager: Fixed up redirectors for 0 collections in 0.000007 seconds (updated 0 objects)
[2020.01.05-23.16.18:456][  0]LogContentStreaming: Texture pool size now 1000 MB
[2020.01.05-23.16.29:220][809]LogSlate: Window 'Nivel nuevo' being destroyed
[2020.01.05-23.16.29:223][809]Cmd: MAP LOAD FILE="../../../Engine/Content/Maps/Templates/Template_Default.umap" TEMPLATE=1 SHOWPROGRESS=1 FEATURELEVEL=3
[2020.01.05-23.16.29:229][809]LogSlate: Took 0.000279 seconds to synchronously load lazily loaded font '../../../Engine/Content/Slate/Fonts/Roboto-Light.ttf' (167K)
[2020.01.05-23.16.29:256][809]LightingResults: New page: Diseñar la iluminación
[2020.01.05-23.16.29:258][809]LoadErrors: New page: Cargando mapa: Template_Default.umap
[2020.01.05-23.16.29:297][809]LogWorld: UWorld::CleanupWorld for splineTest, bSessionEnded=true, bCleanupResources=true
[2020.01.05-23.16.29:297][809]LogSlate: InvalidateAllWidgets triggered.  All widgets were invalidated
[2020.01.05-23.16.29:298][809]MapCheck: New page: Revisión del mapa
[2020.01.05-23.16.29:298][809]LightingResults: New page: Diseñar la iluminación
[2020.01.05-23.16.29:335][809]LogUObjectHash: Compacting FUObjectHashTables data took   3.63ms
[2020.01.05-23.16.29:348][809]LogAIModule: Creating AISystem for world Untitled_1
[2020.01.05-23.16.29:350][809]LogEditorServer: Finished looking for orphan Actors (0.000 secs)
[2020.01.05-23.16.29:378][809]LogUObjectHash: Compacting FUObjectHashTables data took   2.15ms
[2020.01.05-23.16.29:390][809]Cmd: MAP CHECKDEP NOCLEARLOG
[2020.01.05-23.16.29:390][809]MapCheck: Map check complete: 0 Error(s), 0 Warning(s), took 0,149ms to complete.
[2020.01.05-23.16.29:390][809]LogFileHelpers: Loading map 'Template_Default' took 0.169
[2020.01.05-23.16.40:067][967]LogUObjectHash: Compacting FUObjectHashTables data took   1.87ms
[2020.01.05-23.16.40:069][967]Cmd: MAP LOAD FILE="../../../../../../Users/User/Desktop/uni/UGR-PGV-master/Practicas Unreal/Practica_02 4.24/Content/splineTest.umap" TEMPLATE=0 SHOWPROGRESS=1 FEATURELEVEL=3
[2020.01.05-23.16.40:100][967]LightingResults: New page: Diseñar la iluminación
[2020.01.05-23.16.40:101][967]LoadErrors: New page: Cargando mapa: splineTest.umap
[2020.01.05-23.16.40:101][967]LogWorld: UWorld::CleanupWorld for Untitled_1, bSessionEnded=true, bCleanupResources=true
[2020.01.05-23.16.40:101][967]LogSlate: InvalidateAllWidgets triggered.  All widgets were invalidated
[2020.01.05-23.16.40:101][967]MapCheck: New page: Revisión del mapa
[2020.01.05-23.16.40:101][967]LightingResults: New page: Diseñar la iluminación
[2020.01.05-23.16.40:128][967]LogUObjectHash: Compacting FUObjectHashTables data took   1.83ms
[2020.01.05-23.16.40:146][967]LogAIModule: Creating AISystem for world splineTest
[2020.01.05-23.16.40:152][967]LogEditorServer: Finished looking for orphan Actors (0.000 secs)
[2020.01.05-23.16.40:180][967]LogUObjectHash: Compacting FUObjectHashTables data took   2.12ms
[2020.01.05-23.16.40:204][967]Cmd: MAP CHECKDEP NOCLEARLOG
[2020.01.05-23.16.40:205][967]MapCheck: Map check complete: 0 Error(s), 0 Warning(s), took 0,103ms to complete.
[2020.01.05-23.16.40:205][967]LogFileHelpers: Loading map 'splineTest' took 0.137
[2020.01.05-23.16.40:205][967]LogSlate: Window 'Open Level' being destroyed
[2020.01.05-23.16.41:879][143]LogEditorViewport: Clicking on Actor (LMB): Track_C (Track2)
[2020.01.05-23.16.43:940][360]Cmd: EDIT CUT
[2020.01.05-23.16.43:946][360]LogEditorActor: Actor Track2 is referenced by Bicho2.
[2020.01.05-23.16.46:646][360]LogSlate: Window 'Mensaje' being destroyed
[2020.01.05-23.16.46:651][360]LogEditorActor: Deleted Actor: Track_C
[2020.01.05-23.16.46:690][360]LogUObjectHash: Compacting FUObjectHashTables data took   1.69ms
[2020.01.05-23.16.46:691][360]LogEditorActor: Deleted 1 Actors (0.044 secs)
[2020.01.05-23.16.48:694][578]LogEditorViewport: Clicking on Actor (LMB): Bicho_C (Bicho2)
[2020.01.05-23.16.49:852][698]Cmd: DELETE
[2020.01.05-23.16.49:852][698]Cmd: ACTOR DELETE
[2020.01.05-23.16.49:853][698]LogEditorActor: Deleted Actor: Bicho_C
[2020.01.05-23.16.49:879][698]LogUObjectHash: Compacting FUObjectHashTables data took   1.75ms
[2020.01.05-23.16.49:879][698]LogEditorActor: Deleted 1 Actors (0.027 secs)
[2020.01.05-23.16.50:793][800]LogEditorViewport: Clicking on Actor (LMB): StaticMeshActor (Floor)
[2020.01.05-23.16.51:966][903]LogSlate: Took 0.000200 seconds to synchronously load lazily loaded font '../../../Engine/Content/Slate/Fonts/Roboto-Italic.ttf' (157K)
[2020.01.05-23.16.55:349][ 88]LogEditorViewport: Clicking on Actor (LMB): BP_Sky_Sphere_C (Sky Sphere)
[2020.01.05-23.16.56:595][205]LogUObjectHash: Compacting FUObjectHashTables data took   0.72ms
[2020.01.05-23.16.56:740][205]LogSavePackage: Moving '../../../../../../Users/User/Desktop/uni/UGR-PGV-master/Practicas Unreal/Practica_02 4.24/Saved/splineTest976AFC044246EFD3C7921E941BD93059.tmp' to '../../../../../../Users/User/Desktop/uni/UGR-PGV-master/Practicas Unreal/Practica_02 4.24/Content/splineTest.umap'
[2020.01.05-23.16.56:760][205]Cmd: OBJ SAVEPACKAGE PACKAGE="/Game/splineTest_BuiltData" FILE="../../../../../../Users/User/Desktop/uni/UGR-PGV-master/Practicas Unreal/Practica_02 4.24/Content/splineTest_BuiltData.uasset" SILENT=true
[2020.01.05-23.16.56:807][205]LogSavePackage: Moving '../../../../../../Users/User/Desktop/uni/UGR-PGV-master/Practicas Unreal/Practica_02 4.24/Saved/splineTest_BuiltDataAB735B1D47599BF28CB22A87BA8345C0.tmp' to '../../../../../../Users/User/Desktop/uni/UGR-PGV-master/Practicas Unreal/Practica_02 4.24/Content/splineTest_BuiltData.uasset'
[2020.01.05-23.16.56:819][205]AssetCheck: New page: Asset Save: multiple assets
[2020.01.05-23.16.56:819][205]LogContentValidation: Display: Validating World /Game/splineTest.splineTest
[2020.01.05-23.16.56:819][205]LogContentValidation: Display: Validating MapBuildDataRegistry /Game/splineTest_BuiltData.splineTest_BuiltData
[2020.01.05-23.17.00:910][426]LogSlate: Window 'Nivel nuevo' being destroyed
[2020.01.05-23.17.00:914][426]Cmd: MAP LOAD FILE="../../../Engine/Content/Maps/Templates/Template_Default.umap" TEMPLATE=1 SHOWPROGRESS=1 FEATURELEVEL=3
[2020.01.05-23.17.00:942][426]LightingResults: New page: Diseñar la iluminación
[2020.01.05-23.17.00:943][426]LoadErrors: New page: Cargando mapa: Template_Default.umap
[2020.01.05-23.17.00:944][426]LogWorld: UWorld::CleanupWorld for splineTest, bSessionEnded=true, bCleanupResources=true
[2020.01.05-23.17.00:944][426]LogSlate: InvalidateAllWidgets triggered.  All widgets were invalidated
[2020.01.05-23.17.00:944][426]MapCheck: New page: Revisión del mapa
[2020.01.05-23.17.00:944][426]LightingResults: New page: Diseñar la iluminación
[2020.01.05-23.17.00:978][426]LogUObjectHash: Compacting FUObjectHashTables data took   2.12ms
[2020.01.05-23.17.00:988][426]LogAIModule: Creating AISystem for world Untitled_2
[2020.01.05-23.17.00:990][426]LogEditorServer: Finished looking for orphan Actors (0.000 secs)
[2020.01.05-23.17.01:018][426]LogUObjectHash: Compacting FUObjectHashTables data took   2.16ms
[2020.01.05-23.17.01:030][426]Cmd: MAP CHECKDEP NOCLEARLOG
[2020.01.05-23.17.01:030][426]MapCheck: Map check complete: 0 Error(s), 0 Warning(s), took 0,155ms to complete.
[2020.01.05-23.17.01:030][426]LogFileHelpers: Loading map 'Template_Default' took 0.118
[2020.01.05-23.17.15:720][952]Cmd: TRANSACTION UNDO
[2020.01.05-23.17.15:720][952]LogEditorTransaction: Undo Crear actores
[2020.01.05-23.17.19:498][298]LogUObjectHash: Compacting FUObjectHashTables data took   2.22ms
[2020.01.05-23.17.19:500][298]Cmd: MAP LOAD FILE="../../../../../../Users/User/Desktop/uni/UGR-PGV-master/Practicas Unreal/Practica_02 4.24/Content/splineTest.umap" TEMPLATE=0 SHOWPROGRESS=1 FEATURELEVEL=3
[2020.01.05-23.17.19:528][298]LightingResults: New page: Diseñar la iluminación
[2020.01.05-23.17.19:529][298]LoadErrors: New page: Cargando mapa: splineTest.umap
[2020.01.05-23.17.19:529][298]LogWorld: UWorld::CleanupWorld for Untitled_2, bSessionEnded=true, bCleanupResources=true
[2020.01.05-23.17.19:529][298]LogSlate: InvalidateAllWidgets triggered.  All widgets were invalidated
[2020.01.05-23.17.19:529][298]MapCheck: New page: Revisión del mapa
[2020.01.05-23.17.19:529][298]LightingResults: New page: Diseñar la iluminación
[2020.01.05-23.17.19:556][298]LogUObjectHash: Compacting FUObjectHashTables data took   1.84ms
[2020.01.05-23.17.19:573][298]LogAIModule: Creating AISystem for world splineTest
[2020.01.05-23.17.19:577][298]LogEditorServer: Finished looking for orphan Actors (0.000 secs)
[2020.01.05-23.17.19:605][298]LogUObjectHash: Compacting FUObjectHashTables data took   2.08ms
[2020.01.05-23.17.19:630][298]Cmd: MAP CHECKDEP NOCLEARLOG
[2020.01.05-23.17.19:630][298]MapCheck: Map check complete: 0 Error(s), 0 Warning(s), took 0,103ms to complete.
[2020.01.05-23.17.19:630][298]LogFileHelpers: Loading map 'splineTest' took 0.131
[2020.01.05-23.17.19:630][298]LogSlate: Window 'Open Level' being destroyed
[2020.01.05-23.17.21:491][503]LogEditorViewport: Clicking on Actor (LMB): Bicho_C (Bicho)
[2020.01.05-23.17.26:221][992]LogEditorViewport: Clicking on Actor (LMB): StaticMeshActor (Floor)
[2020.01.05-23.17.33:831][705]LogSlate: Window 'Open Level' being destroyed
[2020.01.05-23.17.37:090][915]LogSlate: Window 'Nivel nuevo' being destroyed
[2020.01.05-23.17.37:094][915]Cmd: MAP LOAD FILE="../../../Engine/Content/Maps/Templates/Template_Default.umap" TEMPLATE=1 SHOWPROGRESS=1 FEATURELEVEL=3
[2020.01.05-23.17.37:134][915]LightingResults: New page: Diseñar la iluminación
[2020.01.05-23.17.37:135][915]LoadErrors: New page: Cargando mapa: Template_Default.umap
[2020.01.05-23.17.37:136][915]LogWorld: UWorld::CleanupWorld for splineTest, bSessionEnded=true, bCleanupResources=true
[2020.01.05-23.17.37:136][915]LogSlate: InvalidateAllWidgets triggered.  All widgets were invalidated
[2020.01.05-23.17.37:136][915]MapCheck: New page: Revisión del mapa
[2020.01.05-23.17.37:136][915]LightingResults: New page: Diseñar la iluminación
[2020.01.05-23.17.37:176][915]LogUObjectHash: Compacting FUObjectHashTables data took   1.88ms
[2020.01.05-23.17.37:186][915]LogAIModule: Creating AISystem for world Untitled_3
[2020.01.05-23.17.37:188][915]LogEditorServer: Finished looking for orphan Actors (0.000 secs)
[2020.01.05-23.17.37:216][915]LogUObjectHash: Compacting FUObjectHashTables data took   2.22ms
[2020.01.05-23.17.37:221][915]Cmd: MAP CHECKDEP NOCLEARLOG
[2020.01.05-23.17.37:222][915]MapCheck: Map check complete: 0 Error(s), 0 Warning(s), took 0,148ms to complete.
[2020.01.05-23.17.37:222][915]LogFileHelpers: Loading map 'Template_Default' took 0.129
[2020.01.05-23.17.43:654][572]LogTexture: Display: Building textures: Texture2D_2 (G8, 128X128)
[2020.01.05-23.18.14:871][794]LogTexture: Display: Building textures: Texture2D_0 (BGRA8, 512X512)
[2020.01.05-23.18.24:353][360]Cmd: TRANSACTION UNDO
[2020.01.05-23.18.24:353][360]LogEditorTransaction: Undo Edición del terreno: Esculpir
[2020.01.05-23.18.37:167][243]Cmd: TRANSACTION UNDO
[2020.01.05-23.18.37:167][243]LogEditorTransaction: Undo Edición del terreno: Esculpir
[2020.01.05-23.18.40:925][416]Cmd: TRANSACTION UNDO
[2020.01.05-23.18.40:925][416]LogEditorTransaction: Undo Edición del terreno: Esculpir
[2020.01.05-23.19.15:914][820]Cmd: TRANSACTION UNDO
[2020.01.05-23.19.15:914][820]LogEditorTransaction: Undo Edición del terreno: Esculpir
[2020.01.05-23.19.16:361][820]LogTexture: Display: Building textures: Texture2D_0 (BGRA8, 512X512)
[2020.01.05-23.19.17:092][846]Cmd: TRANSACTION UNDO
[2020.01.05-23.19.17:093][846]LogEditorTransaction: Undo Edición del terreno: Esculpir
[2020.01.05-23.19.17:731][846]LogTexture: Display: Building textures: Texture2D_0 (BGRA8, 512X512)
[2020.01.05-23.19.18:388][890]Cmd: TRANSACTION UNDO
[2020.01.05-23.19.18:388][890]LogEditorTransaction: Undo Edición del terreno: Esculpir
[2020.01.05-23.19.18:855][890]LogTexture: Display: Building textures: Texture2D_0 (BGRA8, 512X512)
[2020.01.05-23.19.19:527][936]Cmd: TRANSACTION UNDO
[2020.01.05-23.19.19:527][936]LogEditorTransaction: Undo Edición del terreno: Esculpir
[2020.01.05-23.19.19:905][936]LogTexture: Display: Building textures: Texture2D_0 (BGRA8, 512X512)
[2020.01.05-23.19.20:511][977]Cmd: TRANSACTION UNDO
[2020.01.05-23.19.20:511][977]LogEditorTransaction: Undo Edición del terreno: Esculpir
[2020.01.05-23.22.37:367][327]LogUProjectInfo: Found projects:
[2020.01.05-23.22.37:369][327]LogSlate: WidgetSwitcher ('None') active index changed to -1
[2020.01.05-23.22.37:369][327]LogSlate: WidgetSwitcher ('None') active index changed to 1
[2020.01.05-23.22.37:409][327]LogSlate: Took 0.000255 seconds to synchronously load lazily loaded font '../../../Engine/Content/Slate/Fonts/Roboto-BoldCondensed.ttf' (158K)
[2020.01.05-23.23.30:606][647]LogSlate: Window 'Open Project' being destroyed
[2020.01.05-23.26.05:224][554]LogSlate: Window 'Guardar nivel como' being destroyed
[2020.01.05-23.26.05:296][554]LogUObjectHash: Compacting FUObjectHashTables data took   2.18ms
[2020.01.05-23.26.05:309][554]LogTexture: Display: Building textures: Texture2D_0 (BGRA8, 512X512)
[2020.01.05-23.26.05:456][554]LogSavePackage: Moving '../../../../../../Users/User/Desktop/uni/UGR-PGV-master/Practicas Unreal/Practica_02 4.24/Saved/level1E40F252E48B17A8D6ECC4284B797A339.tmp' to '../../../../../../Users/User/Desktop/uni/UGR-PGV-master/Practicas Unreal/Practica_02 4.24/Content/level1.umap'
[2020.01.05-23.26.05:488][554]Cmd: OBJ SAVEPACKAGE PACKAGE="/Game/level1_BuiltData" FILE="../../../../../../Users/User/Desktop/uni/UGR-PGV-master/Practicas Unreal/Practica_02 4.24/Content/level1_BuiltData.uasset" SILENT=true
[2020.01.05-23.26.05:521][554]LogSavePackage: Moving '../../../../../../Users/User/Desktop/uni/UGR-PGV-master/Practicas Unreal/Practica_02 4.24/Saved/level1_BuiltData7B0856C642C51282DBEA06826D622F02.tmp' to '../../../../../../Users/User/Desktop/uni/UGR-PGV-master/Practicas Unreal/Practica_02 4.24/Content/level1_BuiltData.uasset'
[2020.01.05-23.26.05:527][554]LogFileHelpers: Saving map 'level1' took 0.301
[2020.01.05-23.26.05:536][554]AssetCheck: New page: Asset Save: multiple assets
[2020.01.05-23.26.05:536][554]LogContentValidation: Display: Validating World /Game/level1.level1
[2020.01.05-23.26.05:536][554]LogContentValidation: Display: Validating MapBuildDataRegistry /Game/level1_BuiltData.level1_BuiltData
[2020.01.05-23.26.11:235][ 52]LogSlate: WidgetSwitcher ('None') active index changed to -1
[2020.01.05-23.26.11:235][ 52]LogSlate: WidgetSwitcher ('None') active index changed to 1
[2020.01.05-23.51.35:032][  5]LogSlate: Window 'Open Project' being destroyed
