Log file open, 01/10/20 15:33:09
LogWindows: Failed to load 'aqProf.dll' (GetLastError=126)
LogWindows: File 'aqProf.dll' does not exist
LogWindows: Failed to load 'VtuneApi.dll' (GetLastError=126)
LogWindows: File 'VtuneApi.dll' does not exist
LogWindows: Failed to load 'VtuneApi32e.dll' (GetLastError=126)
LogWindows: File 'VtuneApi32e.dll' does not exist
LogConsoleResponse: Display: Failed to find resolution value strings in scalability ini. Falling back to default.
LogInit: Display: Running engine for game: PGV
LogPlatformFile: Not using cached read wrapper
LogTaskGraph: Started task graph with 5 named threads and 35 total threads with 3 sets of task threads.
LogStats: Stats thread started at 0.117582
LogD3D11RHI: Loaded GFSDK_Aftermath_Lib.x64.dll
LogICUInternationalization: ICU TimeZone Detection - Raw Offset: +1:00, Platform Override: ''
LogPluginManager: Mounting plugin Paper2D
LogPluginManager: Mounting plugin AISupport
LogPluginManager: Mounting plugin LightPropagationVolume
LogPluginManager: Mounting plugin ActorLayerUtilities
LogPluginManager: Mounting plugin AnimationSharing
LogPluginManager: Mounting plugin CLionSourceCodeAccess
LogPluginManager: Mounting plugin CodeLiteSourceCodeAccess
LogPluginManager: Mounting plugin GitSourceControl
LogPluginManager: Mounting plugin KDevelopSourceCodeAccess
LogPluginManager: Mounting plugin NullSourceCodeAccess
LogPluginManager: Mounting plugin PerforceSourceControl
LogPluginManager: Mounting plugin PlasticSourceControl
LogPluginManager: Mounting plugin SubversionSourceControl
LogPluginManager: Mounting plugin UObjectPlugin
LogPluginManager: Mounting plugin VisualStudioCodeSourceCodeAccess
LogPluginManager: Mounting plugin VisualStudioSourceCodeAccess
LogPluginManager: Mounting plugin XCodeSourceCodeAccess
LogPluginManager: Mounting plugin AssetManagerEditor
LogPluginManager: Mounting plugin CryptoKeys
LogPluginManager: Mounting plugin CurveEditorTools
LogPluginManager: Mounting plugin DataValidation
LogPluginManager: Mounting plugin FacialAnimation
LogPluginManager: Mounting plugin GameplayTagsEditor
LogPluginManager: Mounting plugin MacGraphicsSwitching
LogPluginManager: Mounting plugin MaterialAnalyzer
LogPluginManager: Mounting plugin MobileLauncherProfileWizard
LogPluginManager: Mounting plugin PluginBrowser
LogPluginManager: Mounting plugin SpeedTreeImporter
LogPluginManager: Mounting plugin DatasmithContent
LogPluginManager: Mounting plugin VariantManagerContent
LogPluginManager: Mounting plugin AlembicImporter
LogPluginManager: Mounting plugin AutomationUtils
LogPluginManager: Mounting plugin BackChannel
LogPluginManager: Mounting plugin CharacterAI
LogPluginManager: Mounting plugin GeometryCache
LogPluginManager: Mounting plugin PlatformCrypto
LogPluginManager: Mounting plugin ProxyLODPlugin
LogPluginManager: Mounting plugin SkeletalReduction
LogPluginManager: Mounting plugin MagicLeap
LogPluginManager: Mounting plugin MagicLeapMedia
LogPluginManager: Mounting plugin MLSDK
LogPluginManager: Mounting plugin AndroidMedia
LogPluginManager: Mounting plugin AvfMedia
LogPluginManager: Mounting plugin ImgMedia
LogPluginManager: Mounting plugin MediaCompositing
LogPluginManager: Mounting plugin MediaPlayerEditor
LogPluginManager: Mounting plugin WebMMedia
LogPluginManager: Mounting plugin WmfMedia
LogPluginManager: Mounting plugin TcpMessaging
LogPluginManager: Mounting plugin UdpMessaging
LogPluginManager: Mounting plugin ActorSequence
LogPluginManager: Mounting plugin LevelSequenceEditor
LogPluginManager: Mounting plugin MatineeToLevelSequence
LogPluginManager: Mounting plugin NetcodeUnitTest
LogPluginManager: Mounting plugin NUTUnrealEngine4
LogPluginManager: Mounting plugin OnlineSubsystemGooglePlay
LogPluginManager: Mounting plugin OnlineSubsystemIOS
LogPluginManager: Mounting plugin OnlineSubsystem
LogPluginManager: Mounting plugin OnlineSubsystemNull
LogPluginManager: Mounting plugin OnlineSubsystemUtils
LogPluginManager: Mounting plugin LauncherChunkInstaller
LogPluginManager: Mounting plugin AndroidDeviceProfileSelector
LogPluginManager: Mounting plugin AndroidMoviePlayer
LogPluginManager: Mounting plugin AndroidPermission
LogPluginManager: Mounting plugin AppleImageUtils
LogPluginManager: Mounting plugin AppleMoviePlayer
LogPluginManager: Mounting plugin ArchVisCharacter
LogPluginManager: Mounting plugin AssetTags
LogPluginManager: Mounting plugin AudioCapture
LogPluginManager: Mounting plugin CableComponent
LogPluginManager: Mounting plugin CustomMeshComponent
LogPluginManager: Mounting plugin EditableMesh
LogPluginManager: Mounting plugin ExampleDeviceProfileSelector
LogPluginManager: Mounting plugin GoogleCloudMessaging
LogPluginManager: Mounting plugin IOSDeviceProfileSelector
LogPluginManager: Mounting plugin LinuxDeviceProfileSelector
LogPluginManager: Mounting plugin LocationServicesBPLibrary
LogPluginManager: Mounting plugin MobilePatchingUtils
LogPluginManager: Mounting plugin OculusVR
LogPluginManager: Mounting plugin PhysXVehicles
LogPluginManager: Mounting plugin PostSplashScreen
LogPluginManager: Mounting plugin ProceduralMeshComponent
LogPluginManager: Mounting plugin RuntimePhysXCooking
LogPluginManager: Mounting plugin SignificanceManager
LogPluginManager: Mounting plugin SteamVR
LogPluginManager: Mounting plugin WebMMoviePlayer
LogPluginManager: Mounting plugin WindowsMoviePlayer
LogPluginManager: Mounting plugin ScreenshotTools
LogInit: Using libcurl 7.55.1-DEV
LogInit:  - built for x86_64-pc-win32
LogInit:  - supports SSL with OpenSSL/1.1.1
LogInit:  - supports HTTP deflate (compression) using libz 1.2.8
LogInit:  - other features:
LogInit:      CURL_VERSION_SSL
LogInit:      CURL_VERSION_LIBZ
LogInit:      CURL_VERSION_IPV6
LogInit:      CURL_VERSION_ASYNCHDNS
LogInit:      CURL_VERSION_LARGEFILE
LogInit:      CURL_VERSION_IDN
LogInit:  CurlRequestOptions (configurable via config and command line):
LogInit:  - bVerifyPeer = true  - Libcurl will verify peer certificate
LogInit:  - bUseHttpProxy = false  - Libcurl will NOT use HTTP proxy
LogInit:  - bDontReuseConnections = false  - Libcurl will reuse connections
LogInit:  - MaxHostConnections = 16  - Libcurl will limit the number of connections to a host
LogInit:  - LocalHostAddr = Default
LogInit:  - BufferSize = 65536
LogOnline: OSS: Creating online subsystem instance for: NULL
LogInit: WinSock: version 1.1 (2.2), MaxSocks=32767, MaxUdp=65467
LogOnline: OSS: TryLoadSubsystemAndSetDefault: Loaded subsystem for module [NULL]
LogInit: Build: ++UE4+Release-4.24-CL-10757647
LogInit: Engine Version: 4.24.1-10757647+++UE4+Release-4.24
LogInit: Compatible Engine Version: 4.24.0-10570792+++UE4+Release-4.24
LogInit: Net CL: 10570792
LogInit: OS: Windows 10 (Release 1909) (), CPU: Intel(R) Core(TM) i7-8750H CPU @ 2.20GHz, GPU: Intel(R) UHD Graphics 630
LogInit: Compiled (64-bit): Dec 17 2019 02:08:03
LogInit: Compiled with Visual C++: 19.16.27032.01
LogInit: Build Configuration: Development
LogInit: Branch Name: ++UE4+Release-4.24
LogInit: Command Line:  -EpicPortal -epicusername=Renegeizu -epicuserid=344044ddcf4c464ab7c36f961a41ab09 -epiclocale=es-ES
LogInit: Base Directory: C:/Program Files/Epic Games/UE_4.24/Engine/Binaries/Win64/
LogInit: Installed Engine Build: 1
LogDevObjectVersion: Number of dev versions registered: 25
LogDevObjectVersion:   Dev-Blueprints (B0D832E4-1F89-4F0D-ACCF-7EB736FD4AA2): 10
LogDevObjectVersion:   Dev-Build (E1C64328-A22C-4D53-A36C-8E866417BD8C): 0
LogDevObjectVersion:   Dev-Core (375EC13C-06E4-48FB-B500-84F0262A717E): 3
LogDevObjectVersion:   Dev-Editor (E4B068ED-F494-42E9-A231-DA0B2E46BB41): 37
LogDevObjectVersion:   Dev-Framework (CFFC743F-43B0-4480-9391-14DF171D2073): 36
LogDevObjectVersion:   Dev-Mobile (B02B49B5-BB20-44E9-A304-32B752E40360): 2
LogDevObjectVersion:   Dev-Networking (A4E4105C-59A1-49B5-A7C5-40C4547EDFEE): 0
LogDevObjectVersion:   Dev-Online (39C831C9-5AE6-47DC-9A44-9C173E1C8E7C): 0
LogDevObjectVersion:   Dev-Physics (78F01B33-EBEA-4F98-B9B4-84EACCB95AA2): 2
LogDevObjectVersion:   Dev-Platform (6631380F-2D4D-43E0-8009-CF276956A95A): 0
LogDevObjectVersion:   Dev-Rendering (12F88B9F-8875-4AFC-A67C-D90C383ABD29): 36
LogDevObjectVersion:   Dev-Sequencer (7B5AE74C-D270-4C10-A958-57980B212A5A): 11
LogDevObjectVersion:   Dev-VR (D7296918-1DD6-4BDD-9DE2-64A83CC13884): 2
LogDevObjectVersion:   Dev-LoadTimes (C2A15278-BFE7-4AFE-6C17-90FF531DF755): 1
LogDevObjectVersion:   Private-Geometry (6EACA3D4-40EC-4CC1-B786-8BED09428FC5): 3
LogDevObjectVersion:   Dev-AnimPhys (29E575DD-E0A3-4627-9D10-D276232CDCEA): 17
LogDevObjectVersion:   Dev-Anim (AF43A65D-7FD3-4947-9873-3E8ED9C1BB05): 2
LogDevObjectVersion:   Dev-ReflectionCapture (6B266CEC-1EC7-4B8F-A30B-E4D90942FC07): 1
LogDevObjectVersion:   Dev-Automation (0DF73D61-A23F-47EA-B727-89E90C41499A): 1
LogDevObjectVersion:   FortniteMain (601D1886-AC64-4F84-AA16-D3DE0DEAC7D6): 31
LogDevObjectVersion:   Dev-Enterprise (9DFFBCD6-494F-0158-E221-12823C92A888): 8
LogDevObjectVersion:   Dev-Niagara (F2AED0AC-9AFE-416F-8664-AA7FFA26D6FC): 1
LogDevObjectVersion:   Dev-Destruction (174F1F0B-B4C6-45A5-B13F-2EE8D0FB917D): 9
LogDevObjectVersion:   Dev-Physics-Ext (35F94A83-E258-406C-A318-09F59610247C): 8
LogDevObjectVersion:   Dev-CineCamera (B2E18506-4273-CFC2-A54E-F4BB758BBA07): 1
LogInit: Presizing for max 25165824 objects, including 0 objects not considered by GC, pre-allocating 0 bytes for permanent pool.
LogInit: Object subsystem initialized
LogConfig: Setting CVar [[con.DebugEarlyDefault:1]]
LogConfig: Setting CVar [[r.setres:1280x720]]
[2020.01.10-14.33.10:128][  0]LogConfig: Setting CVar [[r.VSync:0]]
[2020.01.10-14.33.10:128][  0]LogConfig: Setting CVar [[r.RHICmdBypass:0]]
[2020.01.10-14.33.10:128][  0]LogConfig: Applying CVar settings from Section [/Script/Engine.RendererSettings] File [C:/Users/rafab/Documents/GitHub/UGR-PGV/Videojuego/Saved/Config/Windows/Engine.ini]
[2020.01.10-14.33.10:128][  0]LogConfig: Setting CVar [[r.GPUCrashDebugging:0]]
[2020.01.10-14.33.10:128][  0]LogConfig: Setting CVar [[r.DefaultFeature.AutoExposure.ExtendDefaultLuminanceRange:1]]
[2020.01.10-14.33.10:128][  0]LogConfig: Applying CVar settings from Section [/Script/Engine.RendererOverrideSettings] File [C:/Users/rafab/Documents/GitHub/UGR-PGV/Videojuego/Saved/Config/Windows/Engine.ini]
[2020.01.10-14.33.10:128][  0]LogConfig: Applying CVar settings from Section [/Script/Engine.StreamingSettings] File [C:/Users/rafab/Documents/GitHub/UGR-PGV/Videojuego/Saved/Config/Windows/Engine.ini]
[2020.01.10-14.33.10:128][  0]LogConfig: Setting CVar [[s.MinBulkDataSizeForAsyncLoading:131072]]
[2020.01.10-14.33.10:129][  0]LogConfig: Setting CVar [[s.AsyncLoadingThreadEnabled:0]]
[2020.01.10-14.33.10:129][  0]LogConfig: Setting CVar [[s.EventDrivenLoaderEnabled:1]]
[2020.01.10-14.33.10:129][  0]LogConfig: Setting CVar [[s.WarnIfTimeLimitExceeded:0]]
[2020.01.10-14.33.10:129][  0]LogConfig: Setting CVar [[s.TimeLimitExceededMultiplier:1.5]]
[2020.01.10-14.33.10:129][  0]LogConfig: Setting CVar [[s.TimeLimitExceededMinTime:0.005]]
[2020.01.10-14.33.10:129][  0]LogConfig: Setting CVar [[s.UseBackgroundLevelStreaming:1]]
[2020.01.10-14.33.10:129][  0]LogConfig: Setting CVar [[s.PriorityAsyncLoadingExtraTime:15.0]]
[2020.01.10-14.33.10:129][  0]LogConfig: Setting CVar [[s.LevelStreamingActorsUpdateTimeLimit:5.0]]
[2020.01.10-14.33.10:129][  0]LogConfig: Setting CVar [[s.PriorityLevelStreamingActorsUpdateExtraTime:5.0]]
[2020.01.10-14.33.10:129][  0]LogConfig: Setting CVar [[s.LevelStreamingComponentsRegistrationGranularity:10]]
[2020.01.10-14.33.10:129][  0]LogConfig: Setting CVar [[s.UnregisterComponentsTimeLimit:1.0]]
[2020.01.10-14.33.10:129][  0]LogConfig: Setting CVar [[s.LevelStreamingComponentsUnregistrationGranularity:5]]
[2020.01.10-14.33.10:129][  0]LogConfig: Setting CVar [[s.FlushStreamingOnExit:1]]
[2020.01.10-14.33.10:129][  0]LogConfig: Applying CVar settings from Section [/Script/Engine.GarbageCollectionSettings] File [C:/Users/rafab/Documents/GitHub/UGR-PGV/Videojuego/Saved/Config/Windows/Engine.ini]
[2020.01.10-14.33.10:129][  0]LogConfig: Setting CVar [[gc.MaxObjectsNotConsideredByGC:1]]
[2020.01.10-14.33.10:129][  0]LogConfig: Setting CVar [[gc.SizeOfPermanentObjectPool:0]]
[2020.01.10-14.33.10:129][  0]LogConfig: Setting CVar [[gc.FlushStreamingOnGC:0]]
[2020.01.10-14.33.10:129][  0]LogConfig: Setting CVar [[gc.NumRetriesBeforeForcingGC:10]]
[2020.01.10-14.33.10:129][  0]LogConfig: Setting CVar [[gc.AllowParallelGC:1]]
[2020.01.10-14.33.10:129][  0]LogConfig: Setting CVar [[gc.TimeBetweenPurgingPendingKillObjects:61.1]]
[2020.01.10-14.33.10:129][  0]LogConfig: Setting CVar [[gc.MaxObjectsInEditor:25165824]]
[2020.01.10-14.33.10:129][  0]LogConfig: Setting CVar [[gc.IncrementalBeginDestroyEnabled:1]]
[2020.01.10-14.33.10:129][  0]LogConfig: Setting CVar [[gc.CreateGCClusters:1]]
[2020.01.10-14.33.10:129][  0]LogConfig: Setting CVar [[gc.MinGCClusterSize:5]]
[2020.01.10-14.33.10:129][  0]LogConfig: Setting CVar [[gc.ActorClusteringEnabled:0]]
[2020.01.10-14.33.10:129][  0]LogConfig: Setting CVar [[gc.BlueprintClusteringEnabled:0]]
[2020.01.10-14.33.10:129][  0]LogConfig: Setting CVar [[gc.UseDisregardForGCOnDedicatedServers:0]]
[2020.01.10-14.33.10:129][  0]LogConfig: Applying CVar settings from Section [/Script/Engine.NetworkSettings] File [C:/Users/rafab/Documents/GitHub/UGR-PGV/Videojuego/Saved/Config/Windows/Engine.ini]
[2020.01.10-14.33.10:129][  0]LogConfig: Applying CVar settings from Section [/Script/UnrealEd.CookerSettings] File [C:/Users/rafab/Documents/GitHub/UGR-PGV/Videojuego/Saved/Config/Windows/Engine.ini]
[2020.01.10-14.33.10:131][  0]LogConfig: Applying CVar settings from Section [ViewDistanceQuality@3] File [C:/Users/rafab/Documents/GitHub/UGR-PGV/Videojuego/Saved/Config/Windows/Scalability.ini]
[2020.01.10-14.33.10:131][  0]LogConfig: Setting CVar [[r.SkeletalMeshLODBias:0]]
[2020.01.10-14.33.10:131][  0]LogConfig: Setting CVar [[r.ViewDistanceScale:1.0]]
[2020.01.10-14.33.10:131][  0]LogConfig: Applying CVar settings from Section [AntiAliasingQuality@3] File [C:/Users/rafab/Documents/GitHub/UGR-PGV/Videojuego/Saved/Config/Windows/Scalability.ini]
[2020.01.10-14.33.10:131][  0]LogConfig: Setting CVar [[r.PostProcessAAQuality:4]]
[2020.01.10-14.33.10:131][  0]LogConfig: Applying CVar settings from Section [ShadowQuality@3] File [C:/Users/rafab/Documents/GitHub/UGR-PGV/Videojuego/Saved/Config/Windows/Scalability.ini]
[2020.01.10-14.33.10:131][  0]LogConfig: Setting CVar [[r.LightFunctionQuality:1]]
[2020.01.10-14.33.10:131][  0]LogConfig: Setting CVar [[r.ShadowQuality:5]]
[2020.01.10-14.33.10:131][  0]LogConfig: Setting CVar [[r.Shadow.CSM.MaxCascades:10]]
[2020.01.10-14.33.10:131][  0]LogConfig: Setting CVar [[r.Shadow.MaxResolution:2048]]
[2020.01.10-14.33.10:131][  0]LogConfig: Setting CVar [[r.Shadow.MaxCSMResolution:2048]]
[2020.01.10-14.33.10:131][  0]LogConfig: Setting CVar [[r.Shadow.RadiusThreshold:0.01]]
[2020.01.10-14.33.10:131][  0]LogConfig: Setting CVar [[r.Shadow.DistanceScale:1.0]]
[2020.01.10-14.33.10:131][  0]LogConfig: Setting CVar [[r.Shadow.CSM.TransitionScale:1.0]]
[2020.01.10-14.33.10:131][  0]LogConfig: Setting CVar [[r.Shadow.PreShadowResolutionFactor:1.0]]
[2020.01.10-14.33.10:131][  0]LogConfig: Setting CVar [[r.DistanceFieldShadowing:1]]
[2020.01.10-14.33.10:131][  0]LogConfig: Setting CVar [[r.DistanceFieldAO:1]]
[2020.01.10-14.33.10:131][  0]LogConfig: Setting CVar [[r.AOQuality:2]]
[2020.01.10-14.33.10:131][  0]LogConfig: Setting CVar [[r.VolumetricFog:1]]
[2020.01.10-14.33.10:131][  0]LogConfig: Setting CVar [[r.VolumetricFog.GridPixelSize:8]]
[2020.01.10-14.33.10:131][  0]LogConfig: Setting CVar [[r.VolumetricFog.GridSizeZ:128]]
[2020.01.10-14.33.10:132][  0]LogConfig: Setting CVar [[r.VolumetricFog.HistoryMissSupersampleCount:4]]
[2020.01.10-14.33.10:132][  0]LogConfig: Setting CVar [[r.LightMaxDrawDistanceScale:1]]
[2020.01.10-14.33.10:132][  0]LogConfig: Setting CVar [[r.CapsuleShadows:1]]
[2020.01.10-14.33.10:132][  0]LogConfig: Applying CVar settings from Section [PostProcessQuality@3] File [C:/Users/rafab/Documents/GitHub/UGR-PGV/Videojuego/Saved/Config/Windows/Scalability.ini]
[2020.01.10-14.33.10:132][  0]LogConfig: Setting CVar [[r.MotionBlurQuality:4]]
[2020.01.10-14.33.10:132][  0]LogConfig: Setting CVar [[r.AmbientOcclusionMipLevelFactor:0.4]]
[2020.01.10-14.33.10:132][  0]LogConfig: Setting CVar [[r.AmbientOcclusionMaxQuality:100]]
[2020.01.10-14.33.10:132][  0]LogConfig: Setting CVar [[r.AmbientOcclusionLevels:-1]]
[2020.01.10-14.33.10:132][  0]LogConfig: Setting CVar [[r.AmbientOcclusionRadiusScale:1.0]]
[2020.01.10-14.33.10:132][  0]LogConfig: Setting CVar [[r.DepthOfFieldQuality:2]]
[2020.01.10-14.33.10:132][  0]LogConfig: Setting CVar [[r.RenderTargetPoolMin:400]]
[2020.01.10-14.33.10:132][  0]LogConfig: Setting CVar [[r.LensFlareQuality:2]]
[2020.01.10-14.33.10:132][  0]LogConfig: Setting CVar [[r.SceneColorFringeQuality:1]]
[2020.01.10-14.33.10:132][  0]LogConfig: Setting CVar [[r.EyeAdaptationQuality:2]]
[2020.01.10-14.33.10:132][  0]LogConfig: Setting CVar [[r.BloomQuality:5]]
[2020.01.10-14.33.10:132][  0]LogConfig: Setting CVar [[r.FastBlurThreshold:100]]
[2020.01.10-14.33.10:132][  0]LogConfig: Setting CVar [[r.Upscale.Quality:3]]
[2020.01.10-14.33.10:132][  0]LogConfig: Setting CVar [[r.Tonemapper.GrainQuantization:1]]
[2020.01.10-14.33.10:132][  0]LogConfig: Setting CVar [[r.LightShaftQuality:1]]
[2020.01.10-14.33.10:132][  0]LogConfig: Setting CVar [[r.Filter.SizeScale:1]]
[2020.01.10-14.33.10:132][  0]LogConfig: Setting CVar [[r.Tonemapper.Quality:5]]
[2020.01.10-14.33.10:132][  0]LogConfig: Setting CVar [[r.DOF.Gather.AccumulatorQuality:1        ; higher gathering accumulator quality]]
[2020.01.10-14.33.10:132][  0]LogConfig: Setting CVar [[r.DOF.Gather.PostfilterMethod:1          ; Median3x3 postfilering method]]
[2020.01.10-14.33.10:132][  0]LogConfig: Setting CVar [[r.DOF.Gather.EnableBokehSettings:0       ; no bokeh simulation when gathering]]
[2020.01.10-14.33.10:132][  0]LogConfig: Setting CVar [[r.DOF.Gather.RingCount:4                 ; medium number of samples when gathering]]
[2020.01.10-14.33.10:132][  0]LogConfig: Setting CVar [[r.DOF.Scatter.ForegroundCompositing:1    ; additive foreground scattering]]
[2020.01.10-14.33.10:132][  0]LogConfig: Setting CVar [[r.DOF.Scatter.BackgroundCompositing:2    ; additive background scattering]]
[2020.01.10-14.33.10:132][  0]LogConfig: Setting CVar [[r.DOF.Scatter.EnableBokehSettings:1      ; bokeh simulation when scattering]]
[2020.01.10-14.33.10:132][  0]LogConfig: Setting CVar [[r.DOF.Scatter.MaxSpriteRatio:0.1         ; only a maximum of 10% of scattered bokeh]]
[2020.01.10-14.33.10:132][  0]LogConfig: Setting CVar [[r.DOF.Recombine.Quality:1                ; cheap slight out of focus]]
[2020.01.10-14.33.10:132][  0]LogConfig: Setting CVar [[r.DOF.Recombine.EnableBokehSettings:0    ; no bokeh simulation on slight out of focus]]
[2020.01.10-14.33.10:132][  0]LogConfig: Setting CVar [[r.DOF.TemporalAAQuality:1                ; more stable temporal accumulation]]
[2020.01.10-14.33.10:132][  0]LogConfig: Setting CVar [[r.DOF.Kernel.MaxForegroundRadius:0.025]]
[2020.01.10-14.33.10:132][  0]LogConfig: Setting CVar [[r.DOF.Kernel.MaxBackgroundRadius:0.025]]
[2020.01.10-14.33.10:132][  0]LogConfig: Applying CVar settings from Section [TextureQuality@3] File [C:/Users/rafab/Documents/GitHub/UGR-PGV/Videojuego/Saved/Config/Windows/Scalability.ini]
[2020.01.10-14.33.10:132][  0]LogConfig: Setting CVar [[r.Streaming.MipBias:0]]
[2020.01.10-14.33.10:132][  0]LogConfig: Setting CVar [[r.Streaming.AmortizeCPUToGPUCopy:0]]
[2020.01.10-14.33.10:132][  0]LogConfig: Setting CVar [[r.Streaming.MaxNumTexturesToStreamPerFrame:0]]
[2020.01.10-14.33.10:132][  0]LogConfig: Setting CVar [[r.Streaming.Boost:1]]
[2020.01.10-14.33.10:132][  0]LogConfig: Setting CVar [[r.MaxAnisotropy:8]]
[2020.01.10-14.33.10:132][  0]LogConfig: Setting CVar [[r.VT.MaxAnisotropy:8]]
[2020.01.10-14.33.10:132][  0]LogConfig: Setting CVar [[r.Streaming.LimitPoolSizeToVRAM:0]]
[2020.01.10-14.33.10:132][  0]LogConfig: Setting CVar [[r.Streaming.PoolSize:1000]]
[2020.01.10-14.33.10:132][  0]LogConfig: Setting CVar [[r.Streaming.MaxEffectiveScreenSize:0]]
[2020.01.10-14.33.10:132][  0]LogConfig: Applying CVar settings from Section [EffectsQuality@3] File [C:/Users/rafab/Documents/GitHub/UGR-PGV/Videojuego/Saved/Config/Windows/Scalability.ini]
[2020.01.10-14.33.10:132][  0]LogConfig: Setting CVar [[r.TranslucencyLightingVolumeDim:64]]
[2020.01.10-14.33.10:132][  0]LogConfig: Setting CVar [[r.RefractionQuality:2]]
[2020.01.10-14.33.10:132][  0]LogConfig: Setting CVar [[r.SSR.Quality:3]]
[2020.01.10-14.33.10:132][  0]LogConfig: Setting CVar [[r.SSR.HalfResSceneColor:0]]
[2020.01.10-14.33.10:132][  0]LogConfig: Setting CVar [[r.SceneColorFormat:4]]
[2020.01.10-14.33.10:132][  0]LogConfig: Setting CVar [[r.DetailMode:2]]
[2020.01.10-14.33.10:132][  0]LogConfig: Setting CVar [[r.TranslucencyVolumeBlur:1]]
[2020.01.10-14.33.10:132][  0]LogConfig: Setting CVar [[r.MaterialQualityLevel:1 ; High quality]]
[2020.01.10-14.33.10:132][  0]LogConfig: Setting CVar [[r.SSS.Scale:1]]
[2020.01.10-14.33.10:132][  0]LogConfig: Setting CVar [[r.SSS.SampleSet:2]]
[2020.01.10-14.33.10:132][  0]LogConfig: Setting CVar [[r.SSS.Quality:1]]
[2020.01.10-14.33.10:132][  0]LogConfig: Setting CVar [[r.SSS.HalfRes:1]]
[2020.01.10-14.33.10:132][  0]LogConfig: Setting CVar [[r.SSGI.Quality:3]]
[2020.01.10-14.33.10:132][  0]LogConfig: Setting CVar [[r.EmitterSpawnRateScale:1.0]]
[2020.01.10-14.33.10:132][  0]LogConfig: Setting CVar [[r.ParticleLightQuality:2]]
[2020.01.10-14.33.10:132][  0]LogConfig: Setting CVar [[r.SkyAtmosphere.AerialPerspectiveLUT.FastApplyOnOpaque:1 ; Always have FastSkyLUT 1 in this case to avoid wrong sky]]
[2020.01.10-14.33.10:132][  0]LogConfig: Setting CVar [[r.SkyAtmosphere.AerialPerspectiveLUT.SampleCountPerSlice:1]]
[2020.01.10-14.33.10:132][  0]LogConfig: Setting CVar [[r.SkyAtmosphere.AerialPerspectiveLUT.DepthResolution:16.0]]
[2020.01.10-14.33.10:132][  0]LogConfig: Setting CVar [[r.SkyAtmosphere.FastSkyLUT:1]]
[2020.01.10-14.33.10:132][  0]LogConfig: Setting CVar [[r.SkyAtmosphere.FastSkyLUT.SampleCountMin:4.0]]
[2020.01.10-14.33.10:132][  0]LogConfig: Setting CVar [[r.SkyAtmosphere.FastSkyLUT.SampleCountMax:32.0]]
[2020.01.10-14.33.10:132][  0]LogConfig: Setting CVar [[r.SkyAtmosphere.SampleCountMin:4.0]]
[2020.01.10-14.33.10:133][  0]LogConfig: Setting CVar [[r.SkyAtmosphere.SampleCountMax:32.0]]
[2020.01.10-14.33.10:133][  0]LogConfig: Setting CVar [[r.SkyAtmosphere.TransmittanceLUT.UseSmallFormat:0]]
[2020.01.10-14.33.10:133][  0]LogConfig: Setting CVar [[r.SkyAtmosphere.TransmittanceLUT.SampleCount:10.0]]
[2020.01.10-14.33.10:133][  0]LogConfig: Setting CVar [[r.SkyAtmosphere.MultiScatteringLUT.SampleCount:15.0]]
[2020.01.10-14.33.10:133][  0]LogConfig: Applying CVar settings from Section [FoliageQuality@3] File [C:/Users/rafab/Documents/GitHub/UGR-PGV/Videojuego/Saved/Config/Windows/Scalability.ini]
[2020.01.10-14.33.10:133][  0]LogConfig: Setting CVar [[foliage.DensityScale:1.0]]
[2020.01.10-14.33.10:133][  0]LogConfig: Setting CVar [[grass.DensityScale:1.0]]
[2020.01.10-14.33.10:133][  0]LogConfig: Applying CVar settings from Section [ShadingQuality@3] File [C:/Users/rafab/Documents/GitHub/UGR-PGV/Videojuego/Saved/Config/Windows/Scalability.ini]
[2020.01.10-14.33.10:133][  0]LogConfig: Setting CVar [[r.HairStrands.SkyLighting.SampleCount:16]]
[2020.01.10-14.33.10:133][  0]LogConfig: Setting CVar [[r.HairStrands.SkyLighting.JitterIntegration:0]]
[2020.01.10-14.33.10:133][  0]LogConfig: Setting CVar [[r.HairStrands.SkyAO.SampleCount:16]]
[2020.01.10-14.33.10:133][  0]LogInit: Selected Device Profile: [Windows]
[2020.01.10-14.33.10:133][  0]LogInit: Applying CVar settings loaded from the selected device profile: [Windows]
[2020.01.10-14.33.10:135][  0]LogHAL: Display: Platform has ~ 16 GB [17016385536 / 17179869184 / 16], which maps to Larger [LargestMinGB=32, LargerMinGB=12, DefaultMinGB=8, SmallerMinGB=6, SmallestMinGB=0)
[2020.01.10-14.33.10:135][  0]LogInit: Going up to parent DeviceProfile []
[2020.01.10-14.33.10:135][  0]LogConfig: Applying CVar settings from Section [ViewDistanceQuality@3] File [C:/Users/rafab/Documents/GitHub/UGR-PGV/Videojuego/Saved/Config/Windows/Scalability.ini]
[2020.01.10-14.33.10:135][  0]LogConfig: Setting CVar [[r.SkeletalMeshLODBias:0]]
[2020.01.10-14.33.10:135][  0]LogConfig: Setting CVar [[r.ViewDistanceScale:1.0]]
[2020.01.10-14.33.10:135][  0]LogConfig: Applying CVar settings from Section [AntiAliasingQuality@3] File [C:/Users/rafab/Documents/GitHub/UGR-PGV/Videojuego/Saved/Config/Windows/Scalability.ini]
[2020.01.10-14.33.10:135][  0]LogConfig: Setting CVar [[r.PostProcessAAQuality:4]]
[2020.01.10-14.33.10:135][  0]LogConfig: Applying CVar settings from Section [ShadowQuality@3] File [C:/Users/rafab/Documents/GitHub/UGR-PGV/Videojuego/Saved/Config/Windows/Scalability.ini]
[2020.01.10-14.33.10:135][  0]LogConfig: Setting CVar [[r.LightFunctionQuality:1]]
[2020.01.10-14.33.10:135][  0]LogConfig: Setting CVar [[r.ShadowQuality:5]]
[2020.01.10-14.33.10:135][  0]LogConfig: Setting CVar [[r.Shadow.CSM.MaxCascades:10]]
[2020.01.10-14.33.10:135][  0]LogConfig: Setting CVar [[r.Shadow.MaxResolution:2048]]
[2020.01.10-14.33.10:135][  0]LogConfig: Setting CVar [[r.Shadow.MaxCSMResolution:2048]]
[2020.01.10-14.33.10:135][  0]LogConfig: Setting CVar [[r.Shadow.RadiusThreshold:0.01]]
[2020.01.10-14.33.10:135][  0]LogConfig: Setting CVar [[r.Shadow.DistanceScale:1.0]]
[2020.01.10-14.33.10:135][  0]LogConfig: Setting CVar [[r.Shadow.CSM.TransitionScale:1.0]]
[2020.01.10-14.33.10:135][  0]LogConfig: Setting CVar [[r.Shadow.PreShadowResolutionFactor:1.0]]
[2020.01.10-14.33.10:135][  0]LogConfig: Setting CVar [[r.DistanceFieldShadowing:1]]
[2020.01.10-14.33.10:135][  0]LogConfig: Setting CVar [[r.DistanceFieldAO:1]]
[2020.01.10-14.33.10:135][  0]LogConfig: Setting CVar [[r.AOQuality:2]]
[2020.01.10-14.33.10:135][  0]LogConfig: Setting CVar [[r.VolumetricFog:1]]
[2020.01.10-14.33.10:135][  0]LogConfig: Setting CVar [[r.VolumetricFog.GridPixelSize:8]]
[2020.01.10-14.33.10:135][  0]LogConfig: Setting CVar [[r.VolumetricFog.GridSizeZ:128]]
[2020.01.10-14.33.10:135][  0]LogConfig: Setting CVar [[r.VolumetricFog.HistoryMissSupersampleCount:4]]
[2020.01.10-14.33.10:135][  0]LogConfig: Setting CVar [[r.LightMaxDrawDistanceScale:1]]
[2020.01.10-14.33.10:135][  0]LogConfig: Setting CVar [[r.CapsuleShadows:1]]
[2020.01.10-14.33.10:136][  0]LogConfig: Applying CVar settings from Section [PostProcessQuality@3] File [C:/Users/rafab/Documents/GitHub/UGR-PGV/Videojuego/Saved/Config/Windows/Scalability.ini]
[2020.01.10-14.33.10:136][  0]LogConfig: Setting CVar [[r.MotionBlurQuality:4]]
[2020.01.10-14.33.10:136][  0]LogConfig: Setting CVar [[r.AmbientOcclusionMipLevelFactor:0.4]]
[2020.01.10-14.33.10:136][  0]LogConfig: Setting CVar [[r.AmbientOcclusionMaxQuality:100]]
[2020.01.10-14.33.10:136][  0]LogConfig: Setting CVar [[r.AmbientOcclusionLevels:-1]]
[2020.01.10-14.33.10:136][  0]LogConfig: Setting CVar [[r.AmbientOcclusionRadiusScale:1.0]]
[2020.01.10-14.33.10:136][  0]LogConfig: Setting CVar [[r.DepthOfFieldQuality:2]]
[2020.01.10-14.33.10:136][  0]LogConfig: Setting CVar [[r.RenderTargetPoolMin:400]]
[2020.01.10-14.33.10:136][  0]LogConfig: Setting CVar [[r.LensFlareQuality:2]]
[2020.01.10-14.33.10:136][  0]LogConfig: Setting CVar [[r.SceneColorFringeQuality:1]]
[2020.01.10-14.33.10:136][  0]LogConfig: Setting CVar [[r.EyeAdaptationQuality:2]]
[2020.01.10-14.33.10:136][  0]LogConfig: Setting CVar [[r.BloomQuality:5]]
[2020.01.10-14.33.10:136][  0]LogConfig: Setting CVar [[r.FastBlurThreshold:100]]
[2020.01.10-14.33.10:136][  0]LogConfig: Setting CVar [[r.Upscale.Quality:3]]
[2020.01.10-14.33.10:136][  0]LogConfig: Setting CVar [[r.Tonemapper.GrainQuantization:1]]
[2020.01.10-14.33.10:136][  0]LogConfig: Setting CVar [[r.LightShaftQuality:1]]
[2020.01.10-14.33.10:136][  0]LogConfig: Setting CVar [[r.Filter.SizeScale:1]]
[2020.01.10-14.33.10:136][  0]LogConfig: Setting CVar [[r.Tonemapper.Quality:5]]
[2020.01.10-14.33.10:136][  0]LogConfig: Setting CVar [[r.DOF.Gather.AccumulatorQuality:1        ; higher gathering accumulator quality]]
[2020.01.10-14.33.10:136][  0]LogConfig: Setting CVar [[r.DOF.Gather.PostfilterMethod:1          ; Median3x3 postfilering method]]
[2020.01.10-14.33.10:136][  0]LogConfig: Setting CVar [[r.DOF.Gather.EnableBokehSettings:0       ; no bokeh simulation when gathering]]
[2020.01.10-14.33.10:136][  0]LogConfig: Setting CVar [[r.DOF.Gather.RingCount:4                 ; medium number of samples when gathering]]
[2020.01.10-14.33.10:136][  0]LogConfig: Setting CVar [[r.DOF.Scatter.ForegroundCompositing:1    ; additive foreground scattering]]
[2020.01.10-14.33.10:136][  0]LogConfig: Setting CVar [[r.DOF.Scatter.BackgroundCompositing:2    ; additive background scattering]]
[2020.01.10-14.33.10:136][  0]LogConfig: Setting CVar [[r.DOF.Scatter.EnableBokehSettings:1      ; bokeh simulation when scattering]]
[2020.01.10-14.33.10:136][  0]LogConfig: Setting CVar [[r.DOF.Scatter.MaxSpriteRatio:0.1         ; only a maximum of 10% of scattered bokeh]]
[2020.01.10-14.33.10:136][  0]LogConfig: Setting CVar [[r.DOF.Recombine.Quality:1                ; cheap slight out of focus]]
[2020.01.10-14.33.10:136][  0]LogConfig: Setting CVar [[r.DOF.Recombine.EnableBokehSettings:0    ; no bokeh simulation on slight out of focus]]
[2020.01.10-14.33.10:136][  0]LogConfig: Setting CVar [[r.DOF.TemporalAAQuality:1                ; more stable temporal accumulation]]
[2020.01.10-14.33.10:136][  0]LogConfig: Setting CVar [[r.DOF.Kernel.MaxForegroundRadius:0.025]]
[2020.01.10-14.33.10:136][  0]LogConfig: Setting CVar [[r.DOF.Kernel.MaxBackgroundRadius:0.025]]
[2020.01.10-14.33.10:136][  0]LogConfig: Applying CVar settings from Section [TextureQuality@3] File [C:/Users/rafab/Documents/GitHub/UGR-PGV/Videojuego/Saved/Config/Windows/Scalability.ini]
[2020.01.10-14.33.10:136][  0]LogConfig: Setting CVar [[r.Streaming.MipBias:0]]
[2020.01.10-14.33.10:136][  0]LogConfig: Setting CVar [[r.Streaming.AmortizeCPUToGPUCopy:0]]
[2020.01.10-14.33.10:136][  0]LogConfig: Setting CVar [[r.Streaming.MaxNumTexturesToStreamPerFrame:0]]
[2020.01.10-14.33.10:136][  0]LogConfig: Setting CVar [[r.Streaming.Boost:1]]
[2020.01.10-14.33.10:136][  0]LogConfig: Setting CVar [[r.MaxAnisotropy:8]]
[2020.01.10-14.33.10:136][  0]LogConfig: Setting CVar [[r.VT.MaxAnisotropy:8]]
[2020.01.10-14.33.10:136][  0]LogConfig: Setting CVar [[r.Streaming.LimitPoolSizeToVRAM:0]]
[2020.01.10-14.33.10:136][  0]LogConfig: Setting CVar [[r.Streaming.PoolSize:1000]]
[2020.01.10-14.33.10:136][  0]LogConfig: Setting CVar [[r.Streaming.MaxEffectiveScreenSize:0]]
[2020.01.10-14.33.10:136][  0]LogConfig: Applying CVar settings from Section [EffectsQuality@3] File [C:/Users/rafab/Documents/GitHub/UGR-PGV/Videojuego/Saved/Config/Windows/Scalability.ini]
[2020.01.10-14.33.10:136][  0]LogConfig: Setting CVar [[r.TranslucencyLightingVolumeDim:64]]
[2020.01.10-14.33.10:136][  0]LogConfig: Setting CVar [[r.RefractionQuality:2]]
[2020.01.10-14.33.10:136][  0]LogConfig: Setting CVar [[r.SSR.Quality:3]]
[2020.01.10-14.33.10:136][  0]LogConfig: Setting CVar [[r.SSR.HalfResSceneColor:0]]
[2020.01.10-14.33.10:136][  0]LogConfig: Setting CVar [[r.SceneColorFormat:4]]
[2020.01.10-14.33.10:136][  0]LogConfig: Setting CVar [[r.DetailMode:2]]
[2020.01.10-14.33.10:136][  0]LogConfig: Setting CVar [[r.TranslucencyVolumeBlur:1]]
[2020.01.10-14.33.10:136][  0]LogConfig: Setting CVar [[r.MaterialQualityLevel:1 ; High quality]]
[2020.01.10-14.33.10:136][  0]LogConfig: Setting CVar [[r.SSS.Scale:1]]
[2020.01.10-14.33.10:136][  0]LogConfig: Setting CVar [[r.SSS.SampleSet:2]]
[2020.01.10-14.33.10:136][  0]LogConfig: Setting CVar [[r.SSS.Quality:1]]
[2020.01.10-14.33.10:136][  0]LogConfig: Setting CVar [[r.SSS.HalfRes:1]]
[2020.01.10-14.33.10:136][  0]LogConfig: Setting CVar [[r.SSGI.Quality:3]]
[2020.01.10-14.33.10:136][  0]LogConfig: Setting CVar [[r.EmitterSpawnRateScale:1.0]]
[2020.01.10-14.33.10:136][  0]LogConfig: Setting CVar [[r.ParticleLightQuality:2]]
[2020.01.10-14.33.10:136][  0]LogConfig: Setting CVar [[r.SkyAtmosphere.AerialPerspectiveLUT.FastApplyOnOpaque:1 ; Always have FastSkyLUT 1 in this case to avoid wrong sky]]
[2020.01.10-14.33.10:136][  0]LogConfig: Setting CVar [[r.SkyAtmosphere.AerialPerspectiveLUT.SampleCountPerSlice:1]]
[2020.01.10-14.33.10:136][  0]LogConfig: Setting CVar [[r.SkyAtmosphere.AerialPerspectiveLUT.DepthResolution:16.0]]
[2020.01.10-14.33.10:136][  0]LogConfig: Setting CVar [[r.SkyAtmosphere.FastSkyLUT:1]]
[2020.01.10-14.33.10:136][  0]LogConfig: Setting CVar [[r.SkyAtmosphere.FastSkyLUT.SampleCountMin:4.0]]
[2020.01.10-14.33.10:136][  0]LogConfig: Setting CVar [[r.SkyAtmosphere.FastSkyLUT.SampleCountMax:32.0]]
[2020.01.10-14.33.10:136][  0]LogConfig: Setting CVar [[r.SkyAtmosphere.SampleCountMin:4.0]]
[2020.01.10-14.33.10:136][  0]LogConfig: Setting CVar [[r.SkyAtmosphere.SampleCountMax:32.0]]
[2020.01.10-14.33.10:136][  0]LogConfig: Setting CVar [[r.SkyAtmosphere.TransmittanceLUT.UseSmallFormat:0]]
[2020.01.10-14.33.10:136][  0]LogConfig: Setting CVar [[r.SkyAtmosphere.TransmittanceLUT.SampleCount:10.0]]
[2020.01.10-14.33.10:136][  0]LogConfig: Setting CVar [[r.SkyAtmosphere.MultiScatteringLUT.SampleCount:15.0]]
[2020.01.10-14.33.10:136][  0]LogConfig: Applying CVar settings from Section [FoliageQuality@3] File [C:/Users/rafab/Documents/GitHub/UGR-PGV/Videojuego/Saved/Config/Windows/Scalability.ini]
[2020.01.10-14.33.10:136][  0]LogConfig: Setting CVar [[foliage.DensityScale:1.0]]
[2020.01.10-14.33.10:136][  0]LogConfig: Setting CVar [[grass.DensityScale:1.0]]
[2020.01.10-14.33.10:136][  0]LogConfig: Applying CVar settings from Section [ShadingQuality@3] File [C:/Users/rafab/Documents/GitHub/UGR-PGV/Videojuego/Saved/Config/Windows/Scalability.ini]
[2020.01.10-14.33.10:136][  0]LogConfig: Setting CVar [[r.HairStrands.SkyLighting.SampleCount:16]]
[2020.01.10-14.33.10:136][  0]LogConfig: Setting CVar [[r.HairStrands.SkyLighting.JitterIntegration:0]]
[2020.01.10-14.33.10:136][  0]LogConfig: Setting CVar [[r.HairStrands.SkyAO.SampleCount:16]]
[2020.01.10-14.33.10:136][  0]LogConfig: Applying CVar settings from Section [Startup] File [../../../Engine/Config/ConsoleVariables.ini]
[2020.01.10-14.33.10:137][  0]LogConfig: Setting CVar [[net.UseAdaptiveNetUpdateFrequency:0]]
[2020.01.10-14.33.10:137][  0]LogConfig: Setting CVar [[p.chaos.AllowCreatePhysxBodies:1]]
[2020.01.10-14.33.10:137][  0]LogConfig: Applying CVar settings from Section [ConsoleVariables] File [C:/Users/rafab/Documents/GitHub/UGR-PGV/Videojuego/Saved/Config/Windows/Engine.ini]
[2020.01.10-14.33.10:137][  0]LogInit: Computer: RAFABAILON
[2020.01.10-14.33.10:137][  0]LogInit: User: rafab
[2020.01.10-14.33.10:137][  0]LogInit: CPU Page size=4096, Cores=6
[2020.01.10-14.33.10:137][  0]LogInit: High frequency timer resolution =10.000000 MHz
[2020.01.10-14.33.10:137][  0]LogMemory: Memory total: Physical=15.8GB (16GB approx)
[2020.01.10-14.33.10:137][  0]LogMemory: Platform Memory Stats for Windows
[2020.01.10-14.33.10:137][  0]LogMemory: Process Physical Memory: 105.53 MB used, 105.53 MB peak
[2020.01.10-14.33.10:137][  0]LogMemory: Process Virtual Memory: 101.44 MB used, 101.44 MB peak
[2020.01.10-14.33.10:137][  0]LogMemory: Physical Memory: 7265.45 MB used,  8962.64 MB free, 16228.09 MB total
[2020.01.10-14.33.10:137][  0]LogMemory: Virtual Memory: 5159.21 MB used,  134212568.00 MB free, 134217728.00 MB total
[2020.01.10-14.33.10:402][  0]LogWindows: WindowsPlatformFeatures enabled
[2020.01.10-14.33.10:418][  0]LogInit: Using OS detected language (es-ES).
[2020.01.10-14.33.10:419][  0]LogInit: Using OS detected locale (es-ES).
[2020.01.10-14.33.10:419][  0]LogTextLocalizationManager: No specific localization for 'es-ES' exists, so the 'es' localization will be used.
[2020.01.10-14.33.10:454][  0]LogInit: Setting process to per monitor DPI aware
[2020.01.10-14.33.10:500][  0]LogSlate: New Slate User Created.  User Index 0, Is Virtual User: 0
[2020.01.10-14.33.10:500][  0]LogSlate: Slate User Registered.  User Index 0, Is Virtual User: 0
[2020.01.10-14.33.10:671][  0]LogHMD: Failed to initialize OpenVR with code 110
[2020.01.10-14.33.10:672][  0]LogD3D11RHI: D3D11 min allowed feature level: 11_0
[2020.01.10-14.33.10:672][  0]LogD3D11RHI: D3D11 max allowed feature level: 11_0
[2020.01.10-14.33.10:672][  0]LogD3D11RHI: D3D11 adapters:
[2020.01.10-14.33.10:785][  0]LogD3D11RHI:    0. 'NVIDIA GeForce GTX 1050 Ti' (Feature Level 11_0)
[2020.01.10-14.33.10:785][  0]LogD3D11RHI:       4021/0/8114 MB DedicatedVideo/DedicatedSystem/SharedSystem, Outputs:1, VendorId:0x10de
[2020.01.10-14.33.10:832][  0]LogD3D11RHI:    1. 'Intel(R) UHD Graphics 630' (Feature Level 11_0)
[2020.01.10-14.33.10:832][  0]LogD3D11RHI:       128/0/8114 MB DedicatedVideo/DedicatedSystem/SharedSystem, Outputs:0, VendorId:0x8086
[2020.01.10-14.33.10:837][  0]LogD3D11RHI:    2. 'Microsoft Basic Render Driver' (Feature Level 11_0)
[2020.01.10-14.33.10:837][  0]LogD3D11RHI:       0/0/8114 MB DedicatedVideo/DedicatedSystem/SharedSystem, Outputs:0, VendorId:0x1414
[2020.01.10-14.33.10:837][  0]LogD3D11RHI: Chosen D3D11 Adapter: 0
[2020.01.10-14.33.10:915][  0]LogD3D11RHI: Creating new Direct3DDevice
[2020.01.10-14.33.10:915][  0]LogD3D11RHI:     GPU DeviceId: 0x1c8c (for the marketing name, search the web for "GPU Device Id")
[2020.01.10-14.33.10:915][  0]LogWindows: EnumDisplayDevices:
[2020.01.10-14.33.10:915][  0]LogWindows:    0. 'Intel(R) UHD Graphics 630' (P:1 D:1)
[2020.01.10-14.33.10:916][  0]LogWindows:    1. 'Intel(R) UHD Graphics 630' (P:0 D:0)
[2020.01.10-14.33.10:916][  0]LogWindows:    2. 'Intel(R) UHD Graphics 630' (P:0 D:0)
[2020.01.10-14.33.10:916][  0]LogWindows: DebugString: PrimaryIsNotTheChoosenAdapter PrimaryIsNotTheChoosenAdapter PrimaryIsNotTheChoosenAdapter FoundDriverCount:0 
[2020.01.10-14.33.10:917][  0]LogD3D11RHI:     Adapter Name: NVIDIA GeForce GTX 1050 Ti
[2020.01.10-14.33.10:917][  0]LogD3D11RHI:   Driver Version: Unknown (internal:Unknown, unified:Unknown)
[2020.01.10-14.33.10:917][  0]LogD3D11RHI:      Driver Date: Unknown
[2020.01.10-14.33.10:917][  0]LogRHI: Texture pool is 2814 MB (70% of 4021 MB)
[2020.01.10-14.33.10:961][  0]LogD3D11RHI: RHI has support for 64 bit atomics
[2020.01.10-14.33.10:961][  0]LogD3D11RHI: Async texture creation enabled
[2020.01.10-14.33.11:001][  0]LogD3D11RHI: GPU Timing Frequency: 1000.000000 (Debug: 2 1)
[2020.01.10-14.33.11:444][  0]LogTargetPlatformManager: Display: Loaded TargetPlatform 'AllDesktop'
[2020.01.10-14.33.11:471][  0]LogTargetPlatformManager: Display: Loaded TargetPlatform 'Android'
[2020.01.10-14.33.11:471][  0]LogTargetPlatformManager: Display: Loaded TargetPlatform 'Android_ASTC'
[2020.01.10-14.33.11:471][  0]LogTargetPlatformManager: Display: Loaded TargetPlatform 'Android_ATC'
[2020.01.10-14.33.11:471][  0]LogTargetPlatformManager: Display: Loaded TargetPlatform 'Android_DXT'
[2020.01.10-14.33.11:471][  0]LogTargetPlatformManager: Display: Loaded TargetPlatform 'Android_ETC1'
[2020.01.10-14.33.11:471][  0]LogTargetPlatformManager: Display: Loaded TargetPlatform 'Android_ETC1a'
[2020.01.10-14.33.11:471][  0]LogTargetPlatformManager: Display: Loaded TargetPlatform 'Android_ETC2'
[2020.01.10-14.33.11:471][  0]LogTargetPlatformManager: Display: Loaded TargetPlatform 'Android_PVRTC'
[2020.01.10-14.33.11:471][  0]LogTargetPlatformManager: Display: Loaded TargetPlatform 'AndroidClient'
[2020.01.10-14.33.11:471][  0]LogTargetPlatformManager: Display: Loaded TargetPlatform 'Android_ASTCClient'
[2020.01.10-14.33.11:471][  0]LogTargetPlatformManager: Display: Loaded TargetPlatform 'Android_ATCClient'
[2020.01.10-14.33.11:471][  0]LogTargetPlatformManager: Display: Loaded TargetPlatform 'Android_DXTClient'
[2020.01.10-14.33.11:471][  0]LogTargetPlatformManager: Display: Loaded TargetPlatform 'Android_ETC1Client'
[2020.01.10-14.33.11:471][  0]LogTargetPlatformManager: Display: Loaded TargetPlatform 'Android_ETC1aClient'
[2020.01.10-14.33.11:471][  0]LogTargetPlatformManager: Display: Loaded TargetPlatform 'Android_ETC2Client'
[2020.01.10-14.33.11:471][  0]LogTargetPlatformManager: Display: Loaded TargetPlatform 'Android_PVRTCClient'
[2020.01.10-14.33.11:471][  0]LogTargetPlatformManager: Display: Loaded TargetPlatform 'Android_Multi'
[2020.01.10-14.33.11:471][  0]LogTargetPlatformManager: Display: Loaded TargetPlatform 'Android_MultiClient'
[2020.01.10-14.33.11:487][  0]LogTargetPlatformManager: Display: Loaded TargetPlatform 'IOSClient'
[2020.01.10-14.33.11:487][  0]LogTargetPlatformManager: Display: Loaded TargetPlatform 'IOS'
[2020.01.10-14.33.11:494][  0]LogTargetPlatformManager: Display: Loaded TargetPlatform 'LinuxNoEditor'
[2020.01.10-14.33.11:499][  0]LogTargetPlatformManager: Display: Loaded TargetPlatform 'LinuxClient'
[2020.01.10-14.33.11:505][  0]LogTargetPlatformManager: Display: Loaded TargetPlatform 'LinuxServer'
[2020.01.10-14.33.11:512][  0]LogTargetPlatformManager: Display: Loaded TargetPlatform 'LinuxAArch64NoEditor'
[2020.01.10-14.33.11:518][  0]LogTargetPlatformManager: Display: Loaded TargetPlatform 'LinuxAArch64Client'
[2020.01.10-14.33.11:532][  0]LogTargetPlatformManager: Display: Loaded TargetPlatform 'LinuxAArch64Server'
[2020.01.10-14.33.11:574][  0]LogTargetPlatformManager: Display: Loaded TargetPlatform 'Lumin'
[2020.01.10-14.33.11:574][  0]LogTargetPlatformManager: Display: Loaded TargetPlatform 'LuminClient'
[2020.01.10-14.33.11:588][  0]LogTargetPlatformManager: Display: Loaded TargetPlatform 'TVOSClient'
[2020.01.10-14.33.11:588][  0]LogTargetPlatformManager: Display: Loaded TargetPlatform 'TVOS'
[2020.01.10-14.33.11:594][  0]LogTargetPlatformManager: Display: Loaded TargetPlatform 'WindowsNoEditor'
[2020.01.10-14.33.11:601][  0]LogTargetPlatformManager: Display: Loaded TargetPlatform 'Windows'
[2020.01.10-14.33.11:607][  0]LogTargetPlatformManager: Display: Loaded TargetPlatform 'WindowsClient'
[2020.01.10-14.33.11:613][  0]LogTargetPlatformManager: Display: Loaded TargetPlatform 'WindowsServer'
[2020.01.10-14.33.11:613][  0]LogTargetPlatformManager: Display: Building Assets For Windows
[2020.01.10-14.33.11:616][  0]LogAudioDebug: Display: Lib vorbis DLL was dynamically loaded.
[2020.01.10-14.33.11:640][  0]LogShaderCompilers: Guid format shader working directory is -20 characters bigger than the processId version (../../../../../../Users/rafab/Documents/GitHub/UGR-PGV/Videojuego/Intermediate/Shaders/WorkingDirectory/18808/).
[2020.01.10-14.33.11:640][  0]LogShaderCompilers: Cleaned the shader compiler working directory 'C:/Users/rafab/AppData/Local/Temp/UnrealShaderWorkingDir/11D49DD34C3B005A680EFCB94A7C509D/'.
[2020.01.10-14.33.11:641][  0]LogXGEController: Cannot use XGE Controller as Incredibuild is not installed on this machine.
[2020.01.10-14.33.11:641][  0]LogShaderCompilers: Cannot use XGE Shader Compiler as Incredibuild is not installed on this machine.
[2020.01.10-14.33.11:641][  0]LogShaderCompilers: Display: Using Local Shader Compiler.
[2020.01.10-14.33.12:265][  0]LogDerivedDataCache: Display: Max Cache Size: 512 MB
[2020.01.10-14.33.12:316][  0]LogDerivedDataCache: Loaded boot cache 0.05s 78MB C:/Users/rafab/AppData/Local/UnrealEngine/4.24/DerivedDataCache/Boot.ddc.
[2020.01.10-14.33.12:316][  0]LogDerivedDataCache: Display: Loaded Boot cache: C:/Users/rafab/AppData/Local/UnrealEngine/4.24/DerivedDataCache/Boot.ddc
[2020.01.10-14.33.12:316][  0]LogDerivedDataCache: FDerivedDataBackendGraph:  Pak pak cache file ../../../../../../Users/rafab/Documents/GitHub/UGR-PGV/Videojuego/DerivedDataCache/DDC.ddp not found, will not use a pak cache.
[2020.01.10-14.33.12:316][  0]LogDerivedDataCache: Unable to find inner node Pak for hierarchical cache Hierarchy.
[2020.01.10-14.33.12:316][  0]LogDerivedDataCache: FDerivedDataBackendGraph:  CompressedPak pak cache file ../../../../../../Users/rafab/Documents/GitHub/UGR-PGV/Videojuego/DerivedDataCache/Compressed.ddp not found, will not use a pak cache.
[2020.01.10-14.33.12:316][  0]LogDerivedDataCache: Unable to find inner node CompressedPak for hierarchical cache Hierarchy.
[2020.01.10-14.33.12:325][  0]LogDerivedDataCache: Display: Pak cache opened for reading ../../../Engine/DerivedDataCache/Compressed.ddp.
[2020.01.10-14.33.12:325][  0]LogDerivedDataCache: FDerivedDataBackendGraph:  EnterprisePak pak cache file ../../../Enterprise/DerivedDataCache/Compressed.ddp not found, will not use a pak cache.
[2020.01.10-14.33.12:325][  0]LogDerivedDataCache: Unable to find inner node EnterprisePak for hierarchical cache Hierarchy.
[2020.01.10-14.33.12:327][  0]LogDerivedDataCache: Using Local data cache path C:/Users/rafab/AppData/Local/UnrealEngine/Common/DerivedDataCache: Writable
[2020.01.10-14.33.12:327][  0]LogDerivedDataCache: Shared data cache path not found in *engine.ini, will not use an Shared cache.
[2020.01.10-14.33.12:327][  0]LogDerivedDataCache: Unable to find inner node Shared for hierarchical cache Hierarchy.
[2020.01.10-14.33.12:349][  0]LogMaterial: Verifying Global Shaders for PCD3D_SM5
[2020.01.10-14.33.12:351][  0]LogSlate: Using FreeType 2.10.0
[2020.01.10-14.33.12:351][  0]LogSlate: SlateFontServices - WITH_FREETYPE: 1, WITH_HARFBUZZ: 1
[2020.01.10-14.33.12:394][  0]LogAssetRegistry: FAssetRegistry took 0.0023 seconds to start up
[2020.01.10-14.33.12:626][  0]LogInit: Selected Device Profile: [Windows]
[2020.01.10-14.33.12:759][  0]LogMeshReduction: Using QuadricMeshReduction for automatic static mesh reduction
[2020.01.10-14.33.12:759][  0]LogMeshReduction: Using SimplygonMeshReduction for automatic skeletal mesh reduction
[2020.01.10-14.33.12:759][  0]LogMeshReduction: Using ProxyLODMeshReduction for automatic mesh merging
[2020.01.10-14.33.12:759][  0]LogMeshReduction: No distributed automatic mesh merging module available
[2020.01.10-14.33.12:759][  0]LogMeshMerging: No distributed automatic mesh merging module available
[2020.01.10-14.33.12:769][  0]LogNetVersion: PGV 1.0.0, NetCL: 10570792, EngineNetVer: 13, GameNetVer: 0 (Checksum: 3537418902)
[2020.01.10-14.33.13:660][  0]LogPackageLocalizationCache: Processed 10 localized package path(s) for 1 prioritized culture(s) in 0.036702 seconds
[2020.01.10-14.33.13:666][  0]LogUObjectArray: 46750 objects as part of root set at end of initial load.
[2020.01.10-14.33.13:666][  0]LogUObjectAllocator: 8137160 out of 0 bytes used by permanent object pool.
[2020.01.10-14.33.13:666][  0]LogUObjectArray: CloseDisregardForGC: 0/0 objects in disregard for GC pool
[2020.01.10-14.33.14:029][  0]LogTcpMessaging: Initializing TcpMessaging bridge
[2020.01.10-14.33.14:032][  0]LogUdpMessaging: Initializing bridge on interface 0.0.0.0:0 to multicast group 230.0.0.1:6666.
[2020.01.10-14.33.14:083][  0]SourceControl: El control de código fuente está desactivado
[2020.01.10-14.33.14:083][  0]SourceControl: El control de código fuente está desactivado
[2020.01.10-14.33.14:085][  0]SourceControl: El control de código fuente está desactivado
[2020.01.10-14.33.14:087][  0]SourceControl: El control de código fuente está desactivado
[2020.01.10-14.33.14:089][  0]SourceControl: El control de código fuente está desactivado
[2020.01.10-14.33.14:110][  0]LogVSAccessor: Display: Unable to create Visual Studio setup instance: 80040154
[2020.01.10-14.33.14:112][  0]LogVSAccessor: Display: Unable to create Visual Studio setup instance: 80040154
[2020.01.10-14.33.14:218][  0]LogAndroidPermission: UAndroidPermissionCallbackProxy::GetInstance
[2020.01.10-14.33.14:226][  0]LogAudioCaptureCore: Display: No Audio Capture implementations found. Audio input will be silent.
[2020.01.10-14.33.14:226][  0]LogAudioCaptureCore: Display: No Audio Capture implementations found. Audio input will be silent.
[2020.01.10-14.33.14:308][  0]LogOcInput: OculusInput pre-init called
[2020.01.10-14.33.14:314][  0]LogWindows: Failed to load 'OVRPlugin.dll' (GetLastError=126)
[2020.01.10-14.33.14:314][  0]LogWindows: File 'OVRPlugin.dll' does not exist
[2020.01.10-14.33.14:395][  0]LogEngine: Initializing Engine...
[2020.01.10-14.33.14:395][  0]LogHMD: Failed to initialize OpenVR with code 110
[2020.01.10-14.33.14:396][  0]LogStats: UGameplayTagsManager::InitializeManager -  0.000 s
[2020.01.10-14.33.14:723][  0]LogInit: Initializing FReadOnlyCVARCache
[2020.01.10-14.33.14:735][  0]LogAIModule: Creating AISystem for world Untitled
[2020.01.10-14.33.14:776][  0]LogAudioMixer: Display: Audio Mixer Platform Settings:
[2020.01.10-14.33.14:776][  0]LogAudioMixer: Display: 	Sample Rate:						  48000
[2020.01.10-14.33.14:776][  0]LogAudioMixer: Display: 	Callback Buffer Frame Size Requested: 256
[2020.01.10-14.33.14:776][  0]LogAudioMixer: Display: 	Callback Buffer Frame Size To Use:	  256
[2020.01.10-14.33.14:776][  0]LogAudioMixer: Display: 	Number of buffers to queue:			  7
[2020.01.10-14.33.14:776][  0]LogAudioMixer: Display: 	Max Channels (voices):				  32
[2020.01.10-14.33.14:776][  0]LogAudioMixer: Display: 	Number of Async Source Workers:		  0
[2020.01.10-14.33.14:776][  0]LogAudio: Display: AudioDevice MaxSources: 32
[2020.01.10-14.33.14:777][  0]LogAudio: Display: Using built-in audio occlusion.
[2020.01.10-14.33.14:777][  0]LogAudioMixer: Display: Initializing audio mixer.
[2020.01.10-14.33.14:874][  0]LogAudioMixer: Display: Audio Device Output Speaker Info:
[2020.01.10-14.33.14:874][  0]LogAudioMixer: Display: Name: Altavoces (Realtek(R) Audio)
[2020.01.10-14.33.14:874][  0]LogAudioMixer: Display: Is Default: Yes
[2020.01.10-14.33.14:874][  0]LogAudioMixer: Display: Sample Rate: 48000
[2020.01.10-14.33.14:874][  0]LogAudioMixer: Display: Channel Count Used: 8
[2020.01.10-14.33.14:874][  0]LogAudioMixer: Display: Device Channel Count: 8
[2020.01.10-14.33.14:874][  0]LogAudioMixer: Display: Channel Order:
[2020.01.10-14.33.14:874][  0]LogAudioMixer: Display: 0: FrontLeft
[2020.01.10-14.33.14:874][  0]LogAudioMixer: Display: 1: FrontRight
[2020.01.10-14.33.14:874][  0]LogAudioMixer: Display: 2: FrontCenter
[2020.01.10-14.33.14:874][  0]LogAudioMixer: Display: 3: LowFrequency
[2020.01.10-14.33.14:874][  0]LogAudioMixer: Display: 4: BackLeft
[2020.01.10-14.33.14:874][  0]LogAudioMixer: Display: 5: BackRight
[2020.01.10-14.33.14:874][  0]LogAudioMixer: Display: 6: SideLeft
[2020.01.10-14.33.14:874][  0]LogAudioMixer: Display: 7: SideRight
[2020.01.10-14.33.15:216][  0]LogAudioMixer: Display: Using Audio Device Altavoces (Realtek(R) Audio)
[2020.01.10-14.33.15:221][  0]LogInit: FAudioDevice initialized.
[2020.01.10-14.33.15:222][  0]LogNetVersion: Set ProjectVersion to 1.0.0.0. Version Checksum will be recalculated on next use.
[2020.01.10-14.33.15:375][  0]LogDerivedDataCache: Saved boot cache 0.15s 78MB C:/Users/rafab/AppData/Local/UnrealEngine/4.24/DerivedDataCache/Boot.ddc.
[2020.01.10-14.33.15:385][  0]LogInit: Texture streaming: Enabled
[2020.01.10-14.33.15:407][  0]LogEngineSessionManager: EngineSessionManager initialized
[2020.01.10-14.33.15:407][  0]LogEditorSessionSummary: Verbose: Initializing EditorSessionSummaryWriter for editor session tracking
[2020.01.10-14.33.15:412][  0]LogEditorSessionSummary: EditorSessionSummaryWriter initialized
[2020.01.10-14.33.15:511][  0]LogInit: Transaction tracking system initialized
[2020.01.10-14.33.15:526][  0]BlueprintLog: New page: Cargar el editor
[2020.01.10-14.33.15:560][  0]LocalizationService: Localization service is disabled
[2020.01.10-14.33.15:600][  0]LogVSAccessor: Display: Unable to create Visual Studio setup instance: 80040154
[2020.01.10-14.33.15:601][  0]LogVSAccessor: Display: Unable to create Visual Studio setup instance: 80040154
[2020.01.10-14.33.15:824][  0]LogFileCache: Scanning file cache for directory 'C:/Users/rafab/Documents/GitHub/UGR-PGV/Videojuego/Content/' took 0.00s
[2020.01.10-14.33.15:824][  0]LogCook: Display: Max memory allowance for cook 16384mb min free memory 0mb
[2020.01.10-14.33.15:824][  0]LogCook: Display: Mobile HDR setting 1
[2020.01.10-14.33.16:348][  0]SourceControl: El control de código fuente está desactivado
[2020.01.10-14.33.16:348][  0]Cmd: MAP LOAD FILE="../../../../../../Users/rafab/Documents/GitHub/UGR-PGV/Videojuego/Content/MainMenu.umap" TEMPLATE=0 SHOWPROGRESS=1 FEATURELEVEL=3
[2020.01.10-14.33.16:348][  0]LightingResults: New page: Diseñar la iluminación
[2020.01.10-14.33.16:349][  0]LogWorld: UWorld::CleanupWorld for Untitled, bSessionEnded=true, bCleanupResources=true
[2020.01.10-14.33.16:349][  0]LogSlate: InvalidateAllWidgets triggered.  All widgets were invalidated
[2020.01.10-14.33.16:350][  0]MapCheck: New page: Revisión del mapa
[2020.01.10-14.33.16:350][  0]LightingResults: New page: Diseñar la iluminación
[2020.01.10-14.33.16:378][  0]LogUObjectHash: Compacting FUObjectHashTables data took   1.69ms
[2020.01.10-14.33.16:397][  0]LogAIModule: Creating AISystem for world MainMenu
[2020.01.10-14.33.16:397][  0]LogEditorServer: Finished looking for orphan Actors (0.000 secs)
[2020.01.10-14.33.16:426][  0]LogUObjectHash: Compacting FUObjectHashTables data took   1.75ms
[2020.01.10-14.33.16:426][  0]Cmd: MAP CHECKDEP NOCLEARLOG
[2020.01.10-14.33.16:427][  0]MapCheck: Map check complete: 0 Error(s), 0 Warning(s), took 0,122ms to complete.
[2020.01.10-14.33.16:427][  0]LogFileHelpers: Loading map 'MainMenu' took 0.078
[2020.01.10-14.33.16:651][  0]LogSlate: Updating window title bar state: overlay mode, drag disabled, window buttons hidden, title bar hidden
[2020.01.10-14.33.16:662][  0]LogSlate: Updating window title bar state: overlay mode, drag disabled, window buttons hidden, title bar hidden
[2020.01.10-14.33.16:672][  0]LogSlate: Updating window title bar state: overlay mode, drag disabled, window buttons hidden, title bar hidden
[2020.01.10-14.33.16:682][  0]LogSlate: Updating window title bar state: overlay mode, drag disabled, window buttons hidden, title bar hidden
[2020.01.10-14.33.16:688][  0]LogCollectionManager: Loaded 0 collections in 0.002297 seconds
[2020.01.10-14.33.16:702][  0]LogFileCache: Scanning file cache for directory 'C:/Users/rafab/Documents/GitHub/UGR-PGV/Videojuego/Saved/Collections/' took 0.00s
[2020.01.10-14.33.16:702][  0]LogFileCache: Scanning file cache for directory 'C:/Users/rafab/Documents/GitHub/UGR-PGV/Videojuego/Content/Developers/rafab/Collections/' took 0.00s
[2020.01.10-14.33.16:702][  0]LogFileCache: Scanning file cache for directory 'C:/Users/rafab/Documents/GitHub/UGR-PGV/Videojuego/Content/Collections/' took 0.00s
[2020.01.10-14.33.16:702][  0]LogContentBrowser: Native class hierarchy populated in 0.0099 seconds. Added 3015 classes and 717 folders.
[2020.01.10-14.33.16:704][  0]LogContentBrowser: Native class hierarchy updated for 'WidgetCarousel' in 0.0003 seconds. Added 0 classes and 0 folders.
[2020.01.10-14.33.16:752][  0]LogContentBrowser: Native class hierarchy updated for 'AddContentDialog' in 0.0002 seconds. Added 0 classes and 0 folders.
[2020.01.10-14.33.16:755][  0]LogContentBrowser: Native class hierarchy updated for 'SceneOutliner' in 0.0002 seconds. Added 2 classes and 3 folders.
[2020.01.10-14.33.16:808][  0]LogSlate: Took 0.000234 seconds to synchronously load lazily loaded font '../../../Engine/Content/Slate/Fonts/Roboto-Regular.ttf' (155K)
[2020.01.10-14.33.16:812][  0]LogSlate: Took 0.000251 seconds to synchronously load lazily loaded font '../../../Engine/Content/Slate/Fonts/Roboto-Bold.ttf' (160K)
[2020.01.10-14.33.16:819][  0]LogSlate: Took 0.000208 seconds to synchronously load lazily loaded font '../../../Engine/Content/Editor/Slate/Fonts/FontAwesome.ttf' (139K)
[2020.01.10-14.33.16:910][  0]LogRenderer: Reallocating scene render targets to support 964x464 Format 10 NumSamples 1 (Frame:1).
[2020.01.10-14.33.16:954][  0]LogSlate: Took 0.000142 seconds to synchronously load lazily loaded font '../../../Engine/Content/Slate/Fonts/Roboto-Light.ttf' (167K)
[2020.01.10-14.33.17:097][  0]LogContentBrowser: Native class hierarchy updated for 'HierarchicalLODOutliner' in 0.0002 seconds. Added 0 classes and 0 folders.
[2020.01.10-14.33.17:097][  0]LogLoad: (Engine Initialization) Total time: 8.11 seconds
[2020.01.10-14.33.17:097][  0]LogLoad: (Engine Initialization) Total Blueprint compile time: 0.00 seconds
[2020.01.10-14.33.17:146][  0]LogAssetRegistry: Asset discovery search completed in 4.7535 seconds
[2020.01.10-14.33.17:149][  0]LogCollectionManager: Fixed up redirectors for 0 collections in 0.000007 seconds (updated 0 objects)
[2020.01.10-14.33.17:149][  0]LogContentStreaming: Texture pool size now 1000 MB
[2020.01.10-14.33.17:180][  1]LogFileCache: Retrieving MD5 hashes for directory 'C:/Users/rafab/Documents/GitHub/UGR-PGV/Videojuego/Content/' took 0.06s
[2020.01.10-14.34.18:125][678]LogSlate: Took 0.000360 seconds to synchronously load lazily loaded font '../../../Engine/Content/Slate/Fonts/Roboto-Light.ttf' (167K)
[2020.01.10-14.34.31:097][931]LogGameplayTags: Warning: Invalid GameplayTag e_type1 found while loading /Game/Torres/props/Tower_mark3.Default__Tower_mark3_C in property /Game/Torres/props/Tower_mark3.Tower_mark3_C:prefered_target.
[2020.01.10-14.34.31:121][931]LogGameplayTags: Warning: Invalid GameplayTag e_type1 found while loading /Game/Torres/props/Tower_mark1.Default__Tower_mark1_C in property /Game/Torres/props/Tower_mark1.Tower_mark1_C:prefered_target.
[2020.01.10-14.34.31:625][931]LogAIModule: Creating AISystem for world level1
[2020.01.10-14.34.31:636][931]LogAssetEditorSubsystem: Opening Asset editor for World /Game/level1.level1
[2020.01.10-14.34.31:671][931]LogUObjectHash: Compacting FUObjectHashTables data took   2.34ms
[2020.01.10-14.34.31:675][931]Cmd: MAP LOAD FILE="../../../../../../Users/rafab/Documents/GitHub/UGR-PGV/Videojuego/Content/level1.umap" TEMPLATE=0 SHOWPROGRESS=1 FEATURELEVEL=3
[2020.01.10-14.34.31:675][931]LightingResults: New page: Diseñar la iluminación
[2020.01.10-14.34.31:675][931]LoadErrors: New page: Cargando mapa: level1.umap
[2020.01.10-14.34.31:675][931]LogWorld: UWorld::CleanupWorld for MainMenu, bSessionEnded=true, bCleanupResources=true
[2020.01.10-14.34.31:676][931]LogSlate: InvalidateAllWidgets triggered.  All widgets were invalidated
[2020.01.10-14.34.31:676][931]MapCheck: New page: Revisión del mapa
[2020.01.10-14.34.31:676][931]LightingResults: New page: Diseñar la iluminación
[2020.01.10-14.34.31:703][931]LogUObjectHash: Compacting FUObjectHashTables data took   1.95ms
[2020.01.10-14.34.31:741][931]LogEditorServer: Finished looking for orphan Actors (0.000 secs)
[2020.01.10-14.34.31:771][931]LogUObjectHash: Compacting FUObjectHashTables data took   1.66ms
[2020.01.10-14.34.31:822][931]Cmd: MAP CHECKDEP NOCLEARLOG
[2020.01.10-14.34.31:822][931]MapCheck: Map check complete: 0 Error(s), 0 Warning(s), took 0,166ms to complete.
[2020.01.10-14.34.31:822][931]LogFileHelpers: Loading map 'level1' took 0.148
[2020.01.10-14.34.35:955][ 11]LogTemp: Repeating last play command: Selected Viewport
[2020.01.10-14.34.36:168][ 11]LogBlueprintUserMessages: Early PlayInEditor Detection: Level '/Game/level1.level1:PersistentLevel' has LevelScriptBlueprint '/Game/level1.level1:PersistentLevel.level1' with GeneratedClass '/Game/level1.level1_C' with ClassGeneratedBy '/Game/level1.level1:PersistentLevel.level1'
[2020.01.10-14.34.36:178][ 11]LogPlayLevel: PlayLevel: No blueprints needed recompiling
[2020.01.10-14.34.36:189][ 11]PIE: New page: Sesión PIE (reproducción en el editor): level1 (10 ene. 2020 16:34:36)
[2020.01.10-14.34.36:207][ 11]LogOnline: OSS: Creating online subsystem instance for: NULL
[2020.01.10-14.34.36:220][ 11]LogOnline: OSS: TryLoadSubsystemAndSetDefault: Loaded subsystem for module [NULL]
[2020.01.10-14.34.36:241][ 11]LogPlayLevel: Creating play world package: /Game/UEDPIE_0_level1
[2020.01.10-14.34.36:918][ 11]LogPlayLevel: PIE: StaticDuplicateObject took: (0.675581s)
[2020.01.10-14.34.36:919][ 11]LogAIModule: Creating AISystem for world level1
[2020.01.10-14.34.36:936][ 11]LogPlayLevel: PIE: World Init took: (0.018178s)
[2020.01.10-14.34.36:937][ 11]LogPlayLevel: PIE: Created PIE world by copying editor world from /Game/level1.level1 to /Game/UEDPIE_0_level1.level1 (0.695450s)
[2020.01.10-14.34.37:015][ 11]LogUObjectHash: Compacting FUObjectHashTables data took   2.31ms
[2020.01.10-14.34.37:049][ 11]LogAudioMixer: Display: Audio Mixer Platform Settings:
[2020.01.10-14.34.37:049][ 11]LogAudioMixer: Display: 	Sample Rate:						  48000
[2020.01.10-14.34.37:049][ 11]LogAudioMixer: Display: 	Callback Buffer Frame Size Requested: 256
[2020.01.10-14.34.37:049][ 11]LogAudioMixer: Display: 	Callback Buffer Frame Size To Use:	  256
[2020.01.10-14.34.37:049][ 11]LogAudioMixer: Display: 	Number of buffers to queue:			  7
[2020.01.10-14.34.37:049][ 11]LogAudioMixer: Display: 	Max Channels (voices):				  32
[2020.01.10-14.34.37:049][ 11]LogAudioMixer: Display: 	Number of Async Source Workers:		  0
[2020.01.10-14.34.37:049][ 11]LogAudio: Display: AudioDevice MaxSources: 32
[2020.01.10-14.34.37:050][ 11]LogAudio: Display: Using built-in audio occlusion.
[2020.01.10-14.34.37:050][ 11]LogAudioMixer: Display: Initializing audio mixer.
[2020.01.10-14.34.37:065][ 11]LogAudioMixer: Display: Audio Device Output Speaker Info:
[2020.01.10-14.34.37:065][ 11]LogAudioMixer: Display: Name: Altavoces (Realtek(R) Audio)
[2020.01.10-14.34.37:066][ 11]LogAudioMixer: Display: Is Default: Yes
[2020.01.10-14.34.37:066][ 11]LogAudioMixer: Display: Sample Rate: 48000
[2020.01.10-14.34.37:066][ 11]LogAudioMixer: Display: Channel Count Used: 8
[2020.01.10-14.34.37:066][ 11]LogAudioMixer: Display: Device Channel Count: 8
[2020.01.10-14.34.37:066][ 11]LogAudioMixer: Display: Channel Order:
[2020.01.10-14.34.37:066][ 11]LogAudioMixer: Display: 0: FrontLeft
[2020.01.10-14.34.37:066][ 11]LogAudioMixer: Display: 1: FrontRight
[2020.01.10-14.34.37:066][ 11]LogAudioMixer: Display: 2: FrontCenter
[2020.01.10-14.34.37:066][ 11]LogAudioMixer: Display: 3: LowFrequency
[2020.01.10-14.34.37:066][ 11]LogAudioMixer: Display: 4: BackLeft
[2020.01.10-14.34.37:066][ 11]LogAudioMixer: Display: 5: BackRight
[2020.01.10-14.34.37:066][ 11]LogAudioMixer: Display: 6: SideLeft
[2020.01.10-14.34.37:066][ 11]LogAudioMixer: Display: 7: SideRight
[2020.01.10-14.34.37:285][ 11]LogAudioMixer: Display: Using Audio Device Altavoces (Realtek(R) Audio)
[2020.01.10-14.34.37:288][ 11]LogInit: FAudioDevice initialized.
[2020.01.10-14.34.37:339][ 11]LogLoad: Game class is 'MouseGameMode_C'
[2020.01.10-14.34.37:453][ 11]LogWorld: Bringing World /Game/UEDPIE_0_level1.level1 up for play (max tick rate 60) at 2020.01.10-15.34.37
[2020.01.10-14.34.37:455][ 11]LogWorld: Bringing up level for play took: 0.021852
[2020.01.10-14.34.37:457][ 11]LogOnline: OSS: Creating online subsystem instance for: :Context_14
[2020.01.10-14.34.37:633][ 11]LogContentBrowser: Native class hierarchy updated for 'MovieSceneCapture' in 0.0010 seconds. Added 20 classes and 0 folders.
[2020.01.10-14.34.37:784][ 11]PIE: Tiempo de inicio de la reproducción en el editor para  /Game/UEDPIE_0_level1 2,207
[2020.01.10-14.34.37:785][ 11]LogBlueprintUserMessages: Late PlayInEditor Detection: Level '/Game/level1.level1:PersistentLevel' has LevelScriptBlueprint '/Game/level1.level1:PersistentLevel.level1' with GeneratedClass '/Game/level1.level1_C' with ClassGeneratedBy '/Game/level1.level1:PersistentLevel.level1'
[2020.01.10-14.34.51:177][404]LogPlayerController: Error: InputMode:UIOnly - Attempting to focus Non-Focusable widget SObjectWidget [Widget.cpp(776)]!
[2020.01.10-14.34.51:906][426]LogPlayerController: Error: InputMode:UIOnly - Attempting to focus Non-Focusable widget SObjectWidget [Widget.cpp(776)]!
[2020.01.10-14.35.04:334][786]LogAudioMixer: Display: No commands were queued while flushing the source manager.
[2020.01.10-14.35.04:334][786]LogAudioMixer: Display: No commands were queued while flushing the source manager.
[2020.01.10-14.35.04:461][786]LogBlueprintUserMessages: Early EndPlayMap Detection: Level '/Game/level1.level1:PersistentLevel' has LevelScriptBlueprint '/Game/level1.level1:PersistentLevel.level1' with GeneratedClass '/Game/level1.level1_C' with ClassGeneratedBy '/Game/level1.level1:PersistentLevel.level1'
[2020.01.10-14.35.04:529][786]LogSlate: Updating window title bar state: overlay mode, drag disabled, window buttons hidden, title bar hidden
[2020.01.10-14.35.04:534][786]LogWorld: BeginTearingDown for /Game/UEDPIE_0_level1
[2020.01.10-14.35.04:534][786]LogAudioMixer: Display: No commands were queued while flushing the source manager.
[2020.01.10-14.35.04:534][786]LogWorld: UWorld::CleanupWorld for level1, bSessionEnded=true, bCleanupResources=true
[2020.01.10-14.35.04:537][786]LogSlate: InvalidateAllWidgets triggered.  All widgets were invalidated
[2020.01.10-14.35.04:553][786]LogPlayLevel: Display: Shutting down PIE online subsystems
[2020.01.10-14.35.04:553][786]LogBlueprintUserMessages: Late EndPlayMap Detection: Level '/Game/level1.level1:PersistentLevel' has LevelScriptBlueprint '/Game/level1.level1:PersistentLevel.level1' with GeneratedClass '/Game/level1.level1_C' with ClassGeneratedBy '/Game/level1.level1:PersistentLevel.level1'
[2020.01.10-14.35.04:573][786]LogSlate: InvalidateAllWidgets triggered.  All widgets were invalidated
[2020.01.10-14.35.04:648][786]LogAudioMixer: Display: No commands were queued while flushing the source manager.
[2020.01.10-14.35.04:663][786]LogSlate: Updating window title bar state: overlay mode, drag disabled, window buttons hidden, title bar hidden
[2020.01.10-14.35.04:736][786]LogUObjectHash: Compacting FUObjectHashTables data took   6.15ms
[2020.01.10-14.35.04:784][787]LogPlayLevel: Display: Destroying online subsystem :Context_14
[2020.01.10-14.35.37:645][531]LogTemp: Repeating last play command: Selected Viewport
[2020.01.10-14.35.37:676][531]LogBlueprintUserMessages: Early PlayInEditor Detection: Level '/Game/level1.level1:PersistentLevel' has LevelScriptBlueprint '/Game/level1.level1:PersistentLevel.level1' with GeneratedClass '/Game/level1.level1_C' with ClassGeneratedBy '/Game/level1.level1:PersistentLevel.level1'
[2020.01.10-14.35.37:676][531]LogPlayLevel: PlayLevel: No blueprints needed recompiling
[2020.01.10-14.35.37:677][531]PIE: New page: Sesión PIE (reproducción en el editor): level1 (10 ene. 2020 16:35:37)
[2020.01.10-14.35.37:677][531]LogPlayLevel: Creating play world package: /Game/UEDPIE_0_level1
[2020.01.10-14.35.38:200][531]LogPlayLevel: PIE: StaticDuplicateObject took: (0.522883s)
[2020.01.10-14.35.38:201][531]LogAIModule: Creating AISystem for world level1
[2020.01.10-14.35.38:201][531]LogPlayLevel: PIE: World Init took: (0.000980s)
[2020.01.10-14.35.38:201][531]LogPlayLevel: PIE: Created PIE world by copying editor world from /Game/level1.level1 to /Game/UEDPIE_0_level1.level1 (0.524060s)
[2020.01.10-14.35.38:230][531]LogUObjectHash: Compacting FUObjectHashTables data took   1.40ms
[2020.01.10-14.35.38:258][531]LogAudioMixer: Display: Audio Mixer Platform Settings:
[2020.01.10-14.35.38:258][531]LogAudioMixer: Display: 	Sample Rate:						  48000
[2020.01.10-14.35.38:258][531]LogAudioMixer: Display: 	Callback Buffer Frame Size Requested: 256
[2020.01.10-14.35.38:258][531]LogAudioMixer: Display: 	Callback Buffer Frame Size To Use:	  256
[2020.01.10-14.35.38:258][531]LogAudioMixer: Display: 	Number of buffers to queue:			  7
[2020.01.10-14.35.38:258][531]LogAudioMixer: Display: 	Max Channels (voices):				  32
[2020.01.10-14.35.38:258][531]LogAudioMixer: Display: 	Number of Async Source Workers:		  0
[2020.01.10-14.35.38:258][531]LogAudio: Display: AudioDevice MaxSources: 32
[2020.01.10-14.35.38:258][531]LogAudio: Display: Using built-in audio occlusion.
[2020.01.10-14.35.38:258][531]LogAudioMixer: Display: Initializing audio mixer.
[2020.01.10-14.35.38:269][531]LogAudioMixer: Display: Audio Device Output Speaker Info:
[2020.01.10-14.35.38:269][531]LogAudioMixer: Display: Name: Altavoces (Realtek(R) Audio)
[2020.01.10-14.35.38:269][531]LogAudioMixer: Display: Is Default: Yes
[2020.01.10-14.35.38:269][531]LogAudioMixer: Display: Sample Rate: 48000
[2020.01.10-14.35.38:269][531]LogAudioMixer: Display: Channel Count Used: 8
[2020.01.10-14.35.38:269][531]LogAudioMixer: Display: Device Channel Count: 8
[2020.01.10-14.35.38:269][531]LogAudioMixer: Display: Channel Order:
[2020.01.10-14.35.38:269][531]LogAudioMixer: Display: 0: FrontLeft
[2020.01.10-14.35.38:269][531]LogAudioMixer: Display: 1: FrontRight
[2020.01.10-14.35.38:269][531]LogAudioMixer: Display: 2: FrontCenter
[2020.01.10-14.35.38:269][531]LogAudioMixer: Display: 3: LowFrequency
[2020.01.10-14.35.38:269][531]LogAudioMixer: Display: 4: BackLeft
[2020.01.10-14.35.38:269][531]LogAudioMixer: Display: 5: BackRight
[2020.01.10-14.35.38:269][531]LogAudioMixer: Display: 6: SideLeft
[2020.01.10-14.35.38:269][531]LogAudioMixer: Display: 7: SideRight
[2020.01.10-14.35.38:478][531]LogAudioMixer: Display: Using Audio Device Altavoces (Realtek(R) Audio)
[2020.01.10-14.35.38:481][531]LogInit: FAudioDevice initialized.
[2020.01.10-14.35.38:496][531]LogLoad: Game class is 'MouseGameMode_C'
[2020.01.10-14.35.38:507][531]LogWorld: Bringing World /Game/UEDPIE_0_level1.level1 up for play (max tick rate 60) at 2020.01.10-15.35.38
[2020.01.10-14.35.38:507][531]LogWorld: Bringing up level for play took: 0.008928
[2020.01.10-14.35.38:508][531]LogOnline: OSS: Creating online subsystem instance for: :Context_15
[2020.01.10-14.35.38:518][531]PIE: Tiempo de inicio de la reproducción en el editor para  /Game/UEDPIE_0_level1 0,941
[2020.01.10-14.35.38:518][531]LogBlueprintUserMessages: Late PlayInEditor Detection: Level '/Game/level1.level1:PersistentLevel' has LevelScriptBlueprint '/Game/level1.level1:PersistentLevel.level1' with GeneratedClass '/Game/level1.level1_C' with ClassGeneratedBy '/Game/level1.level1:PersistentLevel.level1'
[2020.01.10-14.36.09:659][437]LogAudioMixer: Display: No commands were queued while flushing the source manager.
[2020.01.10-14.36.09:659][437]LogAudioMixer: Display: No commands were queued while flushing the source manager.
[2020.01.10-14.36.09:659][437]LogBlueprintUserMessages: Early EndPlayMap Detection: Level '/Game/level1.level1:PersistentLevel' has LevelScriptBlueprint '/Game/level1.level1:PersistentLevel.level1' with GeneratedClass '/Game/level1.level1_C' with ClassGeneratedBy '/Game/level1.level1:PersistentLevel.level1'
[2020.01.10-14.36.09:660][437]LogSlate: Updating window title bar state: overlay mode, drag disabled, window buttons hidden, title bar hidden
[2020.01.10-14.36.09:660][437]LogWorld: BeginTearingDown for /Game/UEDPIE_0_level1
[2020.01.10-14.36.09:660][437]LogAudioMixer: Display: No commands were queued while flushing the source manager.
[2020.01.10-14.36.09:661][437]LogWorld: UWorld::CleanupWorld for level1, bSessionEnded=true, bCleanupResources=true
[2020.01.10-14.36.09:662][437]LogSlate: InvalidateAllWidgets triggered.  All widgets were invalidated
[2020.01.10-14.36.09:821][437]LogPlayLevel: Display: Shutting down PIE online subsystems
[2020.01.10-14.36.09:821][437]LogBlueprintUserMessages: Late EndPlayMap Detection: Level '/Game/level1.level1:PersistentLevel' has LevelScriptBlueprint '/Game/level1.level1:PersistentLevel.level1' with GeneratedClass '/Game/level1.level1_C' with ClassGeneratedBy '/Game/level1.level1:PersistentLevel.level1'
[2020.01.10-14.36.09:832][437]LogSlate: InvalidateAllWidgets triggered.  All widgets were invalidated
[2020.01.10-14.36.09:912][437]LogAudioMixer: Display: No commands were queued while flushing the source manager.
[2020.01.10-14.36.09:929][437]LogSlate: Updating window title bar state: overlay mode, drag disabled, window buttons hidden, title bar hidden
[2020.01.10-14.36.09:963][437]LogUObjectHash: Compacting FUObjectHashTables data took   5.01ms
[2020.01.10-14.36.09:988][438]LogPlayLevel: Display: Destroying online subsystem :Context_15
[2020.01.10-14.36.40:789][121]LogEditorViewport: Clicking on Actor (double click): Landscape (Landscape)
[2020.01.10-14.36.41:155][132]LogEditorViewport: Clicking on Actor (double click): Landscape (Landscape)
[2020.01.10-14.36.41:421][140]LogEditorViewport: Clicking on Actor (double click): Landscape (Landscape)
[2020.01.10-14.36.44:986][248]Cmd: TRANSACTION UNDO
[2020.01.10-14.36.44:986][248]LogEditorTransaction: Undo Edición de follage
[2020.01.10-14.36.45:318][251]Cmd: TRANSACTION UNDO
[2020.01.10-14.36.45:318][251]LogEditorTransaction: Undo Edición de follage
[2020.01.10-14.36.52:171][471]Cmd: TRANSACTION UNDO
[2020.01.10-14.36.52:171][471]LogEditorTransaction: Undo Pinchar en los actores
[2020.01.10-14.36.56:848][540]LogAssetEditorSubsystem: Opening Asset editor for Blueprint /Game/Torres/props/Base.Base
[2020.01.10-14.36.57:058][540]LogContentBrowser: Native class hierarchy updated for 'BlueprintGraph' in 0.0005 seconds. Added 121 classes and 0 folders.
[2020.01.10-14.36.57:815][540]LogSlate: Took 0.000396 seconds to synchronously load lazily loaded font '../../../Engine/Content/Slate/Fonts/Roboto-BoldCondensed.ttf' (158K)
[2020.01.10-14.37.31:200][432]LogWorld: UWorld::CleanupWorld for World_15, bSessionEnded=true, bCleanupResources=true
[2020.01.10-14.37.31:200][432]LogSlate: InvalidateAllWidgets triggered.  All widgets were invalidated
[2020.01.10-14.37.39:714][543]LogSlate: Prevented a slow task dialog from being summoned while a context menu was open
[2020.01.10-14.37.39:714][543]LogAssetEditorSubsystem: Opening Asset editor for Blueprint /Game/Oleada/MiContenido/Spline/Veloz.Veloz
[2020.01.10-14.37.40:664][544]LogSlate: Took 0.000166 seconds to synchronously load lazily loaded font '../../../Engine/Content/Slate/Fonts/Roboto-Italic.ttf' (157K)
[2020.01.10-14.39.19:302][817]LogSlate: Window 'Tutoriales' being destroyed
[2020.01.10-14.39.56:630][358]LogEditorTransaction: Undo Añadir nodo
[2020.01.10-14.41.33:948][485]Cmd: OBJ SAVEPACKAGE PACKAGE="/Game/Oleada/MiContenido/Spline/Veloz" FILE="../../../../../../Users/rafab/Documents/GitHub/UGR-PGV/Videojuego/Content/Oleada/MiContenido/Spline/Veloz.uasset" SILENT=true
[2020.01.10-14.41.34:142][485]LogSavePackage: Moving '../../../../../../Users/rafab/Documents/GitHub/UGR-PGV/Videojuego/Saved/VelozC6FEB1C64BE0C77C9B07FEBFADC3AF42.tmp' to '../../../../../../Users/rafab/Documents/GitHub/UGR-PGV/Videojuego/Content/Oleada/MiContenido/Spline/Veloz.uasset'
[2020.01.10-14.41.34:167][485]AssetCheck: New page: Asset Save: Veloz
[2020.01.10-14.41.34:167][485]LogContentValidation: Display: Validating Blueprint /Game/Oleada/MiContenido/Spline/Veloz.Veloz
[2020.01.10-14.41.34:683][492]BlueprintLog: New page: Compilar Veloz
[2020.01.10-14.41.34:973][492]LogUObjectHash: Compacting FUObjectHashTables data took   3.57ms
[2020.01.10-14.41.51:669][762]LogSlate: Window 'Veloz' being destroyed
[2020.01.10-14.41.51:846][762]LogWorld: UWorld::CleanupWorld for World_16, bSessionEnded=true, bCleanupResources=true
[2020.01.10-14.41.51:846][762]LogSlate: InvalidateAllWidgets triggered.  All widgets were invalidated
[2020.01.10-14.42.01:330][901]LogSlate: Prevented a slow task dialog from being summoned while a context menu was open
[2020.01.10-14.42.01:330][901]LogAssetEditorSubsystem: Opening Asset editor for Blueprint /Game/Oleada/MiContenido/Spline/tanke.tanke
[2020.01.10-14.42.17:951][132]LogSlate: Prevented a slow task dialog from being summoned while a context menu was open
[2020.01.10-14.42.40:206][363]Cmd: OBJ SAVEPACKAGE PACKAGE="/Game/Oleada/MiContenido/Spline/tanke" FILE="../../../../../../Users/rafab/Documents/GitHub/UGR-PGV/Videojuego/Content/Oleada/MiContenido/Spline/tanke.uasset" SILENT=true
[2020.01.10-14.42.40:477][363]LogSavePackage: Moving '../../../../../../Users/rafab/Documents/GitHub/UGR-PGV/Videojuego/Saved/tanke51BEB4824F4EF7F6B7E3768559ED00D3.tmp' to '../../../../../../Users/rafab/Documents/GitHub/UGR-PGV/Videojuego/Content/Oleada/MiContenido/Spline/tanke.uasset'
[2020.01.10-14.42.40:532][363]AssetCheck: New page: Asset Save: tanke
[2020.01.10-14.42.40:532][363]LogContentValidation: Display: Validating Blueprint /Game/Oleada/MiContenido/Spline/tanke.tanke
[2020.01.10-14.42.40:944][369]BlueprintLog: New page: Compilar tanke
[2020.01.10-14.42.41:190][369]LogUObjectHash: Compacting FUObjectHashTables data took   3.36ms
[2020.01.10-14.42.43:474][418]LogSlate: Window 'tanke' being destroyed
[2020.01.10-14.42.43:581][418]LogWorld: UWorld::CleanupWorld for World_17, bSessionEnded=true, bCleanupResources=true
[2020.01.10-14.42.43:581][418]LogSlate: InvalidateAllWidgets triggered.  All widgets were invalidated
[2020.01.10-14.42.55:471][655]LogSlate: Prevented a slow task dialog from being summoned while a context menu was open
[2020.01.10-14.42.55:471][655]LogAssetEditorSubsystem: Opening Asset editor for Blueprint /Game/Oleada/MiContenido/Spline/Boss.Boss
[2020.01.10-14.43.03:390][803]LogEditorTransaction: Undo Paste clipboard contents
[2020.01.10-14.43.18:050][ 14]Cmd: OBJ SAVEPACKAGE PACKAGE="/Game/Oleada/MiContenido/Spline/Boss" FILE="../../../../../../Users/rafab/Documents/GitHub/UGR-PGV/Videojuego/Content/Oleada/MiContenido/Spline/Boss.uasset" SILENT=true
[2020.01.10-14.43.18:283][ 14]LogSavePackage: Moving '../../../../../../Users/rafab/Documents/GitHub/UGR-PGV/Videojuego/Saved/BossCD19648B4B42F00E9C9BED98C760FA4F.tmp' to '../../../../../../Users/rafab/Documents/GitHub/UGR-PGV/Videojuego/Content/Oleada/MiContenido/Spline/Boss.uasset'
[2020.01.10-14.43.18:349][ 14]AssetCheck: New page: Asset Save: Boss
[2020.01.10-14.43.18:349][ 14]LogContentValidation: Display: Validating Blueprint /Game/Oleada/MiContenido/Spline/Boss.Boss
[2020.01.10-14.43.18:852][ 21]BlueprintLog: New page: Compilar Boss
[2020.01.10-14.43.19:141][ 21]LogUObjectHash: Compacting FUObjectHashTables data took   3.34ms
[2020.01.10-14.43.22:954][111]LogSlate: Window 'Boss' being destroyed
[2020.01.10-14.43.23:060][111]LogWorld: UWorld::CleanupWorld for World_18, bSessionEnded=true, bCleanupResources=true
[2020.01.10-14.43.23:060][111]LogSlate: InvalidateAllWidgets triggered.  All widgets were invalidated
[2020.01.10-14.43.34:661][278]LogEditorViewport: Clicking on Actor (LMB): Landscape (Landscape)
[2020.01.10-14.43.41:832][443]Cmd: OBJ SAVEPACKAGE PACKAGE="/Game/level1" FILE="../../../../../../Users/rafab/Documents/GitHub/UGR-PGV/Videojuego/Content/level1.umap" SILENT=true AUTOSAVING=false KEEPDIRTY=false
[2020.01.10-14.43.41:914][443]LogUObjectHash: Compacting FUObjectHashTables data took   7.64ms
[2020.01.10-14.43.43:119][443]LogSavePackage: Moving '../../../../../../Users/rafab/Documents/GitHub/UGR-PGV/Videojuego/Saved/level1DE1230E342AEA9E0EB1097BB2CFDC4B7.tmp' to '../../../../../../Users/rafab/Documents/GitHub/UGR-PGV/Videojuego/Content/level1.umap'
[2020.01.10-14.43.43:306][443]AssetCheck: New page: Asset Save: level1
[2020.01.10-14.43.43:306][443]LogContentValidation: Display: Validating World /Game/level1.level1
[2020.01.10-14.44.26:073][654]LogMaterial: Display: Missing cached shader map for material LayerVisMaterial, compiling. 
[2020.01.10-14.44.26:227][654]LogShaderCompilers: Display: Worker (1/9): shaders left to compile 8
[2020.01.10-14.44.26:227][654]LogShaderCompilers: Display: Worker (2/9): shaders left to compile 6
[2020.01.10-14.44.26:227][654]LogShaderCompilers: Display: Worker (3/9): shaders left to compile 4
[2020.01.10-14.44.26:227][654]LogShaderCompilers: Display: Worker (4/9): shaders left to compile 2
[2020.01.10-14.44.26:227][654]LogMaterial: Display: Missing cached shader map for material SelectBrushMaterial, compiling. 
[2020.01.10-14.44.26:339][654]LogShaderCompilers: Display: Worker (5/9): shaders left to compile 20
[2020.01.10-14.44.26:339][654]LogShaderCompilers: Display: Worker (6/9): shaders left to compile 17
[2020.01.10-14.44.26:339][654]LogShaderCompilers: Display: Worker (7/9): shaders left to compile 14
[2020.01.10-14.44.26:339][654]LogShaderCompilers: Display: Worker (8/9): shaders left to compile 11
[2020.01.10-14.44.26:339][654]LogMaterial: Display: Missing cached shader map for material SelectBrushMaterial, compiling. 
[2020.01.10-14.44.26:508][654]LogMaterial: Display: Missing cached shader map for material MaskBrushMaterial, compiling. 
[2020.01.10-14.44.26:576][654]LogMaterial: Display: Missing cached shader map for material ColorMaskBrushMaterial, compiling. 
[2020.01.10-14.44.26:648][654]LogMaterial: Display: Missing cached shader map for material LandscapeDirtyMaterial, compiling. 
[2020.01.10-14.44.26:749][654]LogMaterial: Display: Missing cached shader map for material LandscapeLayerUsageMaterial, compiling. 
[2020.01.10-14.44.27:040][654]LogMaterial: Display: Missing cached shader map for material CircleBrushMaterial, compiling. 
[2020.01.10-14.44.27:083][654]LogMaterial: Display: Missing cached shader map for material CircleBrushMaterial, compiling. 
[2020.01.10-14.44.27:167][654]LogMaterial: Display: Missing cached shader map for material CircleBrushMaterial, compiling. 
[2020.01.10-14.44.27:252][654]LogShaderCompilers: Display: Worker (3/9): shaders left to compile 156
[2020.01.10-14.44.27:252][654]LogShaderCompilers: Display: Worker (1/9): shaders left to compile 146
[2020.01.10-14.44.27:252][654]LogMaterial: Display: Missing cached shader map for material CircleBrushMaterial, compiling. 
[2020.01.10-14.44.27:355][654]LogMaterial: Display: Missing cached shader map for material AlphaBrushMaterial, compiling. 
[2020.01.10-14.44.27:454][654]LogMaterial: Display: Missing cached shader map for material CircleBrushMaterial, compiling. 
[2020.01.10-14.44.27:503][654]LogShaderCompilers: Display: Worker (4/9): shaders left to compile 196
[2020.01.10-14.44.27:504][654]LogMaterial: Display: Missing cached shader map for material SelectBrushMaterial, compiling. 
[2020.01.10-14.44.27:575][654]LogShaderCompilers: Display: Worker (2/9): shaders left to compile 206
[2020.01.10-14.44.27:575][654]LogShaderCompilers: Display: Worker (5/9): shaders left to compile 196
[2020.01.10-14.44.27:576][654]LogShaderCompilers: Display: Worker (6/9): shaders left to compile 186
[2020.01.10-14.44.27:576][654]LogMaterial: Display: Missing cached shader map for material MaskBrushMaterial, compiling. 
[2020.01.10-14.44.27:789][654]LogMaterial: Display: Missing cached shader map for material LandscapeMaterial, compiling. 
[2020.01.10-14.44.27:859][654]LogMaterial: Display: Missing cached shader map for material LandscapeMaterial, compiling. 
[2020.01.10-14.44.27:893][654]LogMaterial: Display: Missing cached shader map for material LandscapeMaterial, compiling. 
[2020.01.10-14.44.27:918][654]LogMaterial: Display: Missing cached shader map for material LandscapeMaterial, compiling. 
[2020.01.10-14.44.27:973][654]LogTexture: Display: Building textures: Texture2D_2 (G8, 128X128)
[2020.01.10-14.44.28:304][655]LogShaderCompilers: Display: Worker (8/9): shaders left to compile 220
[2020.01.10-14.44.28:964][668]LogShaderCompilers: Display: Worker (7/9): shaders left to compile 210
[2020.01.10-14.44.33:240][735]LogShaderCompilers: Display: Worker (3/9): shaders left to compile 200
[2020.01.10-14.44.33:461][738]LogShaderCompilers: Display: Worker (1/9): shaders left to compile 190
[2020.01.10-14.44.33:512][739]LogShaderCompilers: Display: Worker (4/9): shaders left to compile 180
[2020.01.10-14.44.33:583][740]LogShaderCompilers: Display: Worker (5/9): shaders left to compile 170
[2020.01.10-14.44.33:773][743]LogShaderCompilers: Display: Worker (6/9): shaders left to compile 160
[2020.01.10-14.44.33:789][743]LogShaderCompilers: Display: Worker (2/9): shaders left to compile 150
[2020.01.10-14.44.34:402][752]LogShaderCompilers: Display: Worker (8/9): shaders left to compile 140
[2020.01.10-14.44.35:164][764]LogShaderCompilers: Display: Worker (7/9): shaders left to compile 130
[2020.01.10-14.44.41:806][857]LogShaderCompilers: Display: Worker (1/9): shaders left to compile 120
[2020.01.10-14.44.42:277][864]LogShaderCompilers: Display: Worker (3/9): shaders left to compile 110
[2020.01.10-14.44.42:661][870]LogShaderCompilers: Display: Worker (5/9): shaders left to compile 100
[2020.01.10-14.44.42:852][873]LogShaderCompilers: Display: Worker (4/9): shaders left to compile 90
[2020.01.10-14.44.43:011][875]LogShaderCompilers: Display: Worker (6/9): shaders left to compile 80
[2020.01.10-14.44.43:022][875]LogShaderCompilers: Display: Worker (2/9): shaders left to compile 70
[2020.01.10-14.44.43:581][884]LogShaderCompilers: Display: Worker (8/9): shaders left to compile 61
[2020.01.10-14.44.44:438][897]LogShaderCompilers: Display: Worker (7/9): shaders left to compile 53
[2020.01.10-14.44.51:683][  6]LogShaderCompilers: Display: Worker (7/9): shaders left to compile 46
[2020.01.10-14.44.52:079][ 12]LogShaderCompilers: Display: Worker (1/9): shaders left to compile 40
[2020.01.10-14.44.52:236][ 14]LogShaderCompilers: Display: Worker (3/9): shaders left to compile 34
[2020.01.10-14.44.52:496][ 18]LogShaderCompilers: Display: Worker (5/9): shaders left to compile 29
[2020.01.10-14.44.52:533][ 19]LogShaderCompilers: Display: Worker (8/9): shaders left to compile 25
[2020.01.10-14.44.52:544][ 19]LogShaderCompilers: Display: Worker (2/9): shaders left to compile 21
[2020.01.10-14.44.52:570][ 19]LogShaderCompilers: Display: Worker (4/9): shaders left to compile 18
[2020.01.10-14.44.53:057][ 27]LogShaderCompilers: Display: Worker (6/9): shaders left to compile 15
[2020.01.10-14.44.54:211][ 44]LogShaderCompilers: Display: Worker (3/9): shaders left to compile 13
[2020.01.10-14.44.54:868][ 54]LogShaderCompilers: Display: Worker (6/9): shaders left to compile 11
[2020.01.10-14.44.55:097][ 58]LogShaderCompilers: Display: Worker (2/9): shaders left to compile 9
[2020.01.10-14.44.55:321][ 61]LogShaderCompilers: Display: Worker (4/9): shaders left to compile 7
[2020.01.10-14.44.55:773][ 68]LogShaderCompilers: Display: Worker (7/9): shaders left to compile 6
[2020.01.10-14.44.56:160][ 74]LogShaderCompilers: Display: Worker (5/9): shaders left to compile 5
[2020.01.10-14.44.56:312][ 76]LogShaderCompilers: Display: Worker (4/9): shaders left to compile 4
[2020.01.10-14.44.56:333][ 77]LogShaderCompilers: Display: Worker (3/9): shaders left to compile 3
[2020.01.10-14.44.56:334][ 77]LogShaderCompilers: Display: Worker (8/9): shaders left to compile 2
[2020.01.10-14.44.56:936][ 86]LogShaderCompilers: Display: Worker (7/9): shaders left to compile 1
